info: ::1 - - [20/Aug/2024:06:22:58 +0000] "POST /api/v1/users/ HTTP/1.1" 201 319 "-" "PostmanRuntime/7.41.1"

info: ::1 - - [20/Aug/2024:06:23:10 +0000] "POST /api/v1/users/login HTTP/1.1" 200 495 "-" "PostmanRuntime/7.41.1"

info: ::1 - - [20/Aug/2024:06:23:28 +0000] "GET /api/v1/books/3 HTTP/1.1" 200 112 "-" "PostmanRuntime/7.41.1"

info: ::1 - - [20/Aug/2024:06:24:34 +0000] "GET /api/v1/books/3 HTTP/1.1" 200 112 "-" "PostmanRuntime/7.41.1"

info: ::1 - - [20/Aug/2024:06:24:45 +0000] "GET /api/v1/books/3 HTTP/1.1" 200 112 "-" "PostmanRuntime/7.41.1"

info: ::1 - - [20/Aug/2024:06:24:52 +0000] "POST /api/v1/users/login HTTP/1.1" 200 495 "-" "PostmanRuntime/7.41.1"

info: ::1 - - [20/Aug/2024:06:25:05 +0000] "GET /api/v1/books/3 HTTP/1.1" 200 112 "-" "PostmanRuntime/7.41.1"

info: ::1 - - [20/Aug/2024:06:26:31 +0000] "GET /api/v1/books/3 HTTP/1.1" 200 112 "-" "PostmanRuntime/7.41.1"

info: ::1 - - [20/Aug/2024:06:26:37 +0000] "GET /api/v1/books/3 HTTP/1.1" 200 112 "-" "PostmanRuntime/7.41.1"

info: ::1 - - [20/Aug/2024:06:27:29 +0000] "GET /api/v1/books/3 HTTP/1.1" 200 112 "-" "PostmanRuntime/7.41.1"

info: ::1 - - [20/Aug/2024:06:30:18 +0000] "GET /api/v1/books/3 HTTP/1.1" 200 112 "-" "PostmanRuntime/7.41.1"

info: ::1 - - [20/Aug/2024:06:30:58 +0000] "GET /api/v1/books/3 HTTP/1.1" 200 112 "-" "PostmanRuntime/7.41.1"

info: ::1 - - [20/Aug/2024:06:30:59 +0000] "GET /api/v1/books/3 HTTP/1.1" 200 112 "-" "PostmanRuntime/7.41.1"

info: ::1 - - [20/Aug/2024:06:31:58 +0000] "POST /api/v1/users/login HTTP/1.1" 200 497 "-" "PostmanRuntime/7.41.1"

info: ::1 - - [20/Aug/2024:06:32:12 +0000] "GET /api/v1/books/admin/3 HTTP/1.1" 202 285 "-" "PostmanRuntime/7.41.1"

info: ::1 - - [20/Aug/2024:06:33:33 +0000] "POST /api/v1/users/login HTTP/1.1" 200 79 "-" "PostmanRuntime/7.41.1"

info: ::1 - - [20/Aug/2024:06:33:39 +0000] "POST /api/v1/users/login HTTP/1.1" 200 495 "-" "PostmanRuntime/7.41.1"

info: ::1 - - [20/Aug/2024:06:33:49 +0000] "GET /api/v1/books/3 HTTP/1.1" 202 285 "-" "PostmanRuntime/7.41.1"

info: ::1 - - [20/Aug/2024:06:34:21 +0000] "GET /api/v1/cart/ HTTP/1.1" 200 65 "-" "PostmanRuntime/7.41.1"

info: ::1 - - [20/Aug/2024:06:34:31 +0000] "POST /api/v1/cart/ HTTP/1.1" 500 46 "-" "PostmanRuntime/7.41.1"

info: ::1 - - [20/Aug/2024:06:34:36 +0000] "POST /api/v1/cart/ HTTP/1.1" 200 196 "-" "PostmanRuntime/7.41.1"

info: ::1 - - [20/Aug/2024:06:34:47 +0000] "POST /api/v1/cart/ HTTP/1.1" 200 196 "-" "PostmanRuntime/7.41.1"

info: ::1 - - [20/Aug/2024:06:34:51 +0000] "GET /api/v1/cart/ HTTP/1.1" 200 332 "-" "PostmanRuntime/7.41.1"

info: ::1 - - [20/Aug/2024:06:36:41 +0000] "POST /api/v1/order/ HTTP/1.1" 200 196 "-" "PostmanRuntime/7.41.1"

info: ::1 - - [20/Aug/2024:06:39:32 +0000] "GET /api/v1/order/ HTTP/1.1" 201 193 "-" "PostmanRuntime/7.41.1"

info: ::1 - - [20/Aug/2024:08:18:59 +0000] "POST /api/v1/users/login HTTP/1.1" 200 497 "-" "PostmanRuntime/7.41.1"

info: ::1 - - [20/Aug/2024:08:19:20 +0000] "GET /api/v1/books/ HTTP/1.1" 200 112 "-" "PostmanRuntime/7.41.1"

info: ::1 - - [20/Aug/2024:08:19:27 +0000] "GET /api/v1/books/admin HTTP/1.1" 200 974 "-" "PostmanRuntime/7.41.1"

info: ::1 - - [20/Aug/2024:08:19:59 +0000] "POST /api/v1/users/login HTTP/1.1" 200 495 "-" "PostmanRuntime/7.41.1"

info: ::1 - - [20/Aug/2024:08:21:01 +0000] "POST /api/v1/cart/ HTTP/1.1" 200 196 "-" "PostmanRuntime/7.41.1"

info: ::1 - - [20/Aug/2024:08:21:09 +0000] "GET /api/v1/books/admin HTTP/1.1" 200 974 "-" "PostmanRuntime/7.41.1"

info: ::1 - - [20/Aug/2024:08:22:02 +0000] "POST /api/v1/cart/ HTTP/1.1" 200 196 "-" "PostmanRuntime/7.41.1"

info: ::1 - - [20/Aug/2024:08:22:08 +0000] "GET /api/v1/books/admin HTTP/1.1" 200 973 "-" "PostmanRuntime/7.41.1"

info: ::1 - - [20/Aug/2024:08:22:44 +0000] "POST /api/v1/cart/ HTTP/1.1" 200 196 "-" "PostmanRuntime/7.41.1"

info: ::1 - - [20/Aug/2024:08:22:52 +0000] "GET /api/v1/books/admin HTTP/1.1" 200 973 "-" "PostmanRuntime/7.41.1"

info: ::1 - - [20/Aug/2024:08:23:07 +0000] "GET /api/v1/books/admin HTTP/1.1" 200 973 "-" "PostmanRuntime/7.41.1"

info: ::1 - - [20/Aug/2024:08:23:25 +0000] "POST /api/v1/cart/ HTTP/1.1" 200 196 "-" "PostmanRuntime/7.41.1"

info: ::1 - - [20/Aug/2024:08:23:42 +0000] "GET /api/v1/books/admin HTTP/1.1" 200 973 "-" "PostmanRuntime/7.41.1"

info: ::1 - - [20/Aug/2024:08:24:07 +0000] "POST /api/v1/cart/ HTTP/1.1" 200 196 "-" "PostmanRuntime/7.41.1"

info: ::1 - - [20/Aug/2024:08:24:15 +0000] "GET /api/v1/books/admin HTTP/1.1" 200 972 "-" "PostmanRuntime/7.41.1"

info: ::1 - - [20/Aug/2024:08:36:50 +0000] "GET /api/v1/ HTTP/1.1" 304 - "-" "Mozilla/5.0 (Windows NT 10.0; Win64; x64) AppleWebKit/537.36 (KHTML, like Gecko) Chrome/127.0.0.0 Safari/537.36"

info: ::1 - - [20/Aug/2024:08:36:50 +0000] "GET /favicon.ico HTTP/1.1" 404 47 "-" "Mozilla/5.0 (Windows NT 10.0; Win64; x64) AppleWebKit/537.36 (KHTML, like Gecko) Chrome/127.0.0.0 Safari/537.36"

info: ::1 - - [20/Aug/2024:08:36:50 +0000] "GET /api/v1/ HTTP/1.1" 200 9 "-" "Mozilla/5.0 (Windows NT 10.0; Win64; x64) AppleWebKit/537.36 (KHTML, like Gecko) Chrome/127.0.0.0 Safari/537.36"

info: ::1 - - [20/Aug/2024:08:36:56 +0000] "GET /api-docs/ HTTP/1.1" 304 - "-" "Mozilla/5.0 (Windows NT 10.0; Win64; x64) AppleWebKit/537.36 (KHTML, like Gecko) Chrome/127.0.0.0 Safari/537.36"

info: ::1 - - [20/Aug/2024:08:36:56 +0000] "GET /api-docs/swagger-ui-init.js HTTP/1.1" 200 11775 "-" "Mozilla/5.0 (Windows NT 10.0; Win64; x64) AppleWebKit/537.36 (KHTML, like Gecko) Chrome/127.0.0.0 Safari/537.36"

info: ::1 - - [20/Aug/2024:08:36:56 +0000] "GET /api-docs/swagger-ui.css HTTP/1.1" 200 152071 "-" "Mozilla/5.0 (Windows NT 10.0; Win64; x64) AppleWebKit/537.36 (KHTML, like Gecko) Chrome/127.0.0.0 Safari/537.36"

info: ::1 - - [20/Aug/2024:08:36:56 +0000] "GET /api-docs/swagger-ui-standalone-preset.js HTTP/1.1" 200 230293 "-" "Mozilla/5.0 (Windows NT 10.0; Win64; x64) AppleWebKit/537.36 (KHTML, like Gecko) Chrome/127.0.0.0 Safari/537.36"

info: ::1 - - [20/Aug/2024:08:36:56 +0000] "GET /api-docs/swagger-ui-bundle.js HTTP/1.1" 200 1452753 "-" "Mozilla/5.0 (Windows NT 10.0; Win64; x64) AppleWebKit/537.36 (KHTML, like Gecko) Chrome/127.0.0.0 Safari/537.36"

info: ::1 - - [20/Aug/2024:08:36:56 +0000] "GET /api-docs/ HTTP/1.1" 304 - "-" "Mozilla/5.0 (Windows NT 10.0; Win64; x64) AppleWebKit/537.36 (KHTML, like Gecko) Chrome/127.0.0.0 Safari/537.36"

info: ::1 - - [20/Aug/2024:08:36:57 +0000] "GET /api-docs/favicon-32x32.png HTTP/1.1" 200 628 "-" "Mozilla/5.0 (Windows NT 10.0; Win64; x64) AppleWebKit/537.36 (KHTML, like Gecko) Chrome/127.0.0.0 Safari/537.36"

info: ::1 - - [20/Aug/2024:08:37:19 +0000] "GET /api-docs/ HTTP/1.1" 304 - "-" "Mozilla/5.0 (Windows NT 10.0; Win64; x64) AppleWebKit/537.36 (KHTML, like Gecko) Chrome/127.0.0.0 Safari/537.36"

info: ::1 - - [20/Aug/2024:08:37:19 +0000] "GET /api-docs/swagger-ui.css HTTP/1.1" 304 - "-" "Mozilla/5.0 (Windows NT 10.0; Win64; x64) AppleWebKit/537.36 (KHTML, like Gecko) Chrome/127.0.0.0 Safari/537.36"

info: ::1 - - [20/Aug/2024:08:37:19 +0000] "GET /api-docs/swagger-ui-bundle.js HTTP/1.1" 304 - "-" "Mozilla/5.0 (Windows NT 10.0; Win64; x64) AppleWebKit/537.36 (KHTML, like Gecko) Chrome/127.0.0.0 Safari/537.36"

info: ::1 - - [20/Aug/2024:08:37:19 +0000] "GET /api-docs/swagger-ui-standalone-preset.js HTTP/1.1" 304 - "-" "Mozilla/5.0 (Windows NT 10.0; Win64; x64) AppleWebKit/537.36 (KHTML, like Gecko) Chrome/127.0.0.0 Safari/537.36"

info: ::1 - - [20/Aug/2024:08:37:19 +0000] "GET /api-docs/swagger-ui-init.js HTTP/1.1" 200 11753 "-" "Mozilla/5.0 (Windows NT 10.0; Win64; x64) AppleWebKit/537.36 (KHTML, like Gecko) Chrome/127.0.0.0 Safari/537.36"

info: ::1 - - [20/Aug/2024:08:37:19 +0000] "GET /api-docs/ HTTP/1.1" 304 - "-" "Mozilla/5.0 (Windows NT 10.0; Win64; x64) AppleWebKit/537.36 (KHTML, like Gecko) Chrome/127.0.0.0 Safari/537.36"

info: ::1 - - [20/Aug/2024:08:37:19 +0000] "GET /api-docs/favicon-32x32.png HTTP/1.1" 304 - "-" "Mozilla/5.0 (Windows NT 10.0; Win64; x64) AppleWebKit/537.36 (KHTML, like Gecko) Chrome/127.0.0.0 Safari/537.36"

info: ::1 - - [20/Aug/2024:08:37:48 +0000] "GET /api/v1/api/$v1/ HTTP/1.1" 404 47 "-" "Mozilla/5.0 (Windows NT 10.0; Win64; x64) AppleWebKit/537.36 (KHTML, like Gecko) Chrome/127.0.0.0 Safari/537.36"

info: ::1 - - [20/Aug/2024:08:37:50 +0000] "GET /api/v1/api/$v1/ HTTP/1.1" 404 47 "-" "Mozilla/5.0 (Windows NT 10.0; Win64; x64) AppleWebKit/537.36 (KHTML, like Gecko) Chrome/127.0.0.0 Safari/537.36"

info: ::1 - - [20/Aug/2024:08:38:06 +0000] "GET /api/v1/api/$1/ HTTP/1.1" 404 47 "-" "Mozilla/5.0 (Windows NT 10.0; Win64; x64) AppleWebKit/537.36 (KHTML, like Gecko) Chrome/127.0.0.0 Safari/537.36"

info: ::1 - - [20/Aug/2024:08:38:39 +0000] "GET /api-docs/ HTTP/1.1" 304 - "-" "Mozilla/5.0 (Windows NT 10.0; Win64; x64) AppleWebKit/537.36 (KHTML, like Gecko) Chrome/127.0.0.0 Safari/537.36"

info: ::1 - - [20/Aug/2024:08:38:39 +0000] "GET /api-docs/swagger-ui.css HTTP/1.1" 304 - "-" "Mozilla/5.0 (Windows NT 10.0; Win64; x64) AppleWebKit/537.36 (KHTML, like Gecko) Chrome/127.0.0.0 Safari/537.36"

info: ::1 - - [20/Aug/2024:08:38:39 +0000] "GET /api-docs/swagger-ui-standalone-preset.js HTTP/1.1" 304 - "-" "Mozilla/5.0 (Windows NT 10.0; Win64; x64) AppleWebKit/537.36 (KHTML, like Gecko) Chrome/127.0.0.0 Safari/537.36"

info: ::1 - - [20/Aug/2024:08:38:39 +0000] "GET /api-docs/swagger-ui-init.js HTTP/1.1" 200 11581 "-" "Mozilla/5.0 (Windows NT 10.0; Win64; x64) AppleWebKit/537.36 (KHTML, like Gecko) Chrome/127.0.0.0 Safari/537.36"

info: ::1 - - [20/Aug/2024:08:38:40 +0000] "GET /api-docs/swagger-ui-bundle.js HTTP/1.1" 304 - "-" "Mozilla/5.0 (Windows NT 10.0; Win64; x64) AppleWebKit/537.36 (KHTML, like Gecko) Chrome/127.0.0.0 Safari/537.36"

info: ::1 - - [20/Aug/2024:08:38:40 +0000] "GET /api-docs/ HTTP/1.1" 304 - "-" "Mozilla/5.0 (Windows NT 10.0; Win64; x64) AppleWebKit/537.36 (KHTML, like Gecko) Chrome/127.0.0.0 Safari/537.36"

info: ::1 - - [20/Aug/2024:08:38:40 +0000] "GET /api-docs/favicon-32x32.png HTTP/1.1" 304 - "-" "Mozilla/5.0 (Windows NT 10.0; Win64; x64) AppleWebKit/537.36 (KHTML, like Gecko) Chrome/127.0.0.0 Safari/537.36"

info: ::1 - - [20/Aug/2024:08:38:45 +0000] "GET /api/v1/api/$%7Bthis.api_version%7D/ HTTP/1.1" 404 47 "-" "Mozilla/5.0 (Windows NT 10.0; Win64; x64) AppleWebKit/537.36 (KHTML, like Gecko) Chrome/127.0.0.0 Safari/537.36"

info: ::ffff:127.0.0.1 - - [20/Aug/2024:08:40:26 +0000] "GET /api-docs/ HTTP/1.1" 304 - "-" "Mozilla/5.0 (Windows NT 10.0; Win64; x64) AppleWebKit/537.36 (KHTML, like Gecko) Chrome/127.0.0.0 Safari/537.36"

info: ::ffff:127.0.0.1 - - [20/Aug/2024:08:40:26 +0000] "GET /api-docs/swagger-ui.css HTTP/1.1" 304 - "-" "Mozilla/5.0 (Windows NT 10.0; Win64; x64) AppleWebKit/537.36 (KHTML, like Gecko) Chrome/127.0.0.0 Safari/537.36"

info: ::1 - - [20/Aug/2024:08:40:26 +0000] "GET /api-docs/swagger-ui-bundle.js HTTP/1.1" 304 - "-" "Mozilla/5.0 (Windows NT 10.0; Win64; x64) AppleWebKit/537.36 (KHTML, like Gecko) Chrome/127.0.0.0 Safari/537.36"

info: ::1 - - [20/Aug/2024:08:40:26 +0000] "GET /api-docs/swagger-ui-standalone-preset.js HTTP/1.1" 304 - "-" "Mozilla/5.0 (Windows NT 10.0; Win64; x64) AppleWebKit/537.36 (KHTML, like Gecko) Chrome/127.0.0.0 Safari/537.36"

info: ::1 - - [20/Aug/2024:08:40:26 +0000] "GET /api-docs/swagger-ui-init.js HTTP/1.1" 200 11345 "-" "Mozilla/5.0 (Windows NT 10.0; Win64; x64) AppleWebKit/537.36 (KHTML, like Gecko) Chrome/127.0.0.0 Safari/537.36"

info: ::1 - - [20/Aug/2024:08:40:27 +0000] "GET /api-docs/ HTTP/1.1" 304 - "-" "Mozilla/5.0 (Windows NT 10.0; Win64; x64) AppleWebKit/537.36 (KHTML, like Gecko) Chrome/127.0.0.0 Safari/537.36"

info: ::1 - - [20/Aug/2024:08:40:27 +0000] "GET /api-docs/favicon-32x32.png HTTP/1.1" 304 - "-" "Mozilla/5.0 (Windows NT 10.0; Win64; x64) AppleWebKit/537.36 (KHTML, like Gecko) Chrome/127.0.0.0 Safari/537.36"

info: ::ffff:127.0.0.1 - - [20/Aug/2024:08:40:34 +0000] "GET /api/v1/ HTTP/1.1" 304 - "-" "Mozilla/5.0 (Windows NT 10.0; Win64; x64) AppleWebKit/537.36 (KHTML, like Gecko) Chrome/127.0.0.0 Safari/537.36"

info: ::1 - - [20/Aug/2024:08:41:59 +0000] "GET /api-docs/ HTTP/1.1" 304 - "-" "Mozilla/5.0 (Windows NT 10.0; Win64; x64) AppleWebKit/537.36 (KHTML, like Gecko) Chrome/127.0.0.0 Safari/537.36"

info: ::1 - - [20/Aug/2024:08:41:59 +0000] "GET /api-docs/swagger-ui.css HTTP/1.1" 304 - "-" "Mozilla/5.0 (Windows NT 10.0; Win64; x64) AppleWebKit/537.36 (KHTML, like Gecko) Chrome/127.0.0.0 Safari/537.36"

info: ::1 - - [20/Aug/2024:08:41:59 +0000] "GET /api-docs/swagger-ui-init.js HTTP/1.1" 200 11203 "-" "Mozilla/5.0 (Windows NT 10.0; Win64; x64) AppleWebKit/537.36 (KHTML, like Gecko) Chrome/127.0.0.0 Safari/537.36"

info: ::1 - - [20/Aug/2024:08:41:59 +0000] "GET /api-docs/swagger-ui-bundle.js HTTP/1.1" 304 - "-" "Mozilla/5.0 (Windows NT 10.0; Win64; x64) AppleWebKit/537.36 (KHTML, like Gecko) Chrome/127.0.0.0 Safari/537.36"

info: ::1 - - [20/Aug/2024:08:41:59 +0000] "GET /api-docs/swagger-ui-standalone-preset.js HTTP/1.1" 304 - "-" "Mozilla/5.0 (Windows NT 10.0; Win64; x64) AppleWebKit/537.36 (KHTML, like Gecko) Chrome/127.0.0.0 Safari/537.36"

info: ::1 - - [20/Aug/2024:08:41:59 +0000] "GET /api-docs/ HTTP/1.1" 304 - "-" "Mozilla/5.0 (Windows NT 10.0; Win64; x64) AppleWebKit/537.36 (KHTML, like Gecko) Chrome/127.0.0.0 Safari/537.36"

info: ::1 - - [20/Aug/2024:08:41:59 +0000] "GET /api-docs/favicon-32x32.png HTTP/1.1" 304 - "-" "Mozilla/5.0 (Windows NT 10.0; Win64; x64) AppleWebKit/537.36 (KHTML, like Gecko) Chrome/127.0.0.0 Safari/537.36"

info: ::1 - - [20/Aug/2024:08:52:57 +0000] "GET /api-docs/ HTTP/1.1" 304 - "-" "Mozilla/5.0 (Windows NT 10.0; Win64; x64) AppleWebKit/537.36 (KHTML, like Gecko) Chrome/127.0.0.0 Safari/537.36"

info: ::1 - - [20/Aug/2024:08:52:57 +0000] "GET /api-docs/swagger-ui.css HTTP/1.1" 304 - "-" "Mozilla/5.0 (Windows NT 10.0; Win64; x64) AppleWebKit/537.36 (KHTML, like Gecko) Chrome/127.0.0.0 Safari/537.36"

info: ::1 - - [20/Aug/2024:08:52:57 +0000] "GET /api-docs/swagger-ui-init.js HTTP/1.1" 200 12584 "-" "Mozilla/5.0 (Windows NT 10.0; Win64; x64) AppleWebKit/537.36 (KHTML, like Gecko) Chrome/127.0.0.0 Safari/537.36"

info: ::1 - - [20/Aug/2024:08:52:57 +0000] "GET /api-docs/swagger-ui-bundle.js HTTP/1.1" 304 - "-" "Mozilla/5.0 (Windows NT 10.0; Win64; x64) AppleWebKit/537.36 (KHTML, like Gecko) Chrome/127.0.0.0 Safari/537.36"

info: ::1 - - [20/Aug/2024:08:52:57 +0000] "GET /api-docs/swagger-ui-standalone-preset.js HTTP/1.1" 304 - "-" "Mozilla/5.0 (Windows NT 10.0; Win64; x64) AppleWebKit/537.36 (KHTML, like Gecko) Chrome/127.0.0.0 Safari/537.36"

info: ::1 - - [20/Aug/2024:08:52:58 +0000] "GET /api-docs/favicon-32x32.png HTTP/1.1" 304 - "-" "Mozilla/5.0 (Windows NT 10.0; Win64; x64) AppleWebKit/537.36 (KHTML, like Gecko) Chrome/127.0.0.0 Safari/537.36"

info: ::1 - - [20/Aug/2024:08:52:58 +0000] "GET /api-docs/ HTTP/1.1" 304 - "-" "Mozilla/5.0 (Windows NT 10.0; Win64; x64) AppleWebKit/537.36 (KHTML, like Gecko) Chrome/127.0.0.0 Safari/537.36"

info: ::1 - - [20/Aug/2024:08:56:47 +0000] "GET /api-docs/ HTTP/1.1" 304 - "-" "Mozilla/5.0 (Windows NT 10.0; Win64; x64) AppleWebKit/537.36 (KHTML, like Gecko) Chrome/127.0.0.0 Safari/537.36"

info: ::1 - - [20/Aug/2024:08:56:47 +0000] "GET /api-docs/swagger-ui.css HTTP/1.1" 304 - "-" "Mozilla/5.0 (Windows NT 10.0; Win64; x64) AppleWebKit/537.36 (KHTML, like Gecko) Chrome/127.0.0.0 Safari/537.36"

info: ::1 - - [20/Aug/2024:08:56:47 +0000] "GET /api-docs/swagger-ui-init.js HTTP/1.1" 200 12768 "-" "Mozilla/5.0 (Windows NT 10.0; Win64; x64) AppleWebKit/537.36 (KHTML, like Gecko) Chrome/127.0.0.0 Safari/537.36"

info: ::1 - - [20/Aug/2024:08:56:47 +0000] "GET /api-docs/swagger-ui-bundle.js HTTP/1.1" 304 - "-" "Mozilla/5.0 (Windows NT 10.0; Win64; x64) AppleWebKit/537.36 (KHTML, like Gecko) Chrome/127.0.0.0 Safari/537.36"

info: ::1 - - [20/Aug/2024:08:56:47 +0000] "GET /api-docs/swagger-ui-standalone-preset.js HTTP/1.1" 304 - "-" "Mozilla/5.0 (Windows NT 10.0; Win64; x64) AppleWebKit/537.36 (KHTML, like Gecko) Chrome/127.0.0.0 Safari/537.36"

info: ::1 - - [20/Aug/2024:08:56:47 +0000] "GET /api-docs/ HTTP/1.1" 304 - "-" "Mozilla/5.0 (Windows NT 10.0; Win64; x64) AppleWebKit/537.36 (KHTML, like Gecko) Chrome/127.0.0.0 Safari/537.36"

info: ::1 - - [20/Aug/2024:08:56:48 +0000] "GET /api-docs/favicon-32x32.png HTTP/1.1" 304 - "-" "Mozilla/5.0 (Windows NT 10.0; Win64; x64) AppleWebKit/537.36 (KHTML, like Gecko) Chrome/127.0.0.0 Safari/537.36"

info: ::1 - - [20/Aug/2024:10:06:33 +0000] "POST /api/v1/users/ HTTP/1.1" 201 322 "-" "PostmanRuntime/7.41.1"

info: ::1 - - [20/Aug/2024:10:06:51 +0000] "POST /api/v1/users/login HTTP/1.1" 200 498 "-" "PostmanRuntime/7.41.1"

info: ::1 - - [20/Aug/2024:10:07:14 +0000] "GET /api/v1/books/ HTTP/1.1" 200 972 "-" "PostmanRuntime/7.41.1"

info: ::1 - - [20/Aug/2024:10:07:45 +0000] "POST /api/v1/order/ HTTP/1.1" 500 89 "-" "PostmanRuntime/7.41.1"

info: ::1 - - [20/Aug/2024:10:10:30 +0000] "POST /api/v1/order/ HTTP/1.1" 500 89 "-" "PostmanRuntime/7.41.1"

info: ::1 - - [20/Aug/2024:10:12:13 +0000] "POST /api/v1/order/ HTTP/1.1" 500 89 "-" "PostmanRuntime/7.41.1"

info: ::1 - - [20/Aug/2024:10:12:53 +0000] "POST /api/v1/order/ HTTP/1.1" 500 61 "-" "PostmanRuntime/7.41.1"

info: ::1 - - [20/Aug/2024:10:13:11 +0000] "GET /api/v1/books/ HTTP/1.1" 200 972 "-" "PostmanRuntime/7.41.1"

info: ::1 - - [20/Aug/2024:10:13:40 +0000] "POST /api/v1/order/ HTTP/1.1" 200 90 "-" "PostmanRuntime/7.41.1"

info: ::ffff:127.0.0.1 - - [21/Aug/2024:05:56:12 +0000] "POST /api/v1/users/ HTTP/1.1" 201 50 "-" "node-superagent/3.8.3"

info: ::ffff:127.0.0.1 - - [21/Aug/2024:05:56:12 +0000] "POST /api/v1/users/admin HTTP/1.1" 201 322 "-" "node-superagent/3.8.3"

info: ::ffff:127.0.0.1 - - [21/Aug/2024:05:56:12 +0000] "POST /api/v1/users/login/ HTTP/1.1" 200 79 "-" "node-superagent/3.8.3"

info: ::ffff:127.0.0.1 - - [21/Aug/2024:05:56:12 +0000] "POST /api/v1/users/login/ HTTP/1.1" 200 79 "-" "node-superagent/3.8.3"

info: ::ffff:127.0.0.1 - - [21/Aug/2024:05:56:12 +0000] "POST /api/v1/users/ HTTP/1.1" 201 318 "-" "node-superagent/3.8.3"

info: ::ffff:127.0.0.1 - - [21/Aug/2024:05:56:12 +0000] "POST /api/v1/users/admin HTTP/1.1" 201 50 "-" "node-superagent/3.8.3"

info: ::ffff:127.0.0.1 - - [21/Aug/2024:05:56:12 +0000] "POST /api/v1/users/login/ HTTP/1.1" 200 79 "-" "node-superagent/3.8.3"

info: ::ffff:127.0.0.1 - - [21/Aug/2024:05:56:12 +0000] "POST /api/v1/users/login/ HTTP/1.1" 200 79 "-" "node-superagent/3.8.3"

error: uncaughtException: expected 500 to equal 200
AssertionError: expected 500 to equal 200
    at Test.<anonymous> (tests\integration\cart.test.ts:95:35)
    at Test.assert (node_modules\supertest\lib\test.js:181:6)
    at Server.localAssert (node_modules\supertest\lib\test.js:131:12)
    at Object.onceWrapper (node:events:641:28)
    at Server.emit (node:events:527:28)
    at Server.emit (node:domain:475:12)
    at emitCloseNT (node:net:1728:8)
    at processTicksAndRejections (node:internal/process/task_queues:82:21) {"date":"Wed Aug 21 2024 11:26:13 GMT+0530 (India Standard Time)","error":{"actual":"500","expected":"200","message":"expected 500 to equal 200","name":"AssertionError","operator":"strictEqual","showDiff":true,"stack":"AssertionError: expected 500 to equal 200\n    at Test.<anonymous> (tests\\integration\\cart.test.ts:95:35)\n    at Test.assert (node_modules\\supertest\\lib\\test.js:181:6)\n    at Server.localAssert (node_modules\\supertest\\lib\\test.js:131:12)\n    at Object.onceWrapper (node:events:641:28)\n    at Server.emit (node:events:527:28)\n    at Server.emit (node:domain:475:12)\n    at emitCloseNT (node:net:1728:8)\n    at processTicksAndRejections (node:internal/process/task_queues:82:21)","uncaught":true},"exception":true,"os":{"loadavg":[0,0,0],"uptime":411515},"process":{"argv":["C:\\Program Files\\nodejs\\node.exe","D:\\New folder\\bookStore\\node_modules\\mocha\\bin\\mocha","--exit","--recursive","--require","ts-node/register","--timeout=5000","tests/integration/*.ts"],"cwd":"D:\\New folder\\bookStore","execPath":"C:\\Program Files\\nodejs\\node.exe","gid":null,"memoryUsage":{"arrayBuffers":2633943,"external":4920429,"heapTotal":226787328,"heapUsed":188198536,"rss":270143488},"pid":17424,"uid":null,"version":"v16.15.1"},"stack":"AssertionError: expected 500 to equal 200\n    at Test.<anonymous> (tests\\integration\\cart.test.ts:95:35)\n    at Test.assert (node_modules\\supertest\\lib\\test.js:181:6)\n    at Server.localAssert (node_modules\\supertest\\lib\\test.js:131:12)\n    at Object.onceWrapper (node:events:641:28)\n    at Server.emit (node:events:527:28)\n    at Server.emit (node:domain:475:12)\n    at emitCloseNT (node:net:1728:8)\n    at processTicksAndRejections (node:internal/process/task_queues:82:21)","trace":[{"column":35,"file":"tests\\integration\\cart.test.ts","function":null,"line":95,"method":null,"native":false},{"column":6,"file":"node_modules\\supertest\\lib\\test.js","function":"Test.assert","line":181,"method":"assert","native":false},{"column":12,"file":"node_modules\\supertest\\lib\\test.js","function":"Server.localAssert","line":131,"method":"localAssert","native":false},{"column":28,"file":"node:events","function":"Object.onceWrapper","line":641,"method":"onceWrapper","native":false},{"column":28,"file":"node:events","function":"Server.emit","line":527,"method":"emit","native":false},{"column":12,"file":"node:domain","function":"Server.emit","line":475,"method":"emit","native":false},{"column":8,"file":"node:net","function":"emitCloseNT","line":1728,"method":null,"native":false},{"column":21,"file":"node:internal/process/task_queues","function":"processTicksAndRejections","line":82,"method":null,"native":false}]}
error: uncaughtException: expected 500 to equal 200
AssertionError: expected 500 to equal 200
    at Test.<anonymous> (tests\integration\cart.test.ts:95:35)
    at Test.assert (node_modules\supertest\lib\test.js:181:6)
    at Server.localAssert (node_modules\supertest\lib\test.js:131:12)
    at Object.onceWrapper (node:events:641:28)
    at Server.emit (node:events:527:28)
    at Server.emit (node:domain:475:12)
    at emitCloseNT (node:net:1728:8)
    at processTicksAndRejections (node:internal/process/task_queues:82:21) {"date":"Wed Aug 21 2024 11:26:13 GMT+0530 (India Standard Time)","error":{"actual":"500","expected":"200","message":"expected 500 to equal 200","name":"AssertionError","operator":"strictEqual","showDiff":true,"stack":"AssertionError: expected 500 to equal 200\n    at Test.<anonymous> (tests\\integration\\cart.test.ts:95:35)\n    at Test.assert (node_modules\\supertest\\lib\\test.js:181:6)\n    at Server.localAssert (node_modules\\supertest\\lib\\test.js:131:12)\n    at Object.onceWrapper (node:events:641:28)\n    at Server.emit (node:events:527:28)\n    at Server.emit (node:domain:475:12)\n    at emitCloseNT (node:net:1728:8)\n    at processTicksAndRejections (node:internal/process/task_queues:82:21)","uncaught":true},"exception":true,"os":{"loadavg":[0,0,0],"uptime":411515},"process":{"argv":["C:\\Program Files\\nodejs\\node.exe","D:\\New folder\\bookStore\\node_modules\\mocha\\bin\\mocha","--exit","--recursive","--require","ts-node/register","--timeout=5000","tests/integration/*.ts"],"cwd":"D:\\New folder\\bookStore","execPath":"C:\\Program Files\\nodejs\\node.exe","gid":null,"memoryUsage":{"arrayBuffers":2642135,"external":4928621,"heapTotal":226787328,"heapUsed":188296272,"rss":270143488},"pid":17424,"uid":null,"version":"v16.15.1"},"stack":"AssertionError: expected 500 to equal 200\n    at Test.<anonymous> (tests\\integration\\cart.test.ts:95:35)\n    at Test.assert (node_modules\\supertest\\lib\\test.js:181:6)\n    at Server.localAssert (node_modules\\supertest\\lib\\test.js:131:12)\n    at Object.onceWrapper (node:events:641:28)\n    at Server.emit (node:events:527:28)\n    at Server.emit (node:domain:475:12)\n    at emitCloseNT (node:net:1728:8)\n    at processTicksAndRejections (node:internal/process/task_queues:82:21)","trace":[{"column":35,"file":"tests\\integration\\cart.test.ts","function":null,"line":95,"method":null,"native":false},{"column":6,"file":"node_modules\\supertest\\lib\\test.js","function":"Test.assert","line":181,"method":"assert","native":false},{"column":12,"file":"node_modules\\supertest\\lib\\test.js","function":"Server.localAssert","line":131,"method":"localAssert","native":false},{"column":28,"file":"node:events","function":"Object.onceWrapper","line":641,"method":"onceWrapper","native":false},{"column":28,"file":"node:events","function":"Server.emit","line":527,"method":"emit","native":false},{"column":12,"file":"node:domain","function":"Server.emit","line":475,"method":"emit","native":false},{"column":8,"file":"node:net","function":"emitCloseNT","line":1728,"method":null,"native":false},{"column":21,"file":"node:internal/process/task_queues","function":"processTicksAndRejections","line":82,"method":null,"native":false}]}
error: uncaughtException: expected 500 to equal 200
AssertionError: expected 500 to equal 200
    at Test.<anonymous> (tests\integration\cart.test.ts:95:35)
    at Test.assert (node_modules\supertest\lib\test.js:181:6)
    at Server.localAssert (node_modules\supertest\lib\test.js:131:12)
    at Object.onceWrapper (node:events:641:28)
    at Server.emit (node:events:527:28)
    at Server.emit (node:domain:475:12)
    at emitCloseNT (node:net:1728:8)
    at processTicksAndRejections (node:internal/process/task_queues:82:21) {"date":"Wed Aug 21 2024 11:26:13 GMT+0530 (India Standard Time)","error":{"actual":"500","expected":"200","message":"expected 500 to equal 200","name":"AssertionError","operator":"strictEqual","showDiff":true,"stack":"AssertionError: expected 500 to equal 200\n    at Test.<anonymous> (tests\\integration\\cart.test.ts:95:35)\n    at Test.assert (node_modules\\supertest\\lib\\test.js:181:6)\n    at Server.localAssert (node_modules\\supertest\\lib\\test.js:131:12)\n    at Object.onceWrapper (node:events:641:28)\n    at Server.emit (node:events:527:28)\n    at Server.emit (node:domain:475:12)\n    at emitCloseNT (node:net:1728:8)\n    at processTicksAndRejections (node:internal/process/task_queues:82:21)","uncaught":true},"exception":true,"os":{"loadavg":[0,0,0],"uptime":411515},"process":{"argv":["C:\\Program Files\\nodejs\\node.exe","D:\\New folder\\bookStore\\node_modules\\mocha\\bin\\mocha","--exit","--recursive","--require","ts-node/register","--timeout=5000","tests/integration/*.ts"],"cwd":"D:\\New folder\\bookStore","execPath":"C:\\Program Files\\nodejs\\node.exe","gid":null,"memoryUsage":{"arrayBuffers":2642135,"external":4928621,"heapTotal":226787328,"heapUsed":188343968,"rss":270143488},"pid":17424,"uid":null,"version":"v16.15.1"},"stack":"AssertionError: expected 500 to equal 200\n    at Test.<anonymous> (tests\\integration\\cart.test.ts:95:35)\n    at Test.assert (node_modules\\supertest\\lib\\test.js:181:6)\n    at Server.localAssert (node_modules\\supertest\\lib\\test.js:131:12)\n    at Object.onceWrapper (node:events:641:28)\n    at Server.emit (node:events:527:28)\n    at Server.emit (node:domain:475:12)\n    at emitCloseNT (node:net:1728:8)\n    at processTicksAndRejections (node:internal/process/task_queues:82:21)","trace":[{"column":35,"file":"tests\\integration\\cart.test.ts","function":null,"line":95,"method":null,"native":false},{"column":6,"file":"node_modules\\supertest\\lib\\test.js","function":"Test.assert","line":181,"method":"assert","native":false},{"column":12,"file":"node_modules\\supertest\\lib\\test.js","function":"Server.localAssert","line":131,"method":"localAssert","native":false},{"column":28,"file":"node:events","function":"Object.onceWrapper","line":641,"method":"onceWrapper","native":false},{"column":28,"file":"node:events","function":"Server.emit","line":527,"method":"emit","native":false},{"column":12,"file":"node:domain","function":"Server.emit","line":475,"method":"emit","native":false},{"column":8,"file":"node:net","function":"emitCloseNT","line":1728,"method":null,"native":false},{"column":21,"file":"node:internal/process/task_queues","function":"processTicksAndRejections","line":82,"method":null,"native":false}]}
error: uncaughtException: expected 500 to equal 200
AssertionError: expected 500 to equal 200
    at Test.<anonymous> (tests\integration\cart.test.ts:95:35)
    at Test.assert (node_modules\supertest\lib\test.js:181:6)
    at Server.localAssert (node_modules\supertest\lib\test.js:131:12)
    at Object.onceWrapper (node:events:641:28)
    at Server.emit (node:events:527:28)
    at Server.emit (node:domain:475:12)
    at emitCloseNT (node:net:1728:8)
    at processTicksAndRejections (node:internal/process/task_queues:82:21) {"date":"Wed Aug 21 2024 11:26:13 GMT+0530 (India Standard Time)","error":{"actual":"500","expected":"200","message":"expected 500 to equal 200","name":"AssertionError","operator":"strictEqual","showDiff":true,"stack":"AssertionError: expected 500 to equal 200\n    at Test.<anonymous> (tests\\integration\\cart.test.ts:95:35)\n    at Test.assert (node_modules\\supertest\\lib\\test.js:181:6)\n    at Server.localAssert (node_modules\\supertest\\lib\\test.js:131:12)\n    at Object.onceWrapper (node:events:641:28)\n    at Server.emit (node:events:527:28)\n    at Server.emit (node:domain:475:12)\n    at emitCloseNT (node:net:1728:8)\n    at processTicksAndRejections (node:internal/process/task_queues:82:21)","uncaught":true},"exception":true,"os":{"loadavg":[0,0,0],"uptime":411515},"process":{"argv":["C:\\Program Files\\nodejs\\node.exe","D:\\New folder\\bookStore\\node_modules\\mocha\\bin\\mocha","--exit","--recursive","--require","ts-node/register","--timeout=5000","tests/integration/*.ts"],"cwd":"D:\\New folder\\bookStore","execPath":"C:\\Program Files\\nodejs\\node.exe","gid":null,"memoryUsage":{"arrayBuffers":2650327,"external":4936813,"heapTotal":226787328,"heapUsed":188392376,"rss":270143488},"pid":17424,"uid":null,"version":"v16.15.1"},"stack":"AssertionError: expected 500 to equal 200\n    at Test.<anonymous> (tests\\integration\\cart.test.ts:95:35)\n    at Test.assert (node_modules\\supertest\\lib\\test.js:181:6)\n    at Server.localAssert (node_modules\\supertest\\lib\\test.js:131:12)\n    at Object.onceWrapper (node:events:641:28)\n    at Server.emit (node:events:527:28)\n    at Server.emit (node:domain:475:12)\n    at emitCloseNT (node:net:1728:8)\n    at processTicksAndRejections (node:internal/process/task_queues:82:21)","trace":[{"column":35,"file":"tests\\integration\\cart.test.ts","function":null,"line":95,"method":null,"native":false},{"column":6,"file":"node_modules\\supertest\\lib\\test.js","function":"Test.assert","line":181,"method":"assert","native":false},{"column":12,"file":"node_modules\\supertest\\lib\\test.js","function":"Server.localAssert","line":131,"method":"localAssert","native":false},{"column":28,"file":"node:events","function":"Object.onceWrapper","line":641,"method":"onceWrapper","native":false},{"column":28,"file":"node:events","function":"Server.emit","line":527,"method":"emit","native":false},{"column":12,"file":"node:domain","function":"Server.emit","line":475,"method":"emit","native":false},{"column":8,"file":"node:net","function":"emitCloseNT","line":1728,"method":null,"native":false},{"column":21,"file":"node:internal/process/task_queues","function":"processTicksAndRejections","line":82,"method":null,"native":false}]}
error: uncaughtException: expected 500 to equal 200
AssertionError: expected 500 to equal 200
    at Test.<anonymous> (tests\integration\cart.test.ts:95:35)
    at Test.assert (node_modules\supertest\lib\test.js:181:6)
    at Server.localAssert (node_modules\supertest\lib\test.js:131:12)
    at Object.onceWrapper (node:events:641:28)
    at Server.emit (node:events:527:28)
    at Server.emit (node:domain:475:12)
    at emitCloseNT (node:net:1728:8)
    at processTicksAndRejections (node:internal/process/task_queues:82:21) {"date":"Wed Aug 21 2024 11:26:13 GMT+0530 (India Standard Time)","error":{"actual":"500","expected":"200","message":"expected 500 to equal 200","name":"AssertionError","operator":"strictEqual","showDiff":true,"stack":"AssertionError: expected 500 to equal 200\n    at Test.<anonymous> (tests\\integration\\cart.test.ts:95:35)\n    at Test.assert (node_modules\\supertest\\lib\\test.js:181:6)\n    at Server.localAssert (node_modules\\supertest\\lib\\test.js:131:12)\n    at Object.onceWrapper (node:events:641:28)\n    at Server.emit (node:events:527:28)\n    at Server.emit (node:domain:475:12)\n    at emitCloseNT (node:net:1728:8)\n    at processTicksAndRejections (node:internal/process/task_queues:82:21)","uncaught":true},"exception":true,"os":{"loadavg":[0,0,0],"uptime":411515},"process":{"argv":["C:\\Program Files\\nodejs\\node.exe","D:\\New folder\\bookStore\\node_modules\\mocha\\bin\\mocha","--exit","--recursive","--require","ts-node/register","--timeout=5000","tests/integration/*.ts"],"cwd":"D:\\New folder\\bookStore","execPath":"C:\\Program Files\\nodejs\\node.exe","gid":null,"memoryUsage":{"arrayBuffers":2650327,"external":4936813,"heapTotal":226787328,"heapUsed":188446400,"rss":270143488},"pid":17424,"uid":null,"version":"v16.15.1"},"stack":"AssertionError: expected 500 to equal 200\n    at Test.<anonymous> (tests\\integration\\cart.test.ts:95:35)\n    at Test.assert (node_modules\\supertest\\lib\\test.js:181:6)\n    at Server.localAssert (node_modules\\supertest\\lib\\test.js:131:12)\n    at Object.onceWrapper (node:events:641:28)\n    at Server.emit (node:events:527:28)\n    at Server.emit (node:domain:475:12)\n    at emitCloseNT (node:net:1728:8)\n    at processTicksAndRejections (node:internal/process/task_queues:82:21)","trace":[{"column":35,"file":"tests\\integration\\cart.test.ts","function":null,"line":95,"method":null,"native":false},{"column":6,"file":"node_modules\\supertest\\lib\\test.js","function":"Test.assert","line":181,"method":"assert","native":false},{"column":12,"file":"node_modules\\supertest\\lib\\test.js","function":"Server.localAssert","line":131,"method":"localAssert","native":false},{"column":28,"file":"node:events","function":"Object.onceWrapper","line":641,"method":"onceWrapper","native":false},{"column":28,"file":"node:events","function":"Server.emit","line":527,"method":"emit","native":false},{"column":12,"file":"node:domain","function":"Server.emit","line":475,"method":"emit","native":false},{"column":8,"file":"node:net","function":"emitCloseNT","line":1728,"method":null,"native":false},{"column":21,"file":"node:internal/process/task_queues","function":"processTicksAndRejections","line":82,"method":null,"native":false}]}
error: uncaughtException: expected 500 to equal 200
AssertionError: expected 500 to equal 200
    at Test.<anonymous> (tests\integration\cart.test.ts:95:35)
    at Test.assert (node_modules\supertest\lib\test.js:181:6)
    at Server.localAssert (node_modules\supertest\lib\test.js:131:12)
    at Object.onceWrapper (node:events:641:28)
    at Server.emit (node:events:527:28)
    at Server.emit (node:domain:475:12)
    at emitCloseNT (node:net:1728:8)
    at processTicksAndRejections (node:internal/process/task_queues:82:21) {"date":"Wed Aug 21 2024 11:26:13 GMT+0530 (India Standard Time)","error":{"actual":"500","expected":"200","message":"expected 500 to equal 200","name":"AssertionError","operator":"strictEqual","showDiff":true,"stack":"AssertionError: expected 500 to equal 200\n    at Test.<anonymous> (tests\\integration\\cart.test.ts:95:35)\n    at Test.assert (node_modules\\supertest\\lib\\test.js:181:6)\n    at Server.localAssert (node_modules\\supertest\\lib\\test.js:131:12)\n    at Object.onceWrapper (node:events:641:28)\n    at Server.emit (node:events:527:28)\n    at Server.emit (node:domain:475:12)\n    at emitCloseNT (node:net:1728:8)\n    at processTicksAndRejections (node:internal/process/task_queues:82:21)","uncaught":true},"exception":true,"os":{"loadavg":[0,0,0],"uptime":411515},"process":{"argv":["C:\\Program Files\\nodejs\\node.exe","D:\\New folder\\bookStore\\node_modules\\mocha\\bin\\mocha","--exit","--recursive","--require","ts-node/register","--timeout=5000","tests/integration/*.ts"],"cwd":"D:\\New folder\\bookStore","execPath":"C:\\Program Files\\nodejs\\node.exe","gid":null,"memoryUsage":{"arrayBuffers":2658519,"external":4945005,"heapTotal":226787328,"heapUsed":188493680,"rss":270143488},"pid":17424,"uid":null,"version":"v16.15.1"},"stack":"AssertionError: expected 500 to equal 200\n    at Test.<anonymous> (tests\\integration\\cart.test.ts:95:35)\n    at Test.assert (node_modules\\supertest\\lib\\test.js:181:6)\n    at Server.localAssert (node_modules\\supertest\\lib\\test.js:131:12)\n    at Object.onceWrapper (node:events:641:28)\n    at Server.emit (node:events:527:28)\n    at Server.emit (node:domain:475:12)\n    at emitCloseNT (node:net:1728:8)\n    at processTicksAndRejections (node:internal/process/task_queues:82:21)","trace":[{"column":35,"file":"tests\\integration\\cart.test.ts","function":null,"line":95,"method":null,"native":false},{"column":6,"file":"node_modules\\supertest\\lib\\test.js","function":"Test.assert","line":181,"method":"assert","native":false},{"column":12,"file":"node_modules\\supertest\\lib\\test.js","function":"Server.localAssert","line":131,"method":"localAssert","native":false},{"column":28,"file":"node:events","function":"Object.onceWrapper","line":641,"method":"onceWrapper","native":false},{"column":28,"file":"node:events","function":"Server.emit","line":527,"method":"emit","native":false},{"column":12,"file":"node:domain","function":"Server.emit","line":475,"method":"emit","native":false},{"column":8,"file":"node:net","function":"emitCloseNT","line":1728,"method":null,"native":false},{"column":21,"file":"node:internal/process/task_queues","function":"processTicksAndRejections","line":82,"method":null,"native":false}]}
error: uncaughtException: expected 500 to equal 200
AssertionError: expected 500 to equal 200
    at Test.<anonymous> (tests\integration\cart.test.ts:95:35)
    at Test.assert (node_modules\supertest\lib\test.js:181:6)
    at Server.localAssert (node_modules\supertest\lib\test.js:131:12)
    at Object.onceWrapper (node:events:641:28)
    at Server.emit (node:events:527:28)
    at Server.emit (node:domain:475:12)
    at emitCloseNT (node:net:1728:8)
    at processTicksAndRejections (node:internal/process/task_queues:82:21) {"date":"Wed Aug 21 2024 11:26:13 GMT+0530 (India Standard Time)","error":{"actual":"500","expected":"200","message":"expected 500 to equal 200","name":"AssertionError","operator":"strictEqual","showDiff":true,"stack":"AssertionError: expected 500 to equal 200\n    at Test.<anonymous> (tests\\integration\\cart.test.ts:95:35)\n    at Test.assert (node_modules\\supertest\\lib\\test.js:181:6)\n    at Server.localAssert (node_modules\\supertest\\lib\\test.js:131:12)\n    at Object.onceWrapper (node:events:641:28)\n    at Server.emit (node:events:527:28)\n    at Server.emit (node:domain:475:12)\n    at emitCloseNT (node:net:1728:8)\n    at processTicksAndRejections (node:internal/process/task_queues:82:21)","uncaught":true},"exception":true,"os":{"loadavg":[0,0,0],"uptime":411515},"process":{"argv":["C:\\Program Files\\nodejs\\node.exe","D:\\New folder\\bookStore\\node_modules\\mocha\\bin\\mocha","--exit","--recursive","--require","ts-node/register","--timeout=5000","tests/integration/*.ts"],"cwd":"D:\\New folder\\bookStore","execPath":"C:\\Program Files\\nodejs\\node.exe","gid":null,"memoryUsage":{"arrayBuffers":2658519,"external":4945005,"heapTotal":226787328,"heapUsed":188540752,"rss":270143488},"pid":17424,"uid":null,"version":"v16.15.1"},"stack":"AssertionError: expected 500 to equal 200\n    at Test.<anonymous> (tests\\integration\\cart.test.ts:95:35)\n    at Test.assert (node_modules\\supertest\\lib\\test.js:181:6)\n    at Server.localAssert (node_modules\\supertest\\lib\\test.js:131:12)\n    at Object.onceWrapper (node:events:641:28)\n    at Server.emit (node:events:527:28)\n    at Server.emit (node:domain:475:12)\n    at emitCloseNT (node:net:1728:8)\n    at processTicksAndRejections (node:internal/process/task_queues:82:21)","trace":[{"column":35,"file":"tests\\integration\\cart.test.ts","function":null,"line":95,"method":null,"native":false},{"column":6,"file":"node_modules\\supertest\\lib\\test.js","function":"Test.assert","line":181,"method":"assert","native":false},{"column":12,"file":"node_modules\\supertest\\lib\\test.js","function":"Server.localAssert","line":131,"method":"localAssert","native":false},{"column":28,"file":"node:events","function":"Object.onceWrapper","line":641,"method":"onceWrapper","native":false},{"column":28,"file":"node:events","function":"Server.emit","line":527,"method":"emit","native":false},{"column":12,"file":"node:domain","function":"Server.emit","line":475,"method":"emit","native":false},{"column":8,"file":"node:net","function":"emitCloseNT","line":1728,"method":null,"native":false},{"column":21,"file":"node:internal/process/task_queues","function":"processTicksAndRejections","line":82,"method":null,"native":false}]}
error: uncaughtException: expected 500 to equal 200
AssertionError: expected 500 to equal 200
    at Test.<anonymous> (tests\integration\cart.test.ts:95:35)
    at Test.assert (node_modules\supertest\lib\test.js:181:6)
    at Server.localAssert (node_modules\supertest\lib\test.js:131:12)
    at Object.onceWrapper (node:events:641:28)
    at Server.emit (node:events:527:28)
    at Server.emit (node:domain:475:12)
    at emitCloseNT (node:net:1728:8)
    at processTicksAndRejections (node:internal/process/task_queues:82:21) {"date":"Wed Aug 21 2024 11:26:13 GMT+0530 (India Standard Time)","error":{"actual":"500","expected":"200","message":"expected 500 to equal 200","name":"AssertionError","operator":"strictEqual","showDiff":true,"stack":"AssertionError: expected 500 to equal 200\n    at Test.<anonymous> (tests\\integration\\cart.test.ts:95:35)\n    at Test.assert (node_modules\\supertest\\lib\\test.js:181:6)\n    at Server.localAssert (node_modules\\supertest\\lib\\test.js:131:12)\n    at Object.onceWrapper (node:events:641:28)\n    at Server.emit (node:events:527:28)\n    at Server.emit (node:domain:475:12)\n    at emitCloseNT (node:net:1728:8)\n    at processTicksAndRejections (node:internal/process/task_queues:82:21)","uncaught":true},"exception":true,"os":{"loadavg":[0,0,0],"uptime":411515},"process":{"argv":["C:\\Program Files\\nodejs\\node.exe","D:\\New folder\\bookStore\\node_modules\\mocha\\bin\\mocha","--exit","--recursive","--require","ts-node/register","--timeout=5000","tests/integration/*.ts"],"cwd":"D:\\New folder\\bookStore","execPath":"C:\\Program Files\\nodejs\\node.exe","gid":null,"memoryUsage":{"arrayBuffers":2666711,"external":4953197,"heapTotal":226787328,"heapUsed":188587992,"rss":270143488},"pid":17424,"uid":null,"version":"v16.15.1"},"stack":"AssertionError: expected 500 to equal 200\n    at Test.<anonymous> (tests\\integration\\cart.test.ts:95:35)\n    at Test.assert (node_modules\\supertest\\lib\\test.js:181:6)\n    at Server.localAssert (node_modules\\supertest\\lib\\test.js:131:12)\n    at Object.onceWrapper (node:events:641:28)\n    at Server.emit (node:events:527:28)\n    at Server.emit (node:domain:475:12)\n    at emitCloseNT (node:net:1728:8)\n    at processTicksAndRejections (node:internal/process/task_queues:82:21)","trace":[{"column":35,"file":"tests\\integration\\cart.test.ts","function":null,"line":95,"method":null,"native":false},{"column":6,"file":"node_modules\\supertest\\lib\\test.js","function":"Test.assert","line":181,"method":"assert","native":false},{"column":12,"file":"node_modules\\supertest\\lib\\test.js","function":"Server.localAssert","line":131,"method":"localAssert","native":false},{"column":28,"file":"node:events","function":"Object.onceWrapper","line":641,"method":"onceWrapper","native":false},{"column":28,"file":"node:events","function":"Server.emit","line":527,"method":"emit","native":false},{"column":12,"file":"node:domain","function":"Server.emit","line":475,"method":"emit","native":false},{"column":8,"file":"node:net","function":"emitCloseNT","line":1728,"method":null,"native":false},{"column":21,"file":"node:internal/process/task_queues","function":"processTicksAndRejections","line":82,"method":null,"native":false}]}
info: ::ffff:127.0.0.1 - - [21/Aug/2024:05:56:12 +0000] "POST /api/v1/cart/ HTTP/1.1" 500 48 "-" "node-superagent/3.8.3"

error: uncaughtException: expected 500 to equal 200
AssertionError: expected 500 to equal 200
    at Test.<anonymous> (tests\integration\cart.test.ts:95:35)
    at Test.assert (node_modules\supertest\lib\test.js:181:6)
    at Server.localAssert (node_modules\supertest\lib\test.js:131:12)
    at Object.onceWrapper (node:events:641:28)
    at Server.emit (node:events:527:28)
    at Server.emit (node:domain:475:12)
    at emitCloseNT (node:net:1728:8)
    at processTicksAndRejections (node:internal/process/task_queues:82:21) {"date":"Wed Aug 21 2024 11:26:13 GMT+0530 (India Standard Time)","error":{"actual":"500","expected":"200","message":"expected 500 to equal 200","name":"AssertionError","operator":"strictEqual","showDiff":true,"stack":"AssertionError: expected 500 to equal 200\n    at Test.<anonymous> (tests\\integration\\cart.test.ts:95:35)\n    at Test.assert (node_modules\\supertest\\lib\\test.js:181:6)\n    at Server.localAssert (node_modules\\supertest\\lib\\test.js:131:12)\n    at Object.onceWrapper (node:events:641:28)\n    at Server.emit (node:events:527:28)\n    at Server.emit (node:domain:475:12)\n    at emitCloseNT (node:net:1728:8)\n    at processTicksAndRejections (node:internal/process/task_queues:82:21)","uncaught":true},"exception":true,"os":{"loadavg":[0,0,0],"uptime":411515},"process":{"argv":["C:\\Program Files\\nodejs\\node.exe","D:\\New folder\\bookStore\\node_modules\\mocha\\bin\\mocha","--exit","--recursive","--require","ts-node/register","--timeout=5000","tests/integration/*.ts"],"cwd":"D:\\New folder\\bookStore","execPath":"C:\\Program Files\\nodejs\\node.exe","gid":null,"memoryUsage":{"arrayBuffers":2666711,"external":4953197,"heapTotal":226787328,"heapUsed":188635128,"rss":270143488},"pid":17424,"uid":null,"version":"v16.15.1"},"stack":"AssertionError: expected 500 to equal 200\n    at Test.<anonymous> (tests\\integration\\cart.test.ts:95:35)\n    at Test.assert (node_modules\\supertest\\lib\\test.js:181:6)\n    at Server.localAssert (node_modules\\supertest\\lib\\test.js:131:12)\n    at Object.onceWrapper (node:events:641:28)\n    at Server.emit (node:events:527:28)\n    at Server.emit (node:domain:475:12)\n    at emitCloseNT (node:net:1728:8)\n    at processTicksAndRejections (node:internal/process/task_queues:82:21)","trace":[{"column":35,"file":"tests\\integration\\cart.test.ts","function":null,"line":95,"method":null,"native":false},{"column":6,"file":"node_modules\\supertest\\lib\\test.js","function":"Test.assert","line":181,"method":"assert","native":false},{"column":12,"file":"node_modules\\supertest\\lib\\test.js","function":"Server.localAssert","line":131,"method":"localAssert","native":false},{"column":28,"file":"node:events","function":"Object.onceWrapper","line":641,"method":"onceWrapper","native":false},{"column":28,"file":"node:events","function":"Server.emit","line":527,"method":"emit","native":false},{"column":12,"file":"node:domain","function":"Server.emit","line":475,"method":"emit","native":false},{"column":8,"file":"node:net","function":"emitCloseNT","line":1728,"method":null,"native":false},{"column":21,"file":"node:internal/process/task_queues","function":"processTicksAndRejections","line":82,"method":null,"native":false}]}
info: ::ffff:127.0.0.1 - - [21/Aug/2024:05:56:13 +0000] "GET /api/v1/cart/ HTTP/1.1" 500 48 "-" "node-superagent/3.8.3"

error: uncaughtException: expected 500 to equal 200
AssertionError: expected 500 to equal 200
    at Test.<anonymous> (tests\integration\cart.test.ts:107:35)
    at Test.assert (node_modules\supertest\lib\test.js:181:6)
    at Server.localAssert (node_modules\supertest\lib\test.js:131:12)
    at Object.onceWrapper (node:events:641:28)
    at Server.emit (node:events:527:28)
    at Server.emit (node:domain:475:12)
    at emitCloseNT (node:net:1728:8)
    at processTicksAndRejections (node:internal/process/task_queues:82:21) {"date":"Wed Aug 21 2024 11:26:13 GMT+0530 (India Standard Time)","error":{"actual":"500","expected":"200","message":"expected 500 to equal 200","name":"AssertionError","operator":"strictEqual","showDiff":true,"stack":"AssertionError: expected 500 to equal 200\n    at Test.<anonymous> (tests\\integration\\cart.test.ts:107:35)\n    at Test.assert (node_modules\\supertest\\lib\\test.js:181:6)\n    at Server.localAssert (node_modules\\supertest\\lib\\test.js:131:12)\n    at Object.onceWrapper (node:events:641:28)\n    at Server.emit (node:events:527:28)\n    at Server.emit (node:domain:475:12)\n    at emitCloseNT (node:net:1728:8)\n    at processTicksAndRejections (node:internal/process/task_queues:82:21)","uncaught":true},"exception":true,"os":{"loadavg":[0,0,0],"uptime":411515},"process":{"argv":["C:\\Program Files\\nodejs\\node.exe","D:\\New folder\\bookStore\\node_modules\\mocha\\bin\\mocha","--exit","--recursive","--require","ts-node/register","--timeout=5000","tests/integration/*.ts"],"cwd":"D:\\New folder\\bookStore","execPath":"C:\\Program Files\\nodejs\\node.exe","gid":null,"memoryUsage":{"arrayBuffers":2729632,"external":5016118,"heapTotal":226787328,"heapUsed":191057624,"rss":270151680},"pid":17424,"uid":null,"version":"v16.15.1"},"stack":"AssertionError: expected 500 to equal 200\n    at Test.<anonymous> (tests\\integration\\cart.test.ts:107:35)\n    at Test.assert (node_modules\\supertest\\lib\\test.js:181:6)\n    at Server.localAssert (node_modules\\supertest\\lib\\test.js:131:12)\n    at Object.onceWrapper (node:events:641:28)\n    at Server.emit (node:events:527:28)\n    at Server.emit (node:domain:475:12)\n    at emitCloseNT (node:net:1728:8)\n    at processTicksAndRejections (node:internal/process/task_queues:82:21)","trace":[{"column":35,"file":"tests\\integration\\cart.test.ts","function":null,"line":107,"method":null,"native":false},{"column":6,"file":"node_modules\\supertest\\lib\\test.js","function":"Test.assert","line":181,"method":"assert","native":false},{"column":12,"file":"node_modules\\supertest\\lib\\test.js","function":"Server.localAssert","line":131,"method":"localAssert","native":false},{"column":28,"file":"node:events","function":"Object.onceWrapper","line":641,"method":"onceWrapper","native":false},{"column":28,"file":"node:events","function":"Server.emit","line":527,"method":"emit","native":false},{"column":12,"file":"node:domain","function":"Server.emit","line":475,"method":"emit","native":false},{"column":8,"file":"node:net","function":"emitCloseNT","line":1728,"method":null,"native":false},{"column":21,"file":"node:internal/process/task_queues","function":"processTicksAndRejections","line":82,"method":null,"native":false}]}
info: ::ffff:127.0.0.1 - - [21/Aug/2024:05:56:13 +0000] "GET /api/v1/cart/delete/1 HTTP/1.1" 404 47 "-" "node-superagent/3.8.3"

error: uncaughtException: expected 404 to equal 200
AssertionError: expected 404 to equal 200
    at Test.<anonymous> (tests\integration\cart.test.ts:119:35)
    at Test.assert (node_modules\supertest\lib\test.js:181:6)
    at Server.localAssert (node_modules\supertest\lib\test.js:131:12)
    at Object.onceWrapper (node:events:641:28)
    at Server.emit (node:events:527:28)
    at Server.emit (node:domain:475:12)
    at emitCloseNT (node:net:1728:8)
    at processTicksAndRejections (node:internal/process/task_queues:82:21) {"date":"Wed Aug 21 2024 11:26:13 GMT+0530 (India Standard Time)","error":{"actual":"404","expected":"200","message":"expected 404 to equal 200","name":"AssertionError","operator":"strictEqual","showDiff":true,"stack":"AssertionError: expected 404 to equal 200\n    at Test.<anonymous> (tests\\integration\\cart.test.ts:119:35)\n    at Test.assert (node_modules\\supertest\\lib\\test.js:181:6)\n    at Server.localAssert (node_modules\\supertest\\lib\\test.js:131:12)\n    at Object.onceWrapper (node:events:641:28)\n    at Server.emit (node:events:527:28)\n    at Server.emit (node:domain:475:12)\n    at emitCloseNT (node:net:1728:8)\n    at processTicksAndRejections (node:internal/process/task_queues:82:21)","uncaught":true},"exception":true,"os":{"loadavg":[0,0,0],"uptime":411515},"process":{"argv":["C:\\Program Files\\nodejs\\node.exe","D:\\New folder\\bookStore\\node_modules\\mocha\\bin\\mocha","--exit","--recursive","--require","ts-node/register","--timeout=5000","tests/integration/*.ts"],"cwd":"D:\\New folder\\bookStore","execPath":"C:\\Program Files\\nodejs\\node.exe","gid":null,"memoryUsage":{"arrayBuffers":2738681,"external":5025167,"heapTotal":227049472,"heapUsed":192194768,"rss":270176256},"pid":17424,"uid":null,"version":"v16.15.1"},"stack":"AssertionError: expected 404 to equal 200\n    at Test.<anonymous> (tests\\integration\\cart.test.ts:119:35)\n    at Test.assert (node_modules\\supertest\\lib\\test.js:181:6)\n    at Server.localAssert (node_modules\\supertest\\lib\\test.js:131:12)\n    at Object.onceWrapper (node:events:641:28)\n    at Server.emit (node:events:527:28)\n    at Server.emit (node:domain:475:12)\n    at emitCloseNT (node:net:1728:8)\n    at processTicksAndRejections (node:internal/process/task_queues:82:21)","trace":[{"column":35,"file":"tests\\integration\\cart.test.ts","function":null,"line":119,"method":null,"native":false},{"column":6,"file":"node_modules\\supertest\\lib\\test.js","function":"Test.assert","line":181,"method":"assert","native":false},{"column":12,"file":"node_modules\\supertest\\lib\\test.js","function":"Server.localAssert","line":131,"method":"localAssert","native":false},{"column":28,"file":"node:events","function":"Object.onceWrapper","line":641,"method":"onceWrapper","native":false},{"column":28,"file":"node:events","function":"Server.emit","line":527,"method":"emit","native":false},{"column":12,"file":"node:domain","function":"Server.emit","line":475,"method":"emit","native":false},{"column":8,"file":"node:net","function":"emitCloseNT","line":1728,"method":null,"native":false},{"column":21,"file":"node:internal/process/task_queues","function":"processTicksAndRejections","line":82,"method":null,"native":false}]}
info: ::ffff:127.0.0.1 - - [21/Aug/2024:05:56:13 +0000] "POST /api/v1/users/admin/delete HTTP/1.1" 500 48 "-" "node-superagent/3.8.3"

error: uncaughtException: expected 500 to equal 200
AssertionError: expected 500 to equal 200
    at Test.<anonymous> (tests\integration\cart.test.ts:134:37)
    at Test.assert (node_modules\supertest\lib\test.js:181:6)
    at Server.localAssert (node_modules\supertest\lib\test.js:131:12)
    at Object.onceWrapper (node:events:641:28)
    at Server.emit (node:events:527:28)
    at Server.emit (node:domain:475:12)
    at emitCloseNT (node:net:1728:8)
    at processTicksAndRejections (node:internal/process/task_queues:82:21) {"date":"Wed Aug 21 2024 11:26:13 GMT+0530 (India Standard Time)","error":{"actual":"500","expected":"200","message":"expected 500 to equal 200","name":"AssertionError","operator":"strictEqual","showDiff":true,"stack":"AssertionError: expected 500 to equal 200\n    at Test.<anonymous> (tests\\integration\\cart.test.ts:134:37)\n    at Test.assert (node_modules\\supertest\\lib\\test.js:181:6)\n    at Server.localAssert (node_modules\\supertest\\lib\\test.js:131:12)\n    at Object.onceWrapper (node:events:641:28)\n    at Server.emit (node:events:527:28)\n    at Server.emit (node:domain:475:12)\n    at emitCloseNT (node:net:1728:8)\n    at processTicksAndRejections (node:internal/process/task_queues:82:21)","uncaught":true},"exception":true,"os":{"loadavg":[0,0,0],"uptime":411516},"process":{"argv":["C:\\Program Files\\nodejs\\node.exe","D:\\New folder\\bookStore\\node_modules\\mocha\\bin\\mocha","--exit","--recursive","--require","ts-node/register","--timeout=5000","tests/integration/*.ts"],"cwd":"D:\\New folder\\bookStore","execPath":"C:\\Program Files\\nodejs\\node.exe","gid":null,"memoryUsage":{"arrayBuffers":1883615,"external":5034513,"heapTotal":227049472,"heapUsed":185350608,"rss":270217216},"pid":17424,"uid":null,"version":"v16.15.1"},"stack":"AssertionError: expected 500 to equal 200\n    at Test.<anonymous> (tests\\integration\\cart.test.ts:134:37)\n    at Test.assert (node_modules\\supertest\\lib\\test.js:181:6)\n    at Server.localAssert (node_modules\\supertest\\lib\\test.js:131:12)\n    at Object.onceWrapper (node:events:641:28)\n    at Server.emit (node:events:527:28)\n    at Server.emit (node:domain:475:12)\n    at emitCloseNT (node:net:1728:8)\n    at processTicksAndRejections (node:internal/process/task_queues:82:21)","trace":[{"column":37,"file":"tests\\integration\\cart.test.ts","function":null,"line":134,"method":null,"native":false},{"column":6,"file":"node_modules\\supertest\\lib\\test.js","function":"Test.assert","line":181,"method":"assert","native":false},{"column":12,"file":"node_modules\\supertest\\lib\\test.js","function":"Server.localAssert","line":131,"method":"localAssert","native":false},{"column":28,"file":"node:events","function":"Object.onceWrapper","line":641,"method":"onceWrapper","native":false},{"column":28,"file":"node:events","function":"Server.emit","line":527,"method":"emit","native":false},{"column":12,"file":"node:domain","function":"Server.emit","line":475,"method":"emit","native":false},{"column":8,"file":"node:net","function":"emitCloseNT","line":1728,"method":null,"native":false},{"column":21,"file":"node:internal/process/task_queues","function":"processTicksAndRejections","line":82,"method":null,"native":false}]}
info: ::ffff:127.0.0.1 - - [21/Aug/2024:05:56:13 +0000] "POST /api/v1/users/login/delete HTTP/1.1" 500 48 "-" "node-superagent/3.8.3"

error: uncaughtException: expected 500 to equal 200
AssertionError: expected 500 to equal 200
    at Test.<anonymous> (tests\integration\cart.test.ts:147:37)
    at Test.assert (node_modules\supertest\lib\test.js:181:6)
    at Server.localAssert (node_modules\supertest\lib\test.js:131:12)
    at Object.onceWrapper (node:events:641:28)
    at Server.emit (node:events:527:28)
    at Server.emit (node:domain:475:12)
    at emitCloseNT (node:net:1728:8)
    at processTicksAndRejections (node:internal/process/task_queues:82:21) {"date":"Wed Aug 21 2024 11:26:13 GMT+0530 (India Standard Time)","error":{"actual":"500","expected":"200","message":"expected 500 to equal 200","name":"AssertionError","operator":"strictEqual","showDiff":true,"stack":"AssertionError: expected 500 to equal 200\n    at Test.<anonymous> (tests\\integration\\cart.test.ts:147:37)\n    at Test.assert (node_modules\\supertest\\lib\\test.js:181:6)\n    at Server.localAssert (node_modules\\supertest\\lib\\test.js:131:12)\n    at Object.onceWrapper (node:events:641:28)\n    at Server.emit (node:events:527:28)\n    at Server.emit (node:domain:475:12)\n    at emitCloseNT (node:net:1728:8)\n    at processTicksAndRejections (node:internal/process/task_queues:82:21)","uncaught":true},"exception":true,"os":{"loadavg":[0,0,0],"uptime":411516},"process":{"argv":["C:\\Program Files\\nodejs\\node.exe","D:\\New folder\\bookStore\\node_modules\\mocha\\bin\\mocha","--exit","--recursive","--require","ts-node/register","--timeout=5000","tests/integration/*.ts"],"cwd":"D:\\New folder\\bookStore","execPath":"C:\\Program Files\\nodejs\\node.exe","gid":null,"memoryUsage":{"arrayBuffers":1884768,"external":5035666,"heapTotal":227049472,"heapUsed":186762208,"rss":270254080},"pid":17424,"uid":null,"version":"v16.15.1"},"stack":"AssertionError: expected 500 to equal 200\n    at Test.<anonymous> (tests\\integration\\cart.test.ts:147:37)\n    at Test.assert (node_modules\\supertest\\lib\\test.js:181:6)\n    at Server.localAssert (node_modules\\supertest\\lib\\test.js:131:12)\n    at Object.onceWrapper (node:events:641:28)\n    at Server.emit (node:events:527:28)\n    at Server.emit (node:domain:475:12)\n    at emitCloseNT (node:net:1728:8)\n    at processTicksAndRejections (node:internal/process/task_queues:82:21)","trace":[{"column":37,"file":"tests\\integration\\cart.test.ts","function":null,"line":147,"method":null,"native":false},{"column":6,"file":"node_modules\\supertest\\lib\\test.js","function":"Test.assert","line":181,"method":"assert","native":false},{"column":12,"file":"node_modules\\supertest\\lib\\test.js","function":"Server.localAssert","line":131,"method":"localAssert","native":false},{"column":28,"file":"node:events","function":"Object.onceWrapper","line":641,"method":"onceWrapper","native":false},{"column":28,"file":"node:events","function":"Server.emit","line":527,"method":"emit","native":false},{"column":12,"file":"node:domain","function":"Server.emit","line":475,"method":"emit","native":false},{"column":8,"file":"node:net","function":"emitCloseNT","line":1728,"method":null,"native":false},{"column":21,"file":"node:internal/process/task_queues","function":"processTicksAndRejections","line":82,"method":null,"native":false}]}
info: ::ffff:127.0.0.1 - - [21/Aug/2024:05:56:13 +0000] "POST /api/v1/users/ HTTP/1.1" 201 50 "-" "node-superagent/3.8.3"

info: ::ffff:127.0.0.1 - - [21/Aug/2024:05:56:14 +0000] "POST /api/v1/users/admin HTTP/1.1" 201 50 "-" "node-superagent/3.8.3"

info: ::ffff:127.0.0.1 - - [21/Aug/2024:05:56:14 +0000] "POST /api/v1/users/login/ HTTP/1.1" 200 79 "-" "node-superagent/3.8.3"

info: ::ffff:127.0.0.1 - - [21/Aug/2024:05:56:14 +0000] "POST /api/v1/users/login/ HTTP/1.1" 200 79 "-" "node-superagent/3.8.3"

error: uncaughtException: expected 500 to equal 200
AssertionError: expected 500 to equal 200
    at Test.<anonymous> (tests\integration\order.test.ts:95:37)
    at Test.assert (node_modules\supertest\lib\test.js:181:6)
    at Server.localAssert (node_modules\supertest\lib\test.js:131:12)
    at Object.onceWrapper (node:events:641:28)
    at Server.emit (node:events:527:28)
    at Server.emit (node:domain:475:12)
    at emitCloseNT (node:net:1728:8)
    at processTicksAndRejections (node:internal/process/task_queues:82:21) {"date":"Wed Aug 21 2024 11:26:14 GMT+0530 (India Standard Time)","error":{"actual":"500","expected":"200","message":"expected 500 to equal 200","name":"AssertionError","operator":"strictEqual","showDiff":true,"stack":"AssertionError: expected 500 to equal 200\n    at Test.<anonymous> (tests\\integration\\order.test.ts:95:37)\n    at Test.assert (node_modules\\supertest\\lib\\test.js:181:6)\n    at Server.localAssert (node_modules\\supertest\\lib\\test.js:131:12)\n    at Object.onceWrapper (node:events:641:28)\n    at Server.emit (node:events:527:28)\n    at Server.emit (node:domain:475:12)\n    at emitCloseNT (node:net:1728:8)\n    at processTicksAndRejections (node:internal/process/task_queues:82:21)","uncaught":true},"exception":true,"os":{"loadavg":[0,0,0],"uptime":411516},"process":{"argv":["C:\\Program Files\\nodejs\\node.exe","D:\\New folder\\bookStore\\node_modules\\mocha\\bin\\mocha","--exit","--recursive","--require","ts-node/register","--timeout=5000","tests/integration/*.ts"],"cwd":"D:\\New folder\\bookStore","execPath":"C:\\Program Files\\nodejs\\node.exe","gid":null,"memoryUsage":{"arrayBuffers":1908913,"external":5059811,"heapTotal":227311616,"heapUsed":190520984,"rss":270483456},"pid":17424,"uid":null,"version":"v16.15.1"},"stack":"AssertionError: expected 500 to equal 200\n    at Test.<anonymous> (tests\\integration\\order.test.ts:95:37)\n    at Test.assert (node_modules\\supertest\\lib\\test.js:181:6)\n    at Server.localAssert (node_modules\\supertest\\lib\\test.js:131:12)\n    at Object.onceWrapper (node:events:641:28)\n    at Server.emit (node:events:527:28)\n    at Server.emit (node:domain:475:12)\n    at emitCloseNT (node:net:1728:8)\n    at processTicksAndRejections (node:internal/process/task_queues:82:21)","trace":[{"column":37,"file":"tests\\integration\\order.test.ts","function":null,"line":95,"method":null,"native":false},{"column":6,"file":"node_modules\\supertest\\lib\\test.js","function":"Test.assert","line":181,"method":"assert","native":false},{"column":12,"file":"node_modules\\supertest\\lib\\test.js","function":"Server.localAssert","line":131,"method":"localAssert","native":false},{"column":28,"file":"node:events","function":"Object.onceWrapper","line":641,"method":"onceWrapper","native":false},{"column":28,"file":"node:events","function":"Server.emit","line":527,"method":"emit","native":false},{"column":12,"file":"node:domain","function":"Server.emit","line":475,"method":"emit","native":false},{"column":8,"file":"node:net","function":"emitCloseNT","line":1728,"method":null,"native":false},{"column":21,"file":"node:internal/process/task_queues","function":"processTicksAndRejections","line":82,"method":null,"native":false}]}
error: uncaughtException: expected 500 to equal 200
AssertionError: expected 500 to equal 200
    at Test.<anonymous> (tests\integration\order.test.ts:95:37)
    at Test.assert (node_modules\supertest\lib\test.js:181:6)
    at Server.localAssert (node_modules\supertest\lib\test.js:131:12)
    at Object.onceWrapper (node:events:641:28)
    at Server.emit (node:events:527:28)
    at Server.emit (node:domain:475:12)
    at emitCloseNT (node:net:1728:8)
    at processTicksAndRejections (node:internal/process/task_queues:82:21) {"date":"Wed Aug 21 2024 11:26:14 GMT+0530 (India Standard Time)","error":{"actual":"500","expected":"200","message":"expected 500 to equal 200","name":"AssertionError","operator":"strictEqual","showDiff":true,"stack":"AssertionError: expected 500 to equal 200\n    at Test.<anonymous> (tests\\integration\\order.test.ts:95:37)\n    at Test.assert (node_modules\\supertest\\lib\\test.js:181:6)\n    at Server.localAssert (node_modules\\supertest\\lib\\test.js:131:12)\n    at Object.onceWrapper (node:events:641:28)\n    at Server.emit (node:events:527:28)\n    at Server.emit (node:domain:475:12)\n    at emitCloseNT (node:net:1728:8)\n    at processTicksAndRejections (node:internal/process/task_queues:82:21)","uncaught":true},"exception":true,"os":{"loadavg":[0,0,0],"uptime":411516},"process":{"argv":["C:\\Program Files\\nodejs\\node.exe","D:\\New folder\\bookStore\\node_modules\\mocha\\bin\\mocha","--exit","--recursive","--require","ts-node/register","--timeout=5000","tests/integration/*.ts"],"cwd":"D:\\New folder\\bookStore","execPath":"C:\\Program Files\\nodejs\\node.exe","gid":null,"memoryUsage":{"arrayBuffers":1917105,"external":5068003,"heapTotal":227311616,"heapUsed":190568360,"rss":270483456},"pid":17424,"uid":null,"version":"v16.15.1"},"stack":"AssertionError: expected 500 to equal 200\n    at Test.<anonymous> (tests\\integration\\order.test.ts:95:37)\n    at Test.assert (node_modules\\supertest\\lib\\test.js:181:6)\n    at Server.localAssert (node_modules\\supertest\\lib\\test.js:131:12)\n    at Object.onceWrapper (node:events:641:28)\n    at Server.emit (node:events:527:28)\n    at Server.emit (node:domain:475:12)\n    at emitCloseNT (node:net:1728:8)\n    at processTicksAndRejections (node:internal/process/task_queues:82:21)","trace":[{"column":37,"file":"tests\\integration\\order.test.ts","function":null,"line":95,"method":null,"native":false},{"column":6,"file":"node_modules\\supertest\\lib\\test.js","function":"Test.assert","line":181,"method":"assert","native":false},{"column":12,"file":"node_modules\\supertest\\lib\\test.js","function":"Server.localAssert","line":131,"method":"localAssert","native":false},{"column":28,"file":"node:events","function":"Object.onceWrapper","line":641,"method":"onceWrapper","native":false},{"column":28,"file":"node:events","function":"Server.emit","line":527,"method":"emit","native":false},{"column":12,"file":"node:domain","function":"Server.emit","line":475,"method":"emit","native":false},{"column":8,"file":"node:net","function":"emitCloseNT","line":1728,"method":null,"native":false},{"column":21,"file":"node:internal/process/task_queues","function":"processTicksAndRejections","line":82,"method":null,"native":false}]}
error: uncaughtException: expected 500 to equal 200
AssertionError: expected 500 to equal 200
    at Test.<anonymous> (tests\integration\order.test.ts:95:37)
    at Test.assert (node_modules\supertest\lib\test.js:181:6)
    at Server.localAssert (node_modules\supertest\lib\test.js:131:12)
    at Object.onceWrapper (node:events:641:28)
    at Server.emit (node:events:527:28)
    at Server.emit (node:domain:475:12)
    at emitCloseNT (node:net:1728:8)
    at processTicksAndRejections (node:internal/process/task_queues:82:21) {"date":"Wed Aug 21 2024 11:26:14 GMT+0530 (India Standard Time)","error":{"actual":"500","expected":"200","message":"expected 500 to equal 200","name":"AssertionError","operator":"strictEqual","showDiff":true,"stack":"AssertionError: expected 500 to equal 200\n    at Test.<anonymous> (tests\\integration\\order.test.ts:95:37)\n    at Test.assert (node_modules\\supertest\\lib\\test.js:181:6)\n    at Server.localAssert (node_modules\\supertest\\lib\\test.js:131:12)\n    at Object.onceWrapper (node:events:641:28)\n    at Server.emit (node:events:527:28)\n    at Server.emit (node:domain:475:12)\n    at emitCloseNT (node:net:1728:8)\n    at processTicksAndRejections (node:internal/process/task_queues:82:21)","uncaught":true},"exception":true,"os":{"loadavg":[0,0,0],"uptime":411516},"process":{"argv":["C:\\Program Files\\nodejs\\node.exe","D:\\New folder\\bookStore\\node_modules\\mocha\\bin\\mocha","--exit","--recursive","--require","ts-node/register","--timeout=5000","tests/integration/*.ts"],"cwd":"D:\\New folder\\bookStore","execPath":"C:\\Program Files\\nodejs\\node.exe","gid":null,"memoryUsage":{"arrayBuffers":1917105,"external":5068003,"heapTotal":227311616,"heapUsed":190615568,"rss":270483456},"pid":17424,"uid":null,"version":"v16.15.1"},"stack":"AssertionError: expected 500 to equal 200\n    at Test.<anonymous> (tests\\integration\\order.test.ts:95:37)\n    at Test.assert (node_modules\\supertest\\lib\\test.js:181:6)\n    at Server.localAssert (node_modules\\supertest\\lib\\test.js:131:12)\n    at Object.onceWrapper (node:events:641:28)\n    at Server.emit (node:events:527:28)\n    at Server.emit (node:domain:475:12)\n    at emitCloseNT (node:net:1728:8)\n    at processTicksAndRejections (node:internal/process/task_queues:82:21)","trace":[{"column":37,"file":"tests\\integration\\order.test.ts","function":null,"line":95,"method":null,"native":false},{"column":6,"file":"node_modules\\supertest\\lib\\test.js","function":"Test.assert","line":181,"method":"assert","native":false},{"column":12,"file":"node_modules\\supertest\\lib\\test.js","function":"Server.localAssert","line":131,"method":"localAssert","native":false},{"column":28,"file":"node:events","function":"Object.onceWrapper","line":641,"method":"onceWrapper","native":false},{"column":28,"file":"node:events","function":"Server.emit","line":527,"method":"emit","native":false},{"column":12,"file":"node:domain","function":"Server.emit","line":475,"method":"emit","native":false},{"column":8,"file":"node:net","function":"emitCloseNT","line":1728,"method":null,"native":false},{"column":21,"file":"node:internal/process/task_queues","function":"processTicksAndRejections","line":82,"method":null,"native":false}]}
error: uncaughtException: expected 500 to equal 200
AssertionError: expected 500 to equal 200
    at Test.<anonymous> (tests\integration\order.test.ts:95:37)
    at Test.assert (node_modules\supertest\lib\test.js:181:6)
    at Server.localAssert (node_modules\supertest\lib\test.js:131:12)
    at Object.onceWrapper (node:events:641:28)
    at Server.emit (node:events:527:28)
    at Server.emit (node:domain:475:12)
    at emitCloseNT (node:net:1728:8)
    at processTicksAndRejections (node:internal/process/task_queues:82:21) {"date":"Wed Aug 21 2024 11:26:14 GMT+0530 (India Standard Time)","error":{"actual":"500","expected":"200","message":"expected 500 to equal 200","name":"AssertionError","operator":"strictEqual","showDiff":true,"stack":"AssertionError: expected 500 to equal 200\n    at Test.<anonymous> (tests\\integration\\order.test.ts:95:37)\n    at Test.assert (node_modules\\supertest\\lib\\test.js:181:6)\n    at Server.localAssert (node_modules\\supertest\\lib\\test.js:131:12)\n    at Object.onceWrapper (node:events:641:28)\n    at Server.emit (node:events:527:28)\n    at Server.emit (node:domain:475:12)\n    at emitCloseNT (node:net:1728:8)\n    at processTicksAndRejections (node:internal/process/task_queues:82:21)","uncaught":true},"exception":true,"os":{"loadavg":[0,0,0],"uptime":411516},"process":{"argv":["C:\\Program Files\\nodejs\\node.exe","D:\\New folder\\bookStore\\node_modules\\mocha\\bin\\mocha","--exit","--recursive","--require","ts-node/register","--timeout=5000","tests/integration/*.ts"],"cwd":"D:\\New folder\\bookStore","execPath":"C:\\Program Files\\nodejs\\node.exe","gid":null,"memoryUsage":{"arrayBuffers":1925297,"external":5076195,"heapTotal":227311616,"heapUsed":190662944,"rss":270483456},"pid":17424,"uid":null,"version":"v16.15.1"},"stack":"AssertionError: expected 500 to equal 200\n    at Test.<anonymous> (tests\\integration\\order.test.ts:95:37)\n    at Test.assert (node_modules\\supertest\\lib\\test.js:181:6)\n    at Server.localAssert (node_modules\\supertest\\lib\\test.js:131:12)\n    at Object.onceWrapper (node:events:641:28)\n    at Server.emit (node:events:527:28)\n    at Server.emit (node:domain:475:12)\n    at emitCloseNT (node:net:1728:8)\n    at processTicksAndRejections (node:internal/process/task_queues:82:21)","trace":[{"column":37,"file":"tests\\integration\\order.test.ts","function":null,"line":95,"method":null,"native":false},{"column":6,"file":"node_modules\\supertest\\lib\\test.js","function":"Test.assert","line":181,"method":"assert","native":false},{"column":12,"file":"node_modules\\supertest\\lib\\test.js","function":"Server.localAssert","line":131,"method":"localAssert","native":false},{"column":28,"file":"node:events","function":"Object.onceWrapper","line":641,"method":"onceWrapper","native":false},{"column":28,"file":"node:events","function":"Server.emit","line":527,"method":"emit","native":false},{"column":12,"file":"node:domain","function":"Server.emit","line":475,"method":"emit","native":false},{"column":8,"file":"node:net","function":"emitCloseNT","line":1728,"method":null,"native":false},{"column":21,"file":"node:internal/process/task_queues","function":"processTicksAndRejections","line":82,"method":null,"native":false}]}
info: ::ffff:127.0.0.1 - - [21/Aug/2024:05:56:14 +0000] "POST /api/v1/order/ HTTP/1.1" 500 48 "-" "node-superagent/3.8.3"

error: uncaughtException: expected 500 to equal 200
AssertionError: expected 500 to equal 200
    at Test.<anonymous> (tests\integration\order.test.ts:95:37)
    at Test.assert (node_modules\supertest\lib\test.js:181:6)
    at Server.localAssert (node_modules\supertest\lib\test.js:131:12)
    at Object.onceWrapper (node:events:641:28)
    at Server.emit (node:events:527:28)
    at Server.emit (node:domain:475:12)
    at emitCloseNT (node:net:1728:8)
    at processTicksAndRejections (node:internal/process/task_queues:82:21) {"date":"Wed Aug 21 2024 11:26:14 GMT+0530 (India Standard Time)","error":{"actual":"500","expected":"200","message":"expected 500 to equal 200","name":"AssertionError","operator":"strictEqual","showDiff":true,"stack":"AssertionError: expected 500 to equal 200\n    at Test.<anonymous> (tests\\integration\\order.test.ts:95:37)\n    at Test.assert (node_modules\\supertest\\lib\\test.js:181:6)\n    at Server.localAssert (node_modules\\supertest\\lib\\test.js:131:12)\n    at Object.onceWrapper (node:events:641:28)\n    at Server.emit (node:events:527:28)\n    at Server.emit (node:domain:475:12)\n    at emitCloseNT (node:net:1728:8)\n    at processTicksAndRejections (node:internal/process/task_queues:82:21)","uncaught":true},"exception":true,"os":{"loadavg":[0,0,0],"uptime":411516},"process":{"argv":["C:\\Program Files\\nodejs\\node.exe","D:\\New folder\\bookStore\\node_modules\\mocha\\bin\\mocha","--exit","--recursive","--require","ts-node/register","--timeout=5000","tests/integration/*.ts"],"cwd":"D:\\New folder\\bookStore","execPath":"C:\\Program Files\\nodejs\\node.exe","gid":null,"memoryUsage":{"arrayBuffers":1925297,"external":5076195,"heapTotal":227311616,"heapUsed":190710152,"rss":270483456},"pid":17424,"uid":null,"version":"v16.15.1"},"stack":"AssertionError: expected 500 to equal 200\n    at Test.<anonymous> (tests\\integration\\order.test.ts:95:37)\n    at Test.assert (node_modules\\supertest\\lib\\test.js:181:6)\n    at Server.localAssert (node_modules\\supertest\\lib\\test.js:131:12)\n    at Object.onceWrapper (node:events:641:28)\n    at Server.emit (node:events:527:28)\n    at Server.emit (node:domain:475:12)\n    at emitCloseNT (node:net:1728:8)\n    at processTicksAndRejections (node:internal/process/task_queues:82:21)","trace":[{"column":37,"file":"tests\\integration\\order.test.ts","function":null,"line":95,"method":null,"native":false},{"column":6,"file":"node_modules\\supertest\\lib\\test.js","function":"Test.assert","line":181,"method":"assert","native":false},{"column":12,"file":"node_modules\\supertest\\lib\\test.js","function":"Server.localAssert","line":131,"method":"localAssert","native":false},{"column":28,"file":"node:events","function":"Object.onceWrapper","line":641,"method":"onceWrapper","native":false},{"column":28,"file":"node:events","function":"Server.emit","line":527,"method":"emit","native":false},{"column":12,"file":"node:domain","function":"Server.emit","line":475,"method":"emit","native":false},{"column":8,"file":"node:net","function":"emitCloseNT","line":1728,"method":null,"native":false},{"column":21,"file":"node:internal/process/task_queues","function":"processTicksAndRejections","line":82,"method":null,"native":false}]}
info: ::ffff:127.0.0.1 - - [21/Aug/2024:05:56:14 +0000] "GET /api/v1/order/ HTTP/1.1" 500 48 "-" "node-superagent/3.8.3"

error: uncaughtException: expected 500 to equal 200
AssertionError: expected 500 to equal 200
    at Test.<anonymous> (tests\integration\order.test.ts:107:37)
    at Test.assert (node_modules\supertest\lib\test.js:181:6)
    at Server.localAssert (node_modules\supertest\lib\test.js:131:12)
    at Object.onceWrapper (node:events:641:28)
    at Server.emit (node:events:527:28)
    at Server.emit (node:domain:475:12)
    at emitCloseNT (node:net:1728:8)
    at processTicksAndRejections (node:internal/process/task_queues:82:21) {"date":"Wed Aug 21 2024 11:26:14 GMT+0530 (India Standard Time)","error":{"actual":"500","expected":"200","message":"expected 500 to equal 200","name":"AssertionError","operator":"strictEqual","showDiff":true,"stack":"AssertionError: expected 500 to equal 200\n    at Test.<anonymous> (tests\\integration\\order.test.ts:107:37)\n    at Test.assert (node_modules\\supertest\\lib\\test.js:181:6)\n    at Server.localAssert (node_modules\\supertest\\lib\\test.js:131:12)\n    at Object.onceWrapper (node:events:641:28)\n    at Server.emit (node:events:527:28)\n    at Server.emit (node:domain:475:12)\n    at emitCloseNT (node:net:1728:8)\n    at processTicksAndRejections (node:internal/process/task_queues:82:21)","uncaught":true},"exception":true,"os":{"loadavg":[0,0,0],"uptime":411517},"process":{"argv":["C:\\Program Files\\nodejs\\node.exe","D:\\New folder\\bookStore\\node_modules\\mocha\\bin\\mocha","--exit","--recursive","--require","ts-node/register","--timeout=5000","tests/integration/*.ts"],"cwd":"D:\\New folder\\bookStore","execPath":"C:\\Program Files\\nodejs\\node.exe","gid":null,"memoryUsage":{"arrayBuffers":1934359,"external":5085257,"heapTotal":227311616,"heapUsed":193089184,"rss":270512128},"pid":17424,"uid":null,"version":"v16.15.1"},"stack":"AssertionError: expected 500 to equal 200\n    at Test.<anonymous> (tests\\integration\\order.test.ts:107:37)\n    at Test.assert (node_modules\\supertest\\lib\\test.js:181:6)\n    at Server.localAssert (node_modules\\supertest\\lib\\test.js:131:12)\n    at Object.onceWrapper (node:events:641:28)\n    at Server.emit (node:events:527:28)\n    at Server.emit (node:domain:475:12)\n    at emitCloseNT (node:net:1728:8)\n    at processTicksAndRejections (node:internal/process/task_queues:82:21)","trace":[{"column":37,"file":"tests\\integration\\order.test.ts","function":null,"line":107,"method":null,"native":false},{"column":6,"file":"node_modules\\supertest\\lib\\test.js","function":"Test.assert","line":181,"method":"assert","native":false},{"column":12,"file":"node_modules\\supertest\\lib\\test.js","function":"Server.localAssert","line":131,"method":"localAssert","native":false},{"column":28,"file":"node:events","function":"Object.onceWrapper","line":641,"method":"onceWrapper","native":false},{"column":28,"file":"node:events","function":"Server.emit","line":527,"method":"emit","native":false},{"column":12,"file":"node:domain","function":"Server.emit","line":475,"method":"emit","native":false},{"column":8,"file":"node:net","function":"emitCloseNT","line":1728,"method":null,"native":false},{"column":21,"file":"node:internal/process/task_queues","function":"processTicksAndRejections","line":82,"method":null,"native":false}]}
info: ::ffff:127.0.0.1 - - [21/Aug/2024:05:56:14 +0000] "POST /api/v1/users/admin/delete HTTP/1.1" 500 48 "-" "node-superagent/3.8.3"

error: uncaughtException: expected 500 to equal 200
AssertionError: expected 500 to equal 200
    at Test.<anonymous> (tests\integration\order.test.ts:122:37)
    at Test.assert (node_modules\supertest\lib\test.js:181:6)
    at Server.localAssert (node_modules\supertest\lib\test.js:131:12)
    at Object.onceWrapper (node:events:641:28)
    at Server.emit (node:events:527:28)
    at Server.emit (node:domain:475:12)
    at emitCloseNT (node:net:1728:8)
    at processTicksAndRejections (node:internal/process/task_queues:82:21) {"date":"Wed Aug 21 2024 11:26:14 GMT+0530 (India Standard Time)","error":{"actual":"500","expected":"200","message":"expected 500 to equal 200","name":"AssertionError","operator":"strictEqual","showDiff":true,"stack":"AssertionError: expected 500 to equal 200\n    at Test.<anonymous> (tests\\integration\\order.test.ts:122:37)\n    at Test.assert (node_modules\\supertest\\lib\\test.js:181:6)\n    at Server.localAssert (node_modules\\supertest\\lib\\test.js:131:12)\n    at Object.onceWrapper (node:events:641:28)\n    at Server.emit (node:events:527:28)\n    at Server.emit (node:domain:475:12)\n    at emitCloseNT (node:net:1728:8)\n    at processTicksAndRejections (node:internal/process/task_queues:82:21)","uncaught":true},"exception":true,"os":{"loadavg":[0,0,0],"uptime":411517},"process":{"argv":["C:\\Program Files\\nodejs\\node.exe","D:\\New folder\\bookStore\\node_modules\\mocha\\bin\\mocha","--exit","--recursive","--require","ts-node/register","--timeout=5000","tests/integration/*.ts"],"cwd":"D:\\New folder\\bookStore","execPath":"C:\\Program Files\\nodejs\\node.exe","gid":null,"memoryUsage":{"arrayBuffers":1875472,"external":5094603,"heapTotal":227311616,"heapUsed":187473600,"rss":270680064},"pid":17424,"uid":null,"version":"v16.15.1"},"stack":"AssertionError: expected 500 to equal 200\n    at Test.<anonymous> (tests\\integration\\order.test.ts:122:37)\n    at Test.assert (node_modules\\supertest\\lib\\test.js:181:6)\n    at Server.localAssert (node_modules\\supertest\\lib\\test.js:131:12)\n    at Object.onceWrapper (node:events:641:28)\n    at Server.emit (node:events:527:28)\n    at Server.emit (node:domain:475:12)\n    at emitCloseNT (node:net:1728:8)\n    at processTicksAndRejections (node:internal/process/task_queues:82:21)","trace":[{"column":37,"file":"tests\\integration\\order.test.ts","function":null,"line":122,"method":null,"native":false},{"column":6,"file":"node_modules\\supertest\\lib\\test.js","function":"Test.assert","line":181,"method":"assert","native":false},{"column":12,"file":"node_modules\\supertest\\lib\\test.js","function":"Server.localAssert","line":131,"method":"localAssert","native":false},{"column":28,"file":"node:events","function":"Object.onceWrapper","line":641,"method":"onceWrapper","native":false},{"column":28,"file":"node:events","function":"Server.emit","line":527,"method":"emit","native":false},{"column":12,"file":"node:domain","function":"Server.emit","line":475,"method":"emit","native":false},{"column":8,"file":"node:net","function":"emitCloseNT","line":1728,"method":null,"native":false},{"column":21,"file":"node:internal/process/task_queues","function":"processTicksAndRejections","line":82,"method":null,"native":false}]}
info: ::ffff:127.0.0.1 - - [21/Aug/2024:05:56:14 +0000] "POST /api/v1/users/login/delete HTTP/1.1" 500 48 "-" "node-superagent/3.8.3"

error: uncaughtException: expected 500 to equal 200
AssertionError: expected 500 to equal 200
    at Test.<anonymous> (tests\integration\order.test.ts:135:37)
    at Test.assert (node_modules\supertest\lib\test.js:181:6)
    at Server.localAssert (node_modules\supertest\lib\test.js:131:12)
    at Object.onceWrapper (node:events:641:28)
    at Server.emit (node:events:527:28)
    at Server.emit (node:domain:475:12)
    at emitCloseNT (node:net:1728:8)
    at processTicksAndRejections (node:internal/process/task_queues:82:21) {"date":"Wed Aug 21 2024 11:26:15 GMT+0530 (India Standard Time)","error":{"actual":"500","expected":"200","message":"expected 500 to equal 200","name":"AssertionError","operator":"strictEqual","showDiff":true,"stack":"AssertionError: expected 500 to equal 200\n    at Test.<anonymous> (tests\\integration\\order.test.ts:135:37)\n    at Test.assert (node_modules\\supertest\\lib\\test.js:181:6)\n    at Server.localAssert (node_modules\\supertest\\lib\\test.js:131:12)\n    at Object.onceWrapper (node:events:641:28)\n    at Server.emit (node:events:527:28)\n    at Server.emit (node:domain:475:12)\n    at emitCloseNT (node:net:1728:8)\n    at processTicksAndRejections (node:internal/process/task_queues:82:21)","uncaught":true},"exception":true,"os":{"loadavg":[0,0,0],"uptime":411517},"process":{"argv":["C:\\Program Files\\nodejs\\node.exe","D:\\New folder\\bookStore\\node_modules\\mocha\\bin\\mocha","--exit","--recursive","--require","ts-node/register","--timeout=5000","tests/integration/*.ts"],"cwd":"D:\\New folder\\bookStore","execPath":"C:\\Program Files\\nodejs\\node.exe","gid":null,"memoryUsage":{"arrayBuffers":1876625,"external":5095756,"heapTotal":227311616,"heapUsed":189212944,"rss":270692352},"pid":17424,"uid":null,"version":"v16.15.1"},"stack":"AssertionError: expected 500 to equal 200\n    at Test.<anonymous> (tests\\integration\\order.test.ts:135:37)\n    at Test.assert (node_modules\\supertest\\lib\\test.js:181:6)\n    at Server.localAssert (node_modules\\supertest\\lib\\test.js:131:12)\n    at Object.onceWrapper (node:events:641:28)\n    at Server.emit (node:events:527:28)\n    at Server.emit (node:domain:475:12)\n    at emitCloseNT (node:net:1728:8)\n    at processTicksAndRejections (node:internal/process/task_queues:82:21)","trace":[{"column":37,"file":"tests\\integration\\order.test.ts","function":null,"line":135,"method":null,"native":false},{"column":6,"file":"node_modules\\supertest\\lib\\test.js","function":"Test.assert","line":181,"method":"assert","native":false},{"column":12,"file":"node_modules\\supertest\\lib\\test.js","function":"Server.localAssert","line":131,"method":"localAssert","native":false},{"column":28,"file":"node:events","function":"Object.onceWrapper","line":641,"method":"onceWrapper","native":false},{"column":28,"file":"node:events","function":"Server.emit","line":527,"method":"emit","native":false},{"column":12,"file":"node:domain","function":"Server.emit","line":475,"method":"emit","native":false},{"column":8,"file":"node:net","function":"emitCloseNT","line":1728,"method":null,"native":false},{"column":21,"file":"node:internal/process/task_queues","function":"processTicksAndRejections","line":82,"method":null,"native":false}]}
info: ::ffff:127.0.0.1 - - [21/Aug/2024:05:56:15 +0000] "POST /api/v1/users/ HTTP/1.1" 201 50 "-" "node-superagent/3.8.3"

info: ::ffff:127.0.0.1 - - [21/Aug/2024:05:56:15 +0000] "POST /api/v1/users/admin HTTP/1.1" 201 50 "-" "node-superagent/3.8.3"

info: ::ffff:127.0.0.1 - - [21/Aug/2024:05:56:15 +0000] "POST /api/v1/users/login/ HTTP/1.1" 200 79 "-" "node-superagent/3.8.3"

info: ::ffff:127.0.0.1 - - [21/Aug/2024:05:56:15 +0000] "POST /api/v1/users/login/ HTTP/1.1" 200 79 "-" "node-superagent/3.8.3"

error: uncaughtException: expected 500 to equal 200
AssertionError: expected 500 to equal 200
    at Test.<anonymous> (tests\integration\user.test.ts:87:37)
    at Test.assert (node_modules\supertest\lib\test.js:181:6)
    at Server.localAssert (node_modules\supertest\lib\test.js:131:12)
    at Object.onceWrapper (node:events:641:28)
    at Server.emit (node:events:527:28)
    at Server.emit (node:domain:475:12)
    at emitCloseNT (node:net:1728:8)
    at processTicksAndRejections (node:internal/process/task_queues:82:21) {"date":"Wed Aug 21 2024 11:26:15 GMT+0530 (India Standard Time)","error":{"actual":"500","expected":"200","message":"expected 500 to equal 200","name":"AssertionError","operator":"strictEqual","showDiff":true,"stack":"AssertionError: expected 500 to equal 200\n    at Test.<anonymous> (tests\\integration\\user.test.ts:87:37)\n    at Test.assert (node_modules\\supertest\\lib\\test.js:181:6)\n    at Server.localAssert (node_modules\\supertest\\lib\\test.js:131:12)\n    at Object.onceWrapper (node:events:641:28)\n    at Server.emit (node:events:527:28)\n    at Server.emit (node:domain:475:12)\n    at emitCloseNT (node:net:1728:8)\n    at processTicksAndRejections (node:internal/process/task_queues:82:21)","uncaught":true},"exception":true,"os":{"loadavg":[0,0,0],"uptime":411518},"process":{"argv":["C:\\Program Files\\nodejs\\node.exe","D:\\New folder\\bookStore\\node_modules\\mocha\\bin\\mocha","--exit","--recursive","--require","ts-node/register","--timeout=5000","tests/integration/*.ts"],"cwd":"D:\\New folder\\bookStore","execPath":"C:\\Program Files\\nodejs\\node.exe","gid":null,"memoryUsage":{"arrayBuffers":1898677,"external":5117808,"heapTotal":227311616,"heapUsed":192938112,"rss":270802944},"pid":17424,"uid":null,"version":"v16.15.1"},"stack":"AssertionError: expected 500 to equal 200\n    at Test.<anonymous> (tests\\integration\\user.test.ts:87:37)\n    at Test.assert (node_modules\\supertest\\lib\\test.js:181:6)\n    at Server.localAssert (node_modules\\supertest\\lib\\test.js:131:12)\n    at Object.onceWrapper (node:events:641:28)\n    at Server.emit (node:events:527:28)\n    at Server.emit (node:domain:475:12)\n    at emitCloseNT (node:net:1728:8)\n    at processTicksAndRejections (node:internal/process/task_queues:82:21)","trace":[{"column":37,"file":"tests\\integration\\user.test.ts","function":null,"line":87,"method":null,"native":false},{"column":6,"file":"node_modules\\supertest\\lib\\test.js","function":"Test.assert","line":181,"method":"assert","native":false},{"column":12,"file":"node_modules\\supertest\\lib\\test.js","function":"Server.localAssert","line":131,"method":"localAssert","native":false},{"column":28,"file":"node:events","function":"Object.onceWrapper","line":641,"method":"onceWrapper","native":false},{"column":28,"file":"node:events","function":"Server.emit","line":527,"method":"emit","native":false},{"column":12,"file":"node:domain","function":"Server.emit","line":475,"method":"emit","native":false},{"column":8,"file":"node:net","function":"emitCloseNT","line":1728,"method":null,"native":false},{"column":21,"file":"node:internal/process/task_queues","function":"processTicksAndRejections","line":82,"method":null,"native":false}]}
error: uncaughtException: expected 500 to equal 200
AssertionError: expected 500 to equal 200
    at Test.<anonymous> (tests\integration\user.test.ts:87:37)
    at Test.assert (node_modules\supertest\lib\test.js:181:6)
    at Server.localAssert (node_modules\supertest\lib\test.js:131:12)
    at Object.onceWrapper (node:events:641:28)
    at Server.emit (node:events:527:28)
    at Server.emit (node:domain:475:12)
    at emitCloseNT (node:net:1728:8)
    at processTicksAndRejections (node:internal/process/task_queues:82:21) {"date":"Wed Aug 21 2024 11:26:15 GMT+0530 (India Standard Time)","error":{"actual":"500","expected":"200","message":"expected 500 to equal 200","name":"AssertionError","operator":"strictEqual","showDiff":true,"stack":"AssertionError: expected 500 to equal 200\n    at Test.<anonymous> (tests\\integration\\user.test.ts:87:37)\n    at Test.assert (node_modules\\supertest\\lib\\test.js:181:6)\n    at Server.localAssert (node_modules\\supertest\\lib\\test.js:131:12)\n    at Object.onceWrapper (node:events:641:28)\n    at Server.emit (node:events:527:28)\n    at Server.emit (node:domain:475:12)\n    at emitCloseNT (node:net:1728:8)\n    at processTicksAndRejections (node:internal/process/task_queues:82:21)","uncaught":true},"exception":true,"os":{"loadavg":[0,0,0],"uptime":411518},"process":{"argv":["C:\\Program Files\\nodejs\\node.exe","D:\\New folder\\bookStore\\node_modules\\mocha\\bin\\mocha","--exit","--recursive","--require","ts-node/register","--timeout=5000","tests/integration/*.ts"],"cwd":"D:\\New folder\\bookStore","execPath":"C:\\Program Files\\nodejs\\node.exe","gid":null,"memoryUsage":{"arrayBuffers":1906869,"external":5126000,"heapTotal":227311616,"heapUsed":192984456,"rss":270802944},"pid":17424,"uid":null,"version":"v16.15.1"},"stack":"AssertionError: expected 500 to equal 200\n    at Test.<anonymous> (tests\\integration\\user.test.ts:87:37)\n    at Test.assert (node_modules\\supertest\\lib\\test.js:181:6)\n    at Server.localAssert (node_modules\\supertest\\lib\\test.js:131:12)\n    at Object.onceWrapper (node:events:641:28)\n    at Server.emit (node:events:527:28)\n    at Server.emit (node:domain:475:12)\n    at emitCloseNT (node:net:1728:8)\n    at processTicksAndRejections (node:internal/process/task_queues:82:21)","trace":[{"column":37,"file":"tests\\integration\\user.test.ts","function":null,"line":87,"method":null,"native":false},{"column":6,"file":"node_modules\\supertest\\lib\\test.js","function":"Test.assert","line":181,"method":"assert","native":false},{"column":12,"file":"node_modules\\supertest\\lib\\test.js","function":"Server.localAssert","line":131,"method":"localAssert","native":false},{"column":28,"file":"node:events","function":"Object.onceWrapper","line":641,"method":"onceWrapper","native":false},{"column":28,"file":"node:events","function":"Server.emit","line":527,"method":"emit","native":false},{"column":12,"file":"node:domain","function":"Server.emit","line":475,"method":"emit","native":false},{"column":8,"file":"node:net","function":"emitCloseNT","line":1728,"method":null,"native":false},{"column":21,"file":"node:internal/process/task_queues","function":"processTicksAndRejections","line":82,"method":null,"native":false}]}
error: uncaughtException: expected 500 to equal 200
AssertionError: expected 500 to equal 200
    at Test.<anonymous> (tests\integration\user.test.ts:87:37)
    at Test.assert (node_modules\supertest\lib\test.js:181:6)
    at Server.localAssert (node_modules\supertest\lib\test.js:131:12)
    at Object.onceWrapper (node:events:641:28)
    at Server.emit (node:events:527:28)
    at Server.emit (node:domain:475:12)
    at emitCloseNT (node:net:1728:8)
    at processTicksAndRejections (node:internal/process/task_queues:82:21) {"date":"Wed Aug 21 2024 11:26:15 GMT+0530 (India Standard Time)","error":{"actual":"500","expected":"200","message":"expected 500 to equal 200","name":"AssertionError","operator":"strictEqual","showDiff":true,"stack":"AssertionError: expected 500 to equal 200\n    at Test.<anonymous> (tests\\integration\\user.test.ts:87:37)\n    at Test.assert (node_modules\\supertest\\lib\\test.js:181:6)\n    at Server.localAssert (node_modules\\supertest\\lib\\test.js:131:12)\n    at Object.onceWrapper (node:events:641:28)\n    at Server.emit (node:events:527:28)\n    at Server.emit (node:domain:475:12)\n    at emitCloseNT (node:net:1728:8)\n    at processTicksAndRejections (node:internal/process/task_queues:82:21)","uncaught":true},"exception":true,"os":{"loadavg":[0,0,0],"uptime":411518},"process":{"argv":["C:\\Program Files\\nodejs\\node.exe","D:\\New folder\\bookStore\\node_modules\\mocha\\bin\\mocha","--exit","--recursive","--require","ts-node/register","--timeout=5000","tests/integration/*.ts"],"cwd":"D:\\New folder\\bookStore","execPath":"C:\\Program Files\\nodejs\\node.exe","gid":null,"memoryUsage":{"arrayBuffers":1906869,"external":5126000,"heapTotal":227311616,"heapUsed":193030616,"rss":270802944},"pid":17424,"uid":null,"version":"v16.15.1"},"stack":"AssertionError: expected 500 to equal 200\n    at Test.<anonymous> (tests\\integration\\user.test.ts:87:37)\n    at Test.assert (node_modules\\supertest\\lib\\test.js:181:6)\n    at Server.localAssert (node_modules\\supertest\\lib\\test.js:131:12)\n    at Object.onceWrapper (node:events:641:28)\n    at Server.emit (node:events:527:28)\n    at Server.emit (node:domain:475:12)\n    at emitCloseNT (node:net:1728:8)\n    at processTicksAndRejections (node:internal/process/task_queues:82:21)","trace":[{"column":37,"file":"tests\\integration\\user.test.ts","function":null,"line":87,"method":null,"native":false},{"column":6,"file":"node_modules\\supertest\\lib\\test.js","function":"Test.assert","line":181,"method":"assert","native":false},{"column":12,"file":"node_modules\\supertest\\lib\\test.js","function":"Server.localAssert","line":131,"method":"localAssert","native":false},{"column":28,"file":"node:events","function":"Object.onceWrapper","line":641,"method":"onceWrapper","native":false},{"column":28,"file":"node:events","function":"Server.emit","line":527,"method":"emit","native":false},{"column":12,"file":"node:domain","function":"Server.emit","line":475,"method":"emit","native":false},{"column":8,"file":"node:net","function":"emitCloseNT","line":1728,"method":null,"native":false},{"column":21,"file":"node:internal/process/task_queues","function":"processTicksAndRejections","line":82,"method":null,"native":false}]}
error: uncaughtException: expected 500 to equal 200
AssertionError: expected 500 to equal 200
    at Test.<anonymous> (tests\integration\user.test.ts:87:37)
    at Test.assert (node_modules\supertest\lib\test.js:181:6)
    at Server.localAssert (node_modules\supertest\lib\test.js:131:12)
    at Object.onceWrapper (node:events:641:28)
    at Server.emit (node:events:527:28)
    at Server.emit (node:domain:475:12)
    at emitCloseNT (node:net:1728:8)
    at processTicksAndRejections (node:internal/process/task_queues:82:21) {"date":"Wed Aug 21 2024 11:26:15 GMT+0530 (India Standard Time)","error":{"actual":"500","expected":"200","message":"expected 500 to equal 200","name":"AssertionError","operator":"strictEqual","showDiff":true,"stack":"AssertionError: expected 500 to equal 200\n    at Test.<anonymous> (tests\\integration\\user.test.ts:87:37)\n    at Test.assert (node_modules\\supertest\\lib\\test.js:181:6)\n    at Server.localAssert (node_modules\\supertest\\lib\\test.js:131:12)\n    at Object.onceWrapper (node:events:641:28)\n    at Server.emit (node:events:527:28)\n    at Server.emit (node:domain:475:12)\n    at emitCloseNT (node:net:1728:8)\n    at processTicksAndRejections (node:internal/process/task_queues:82:21)","uncaught":true},"exception":true,"os":{"loadavg":[0,0,0],"uptime":411518},"process":{"argv":["C:\\Program Files\\nodejs\\node.exe","D:\\New folder\\bookStore\\node_modules\\mocha\\bin\\mocha","--exit","--recursive","--require","ts-node/register","--timeout=5000","tests/integration/*.ts"],"cwd":"D:\\New folder\\bookStore","execPath":"C:\\Program Files\\nodejs\\node.exe","gid":null,"memoryUsage":{"arrayBuffers":1915061,"external":5134192,"heapTotal":227311616,"heapUsed":193076944,"rss":270802944},"pid":17424,"uid":null,"version":"v16.15.1"},"stack":"AssertionError: expected 500 to equal 200\n    at Test.<anonymous> (tests\\integration\\user.test.ts:87:37)\n    at Test.assert (node_modules\\supertest\\lib\\test.js:181:6)\n    at Server.localAssert (node_modules\\supertest\\lib\\test.js:131:12)\n    at Object.onceWrapper (node:events:641:28)\n    at Server.emit (node:events:527:28)\n    at Server.emit (node:domain:475:12)\n    at emitCloseNT (node:net:1728:8)\n    at processTicksAndRejections (node:internal/process/task_queues:82:21)","trace":[{"column":37,"file":"tests\\integration\\user.test.ts","function":null,"line":87,"method":null,"native":false},{"column":6,"file":"node_modules\\supertest\\lib\\test.js","function":"Test.assert","line":181,"method":"assert","native":false},{"column":12,"file":"node_modules\\supertest\\lib\\test.js","function":"Server.localAssert","line":131,"method":"localAssert","native":false},{"column":28,"file":"node:events","function":"Object.onceWrapper","line":641,"method":"onceWrapper","native":false},{"column":28,"file":"node:events","function":"Server.emit","line":527,"method":"emit","native":false},{"column":12,"file":"node:domain","function":"Server.emit","line":475,"method":"emit","native":false},{"column":8,"file":"node:net","function":"emitCloseNT","line":1728,"method":null,"native":false},{"column":21,"file":"node:internal/process/task_queues","function":"processTicksAndRejections","line":82,"method":null,"native":false}]}
info: ::ffff:127.0.0.1 - - [21/Aug/2024:05:56:15 +0000] "POST /api/v1/users/admin/delete HTTP/1.1" 500 48 "-" "node-superagent/3.8.3"

error: uncaughtException: expected 500 to equal 200
AssertionError: expected 500 to equal 200
    at Test.<anonymous> (tests\integration\user.test.ts:87:37)
    at Test.assert (node_modules\supertest\lib\test.js:181:6)
    at Server.localAssert (node_modules\supertest\lib\test.js:131:12)
    at Object.onceWrapper (node:events:641:28)
    at Server.emit (node:events:527:28)
    at Server.emit (node:domain:475:12)
    at emitCloseNT (node:net:1728:8)
    at processTicksAndRejections (node:internal/process/task_queues:82:21) {"date":"Wed Aug 21 2024 11:26:15 GMT+0530 (India Standard Time)","error":{"actual":"500","expected":"200","message":"expected 500 to equal 200","name":"AssertionError","operator":"strictEqual","showDiff":true,"stack":"AssertionError: expected 500 to equal 200\n    at Test.<anonymous> (tests\\integration\\user.test.ts:87:37)\n    at Test.assert (node_modules\\supertest\\lib\\test.js:181:6)\n    at Server.localAssert (node_modules\\supertest\\lib\\test.js:131:12)\n    at Object.onceWrapper (node:events:641:28)\n    at Server.emit (node:events:527:28)\n    at Server.emit (node:domain:475:12)\n    at emitCloseNT (node:net:1728:8)\n    at processTicksAndRejections (node:internal/process/task_queues:82:21)","uncaught":true},"exception":true,"os":{"loadavg":[0,0,0],"uptime":411518},"process":{"argv":["C:\\Program Files\\nodejs\\node.exe","D:\\New folder\\bookStore\\node_modules\\mocha\\bin\\mocha","--exit","--recursive","--require","ts-node/register","--timeout=5000","tests/integration/*.ts"],"cwd":"D:\\New folder\\bookStore","execPath":"C:\\Program Files\\nodejs\\node.exe","gid":null,"memoryUsage":{"arrayBuffers":1915061,"external":5134192,"heapTotal":227311616,"heapUsed":193123104,"rss":270802944},"pid":17424,"uid":null,"version":"v16.15.1"},"stack":"AssertionError: expected 500 to equal 200\n    at Test.<anonymous> (tests\\integration\\user.test.ts:87:37)\n    at Test.assert (node_modules\\supertest\\lib\\test.js:181:6)\n    at Server.localAssert (node_modules\\supertest\\lib\\test.js:131:12)\n    at Object.onceWrapper (node:events:641:28)\n    at Server.emit (node:events:527:28)\n    at Server.emit (node:domain:475:12)\n    at emitCloseNT (node:net:1728:8)\n    at processTicksAndRejections (node:internal/process/task_queues:82:21)","trace":[{"column":37,"file":"tests\\integration\\user.test.ts","function":null,"line":87,"method":null,"native":false},{"column":6,"file":"node_modules\\supertest\\lib\\test.js","function":"Test.assert","line":181,"method":"assert","native":false},{"column":12,"file":"node_modules\\supertest\\lib\\test.js","function":"Server.localAssert","line":131,"method":"localAssert","native":false},{"column":28,"file":"node:events","function":"Object.onceWrapper","line":641,"method":"onceWrapper","native":false},{"column":28,"file":"node:events","function":"Server.emit","line":527,"method":"emit","native":false},{"column":12,"file":"node:domain","function":"Server.emit","line":475,"method":"emit","native":false},{"column":8,"file":"node:net","function":"emitCloseNT","line":1728,"method":null,"native":false},{"column":21,"file":"node:internal/process/task_queues","function":"processTicksAndRejections","line":82,"method":null,"native":false}]}
info: ::ffff:127.0.0.1 - - [21/Aug/2024:05:57:25 +0000] "POST /api/v1/users/ HTTP/1.1" 201 50 "-" "node-superagent/3.8.3"

info: ::ffff:127.0.0.1 - - [21/Aug/2024:05:57:25 +0000] "POST /api/v1/users/admin HTTP/1.1" 201 50 "-" "node-superagent/3.8.3"

info: ::ffff:127.0.0.1 - - [21/Aug/2024:05:57:25 +0000] "POST /api/v1/users/login/ HTTP/1.1" 200 79 "-" "node-superagent/3.8.3"

info: ::ffff:127.0.0.1 - - [21/Aug/2024:05:57:25 +0000] "POST /api/v1/users/login/ HTTP/1.1" 200 79 "-" "node-superagent/3.8.3"

info: ::ffff:127.0.0.1 - - [21/Aug/2024:05:57:25 +0000] "POST /api/v1/users/ HTTP/1.1" 201 50 "-" "node-superagent/3.8.3"

info: ::ffff:127.0.0.1 - - [21/Aug/2024:05:57:26 +0000] "POST /api/v1/users/admin HTTP/1.1" 201 50 "-" "node-superagent/3.8.3"

info: ::ffff:127.0.0.1 - - [21/Aug/2024:05:57:26 +0000] "POST /api/v1/users/login/ HTTP/1.1" 200 79 "-" "node-superagent/3.8.3"

info: ::ffff:127.0.0.1 - - [21/Aug/2024:05:57:26 +0000] "POST /api/v1/users/login/ HTTP/1.1" 200 79 "-" "node-superagent/3.8.3"

error: uncaughtException: expected 500 to equal 200
AssertionError: expected 500 to equal 200
    at Test.<anonymous> (tests\integration\cart.test.ts:95:35)
    at Test.assert (node_modules\supertest\lib\test.js:181:6)
    at Server.localAssert (node_modules\supertest\lib\test.js:131:12)
    at Object.onceWrapper (node:events:641:28)
    at Server.emit (node:events:527:28)
    at Server.emit (node:domain:475:12)
    at emitCloseNT (node:net:1728:8)
    at processTicksAndRejections (node:internal/process/task_queues:82:21) {"date":"Wed Aug 21 2024 11:27:26 GMT+0530 (India Standard Time)","error":{"actual":"500","expected":"200","message":"expected 500 to equal 200","name":"AssertionError","operator":"strictEqual","showDiff":true,"stack":"AssertionError: expected 500 to equal 200\n    at Test.<anonymous> (tests\\integration\\cart.test.ts:95:35)\n    at Test.assert (node_modules\\supertest\\lib\\test.js:181:6)\n    at Server.localAssert (node_modules\\supertest\\lib\\test.js:131:12)\n    at Object.onceWrapper (node:events:641:28)\n    at Server.emit (node:events:527:28)\n    at Server.emit (node:domain:475:12)\n    at emitCloseNT (node:net:1728:8)\n    at processTicksAndRejections (node:internal/process/task_queues:82:21)","uncaught":true},"exception":true,"os":{"loadavg":[0,0,0],"uptime":411588},"process":{"argv":["C:\\Program Files\\nodejs\\node.exe","D:\\New folder\\bookStore\\node_modules\\mocha\\bin\\mocha","--exit","--recursive","--require","ts-node/register","--timeout=5000","tests/integration/*.ts"],"cwd":"D:\\New folder\\bookStore","execPath":"C:\\Program Files\\nodejs\\node.exe","gid":null,"memoryUsage":{"arrayBuffers":2646229,"external":4334411,"heapTotal":220495872,"heapUsed":187527480,"rss":265973760},"pid":12456,"uid":null,"version":"v16.15.1"},"stack":"AssertionError: expected 500 to equal 200\n    at Test.<anonymous> (tests\\integration\\cart.test.ts:95:35)\n    at Test.assert (node_modules\\supertest\\lib\\test.js:181:6)\n    at Server.localAssert (node_modules\\supertest\\lib\\test.js:131:12)\n    at Object.onceWrapper (node:events:641:28)\n    at Server.emit (node:events:527:28)\n    at Server.emit (node:domain:475:12)\n    at emitCloseNT (node:net:1728:8)\n    at processTicksAndRejections (node:internal/process/task_queues:82:21)","trace":[{"column":35,"file":"tests\\integration\\cart.test.ts","function":null,"line":95,"method":null,"native":false},{"column":6,"file":"node_modules\\supertest\\lib\\test.js","function":"Test.assert","line":181,"method":"assert","native":false},{"column":12,"file":"node_modules\\supertest\\lib\\test.js","function":"Server.localAssert","line":131,"method":"localAssert","native":false},{"column":28,"file":"node:events","function":"Object.onceWrapper","line":641,"method":"onceWrapper","native":false},{"column":28,"file":"node:events","function":"Server.emit","line":527,"method":"emit","native":false},{"column":12,"file":"node:domain","function":"Server.emit","line":475,"method":"emit","native":false},{"column":8,"file":"node:net","function":"emitCloseNT","line":1728,"method":null,"native":false},{"column":21,"file":"node:internal/process/task_queues","function":"processTicksAndRejections","line":82,"method":null,"native":false}]}
error: uncaughtException: expected 500 to equal 200
AssertionError: expected 500 to equal 200
    at Test.<anonymous> (tests\integration\cart.test.ts:95:35)
    at Test.assert (node_modules\supertest\lib\test.js:181:6)
    at Server.localAssert (node_modules\supertest\lib\test.js:131:12)
    at Object.onceWrapper (node:events:641:28)
    at Server.emit (node:events:527:28)
    at Server.emit (node:domain:475:12)
    at emitCloseNT (node:net:1728:8)
    at processTicksAndRejections (node:internal/process/task_queues:82:21) {"date":"Wed Aug 21 2024 11:27:26 GMT+0530 (India Standard Time)","error":{"actual":"500","expected":"200","message":"expected 500 to equal 200","name":"AssertionError","operator":"strictEqual","showDiff":true,"stack":"AssertionError: expected 500 to equal 200\n    at Test.<anonymous> (tests\\integration\\cart.test.ts:95:35)\n    at Test.assert (node_modules\\supertest\\lib\\test.js:181:6)\n    at Server.localAssert (node_modules\\supertest\\lib\\test.js:131:12)\n    at Object.onceWrapper (node:events:641:28)\n    at Server.emit (node:events:527:28)\n    at Server.emit (node:domain:475:12)\n    at emitCloseNT (node:net:1728:8)\n    at processTicksAndRejections (node:internal/process/task_queues:82:21)","uncaught":true},"exception":true,"os":{"loadavg":[0,0,0],"uptime":411588},"process":{"argv":["C:\\Program Files\\nodejs\\node.exe","D:\\New folder\\bookStore\\node_modules\\mocha\\bin\\mocha","--exit","--recursive","--require","ts-node/register","--timeout=5000","tests/integration/*.ts"],"cwd":"D:\\New folder\\bookStore","execPath":"C:\\Program Files\\nodejs\\node.exe","gid":null,"memoryUsage":{"arrayBuffers":2654421,"external":4342603,"heapTotal":220495872,"heapUsed":187578272,"rss":265977856},"pid":12456,"uid":null,"version":"v16.15.1"},"stack":"AssertionError: expected 500 to equal 200\n    at Test.<anonymous> (tests\\integration\\cart.test.ts:95:35)\n    at Test.assert (node_modules\\supertest\\lib\\test.js:181:6)\n    at Server.localAssert (node_modules\\supertest\\lib\\test.js:131:12)\n    at Object.onceWrapper (node:events:641:28)\n    at Server.emit (node:events:527:28)\n    at Server.emit (node:domain:475:12)\n    at emitCloseNT (node:net:1728:8)\n    at processTicksAndRejections (node:internal/process/task_queues:82:21)","trace":[{"column":35,"file":"tests\\integration\\cart.test.ts","function":null,"line":95,"method":null,"native":false},{"column":6,"file":"node_modules\\supertest\\lib\\test.js","function":"Test.assert","line":181,"method":"assert","native":false},{"column":12,"file":"node_modules\\supertest\\lib\\test.js","function":"Server.localAssert","line":131,"method":"localAssert","native":false},{"column":28,"file":"node:events","function":"Object.onceWrapper","line":641,"method":"onceWrapper","native":false},{"column":28,"file":"node:events","function":"Server.emit","line":527,"method":"emit","native":false},{"column":12,"file":"node:domain","function":"Server.emit","line":475,"method":"emit","native":false},{"column":8,"file":"node:net","function":"emitCloseNT","line":1728,"method":null,"native":false},{"column":21,"file":"node:internal/process/task_queues","function":"processTicksAndRejections","line":82,"method":null,"native":false}]}
error: uncaughtException: expected 500 to equal 200
AssertionError: expected 500 to equal 200
    at Test.<anonymous> (tests\integration\cart.test.ts:95:35)
    at Test.assert (node_modules\supertest\lib\test.js:181:6)
    at Server.localAssert (node_modules\supertest\lib\test.js:131:12)
    at Object.onceWrapper (node:events:641:28)
    at Server.emit (node:events:527:28)
    at Server.emit (node:domain:475:12)
    at emitCloseNT (node:net:1728:8)
    at processTicksAndRejections (node:internal/process/task_queues:82:21) {"date":"Wed Aug 21 2024 11:27:26 GMT+0530 (India Standard Time)","error":{"actual":"500","expected":"200","message":"expected 500 to equal 200","name":"AssertionError","operator":"strictEqual","showDiff":true,"stack":"AssertionError: expected 500 to equal 200\n    at Test.<anonymous> (tests\\integration\\cart.test.ts:95:35)\n    at Test.assert (node_modules\\supertest\\lib\\test.js:181:6)\n    at Server.localAssert (node_modules\\supertest\\lib\\test.js:131:12)\n    at Object.onceWrapper (node:events:641:28)\n    at Server.emit (node:events:527:28)\n    at Server.emit (node:domain:475:12)\n    at emitCloseNT (node:net:1728:8)\n    at processTicksAndRejections (node:internal/process/task_queues:82:21)","uncaught":true},"exception":true,"os":{"loadavg":[0,0,0],"uptime":411588},"process":{"argv":["C:\\Program Files\\nodejs\\node.exe","D:\\New folder\\bookStore\\node_modules\\mocha\\bin\\mocha","--exit","--recursive","--require","ts-node/register","--timeout=5000","tests/integration/*.ts"],"cwd":"D:\\New folder\\bookStore","execPath":"C:\\Program Files\\nodejs\\node.exe","gid":null,"memoryUsage":{"arrayBuffers":2654421,"external":4342603,"heapTotal":220495872,"heapUsed":187626144,"rss":265977856},"pid":12456,"uid":null,"version":"v16.15.1"},"stack":"AssertionError: expected 500 to equal 200\n    at Test.<anonymous> (tests\\integration\\cart.test.ts:95:35)\n    at Test.assert (node_modules\\supertest\\lib\\test.js:181:6)\n    at Server.localAssert (node_modules\\supertest\\lib\\test.js:131:12)\n    at Object.onceWrapper (node:events:641:28)\n    at Server.emit (node:events:527:28)\n    at Server.emit (node:domain:475:12)\n    at emitCloseNT (node:net:1728:8)\n    at processTicksAndRejections (node:internal/process/task_queues:82:21)","trace":[{"column":35,"file":"tests\\integration\\cart.test.ts","function":null,"line":95,"method":null,"native":false},{"column":6,"file":"node_modules\\supertest\\lib\\test.js","function":"Test.assert","line":181,"method":"assert","native":false},{"column":12,"file":"node_modules\\supertest\\lib\\test.js","function":"Server.localAssert","line":131,"method":"localAssert","native":false},{"column":28,"file":"node:events","function":"Object.onceWrapper","line":641,"method":"onceWrapper","native":false},{"column":28,"file":"node:events","function":"Server.emit","line":527,"method":"emit","native":false},{"column":12,"file":"node:domain","function":"Server.emit","line":475,"method":"emit","native":false},{"column":8,"file":"node:net","function":"emitCloseNT","line":1728,"method":null,"native":false},{"column":21,"file":"node:internal/process/task_queues","function":"processTicksAndRejections","line":82,"method":null,"native":false}]}
error: uncaughtException: expected 500 to equal 200
AssertionError: expected 500 to equal 200
    at Test.<anonymous> (tests\integration\cart.test.ts:95:35)
    at Test.assert (node_modules\supertest\lib\test.js:181:6)
    at Server.localAssert (node_modules\supertest\lib\test.js:131:12)
    at Object.onceWrapper (node:events:641:28)
    at Server.emit (node:events:527:28)
    at Server.emit (node:domain:475:12)
    at emitCloseNT (node:net:1728:8)
    at processTicksAndRejections (node:internal/process/task_queues:82:21) {"date":"Wed Aug 21 2024 11:27:26 GMT+0530 (India Standard Time)","error":{"actual":"500","expected":"200","message":"expected 500 to equal 200","name":"AssertionError","operator":"strictEqual","showDiff":true,"stack":"AssertionError: expected 500 to equal 200\n    at Test.<anonymous> (tests\\integration\\cart.test.ts:95:35)\n    at Test.assert (node_modules\\supertest\\lib\\test.js:181:6)\n    at Server.localAssert (node_modules\\supertest\\lib\\test.js:131:12)\n    at Object.onceWrapper (node:events:641:28)\n    at Server.emit (node:events:527:28)\n    at Server.emit (node:domain:475:12)\n    at emitCloseNT (node:net:1728:8)\n    at processTicksAndRejections (node:internal/process/task_queues:82:21)","uncaught":true},"exception":true,"os":{"loadavg":[0,0,0],"uptime":411588},"process":{"argv":["C:\\Program Files\\nodejs\\node.exe","D:\\New folder\\bookStore\\node_modules\\mocha\\bin\\mocha","--exit","--recursive","--require","ts-node/register","--timeout=5000","tests/integration/*.ts"],"cwd":"D:\\New folder\\bookStore","execPath":"C:\\Program Files\\nodejs\\node.exe","gid":null,"memoryUsage":{"arrayBuffers":2662613,"external":4350795,"heapTotal":220495872,"heapUsed":187674808,"rss":265981952},"pid":12456,"uid":null,"version":"v16.15.1"},"stack":"AssertionError: expected 500 to equal 200\n    at Test.<anonymous> (tests\\integration\\cart.test.ts:95:35)\n    at Test.assert (node_modules\\supertest\\lib\\test.js:181:6)\n    at Server.localAssert (node_modules\\supertest\\lib\\test.js:131:12)\n    at Object.onceWrapper (node:events:641:28)\n    at Server.emit (node:events:527:28)\n    at Server.emit (node:domain:475:12)\n    at emitCloseNT (node:net:1728:8)\n    at processTicksAndRejections (node:internal/process/task_queues:82:21)","trace":[{"column":35,"file":"tests\\integration\\cart.test.ts","function":null,"line":95,"method":null,"native":false},{"column":6,"file":"node_modules\\supertest\\lib\\test.js","function":"Test.assert","line":181,"method":"assert","native":false},{"column":12,"file":"node_modules\\supertest\\lib\\test.js","function":"Server.localAssert","line":131,"method":"localAssert","native":false},{"column":28,"file":"node:events","function":"Object.onceWrapper","line":641,"method":"onceWrapper","native":false},{"column":28,"file":"node:events","function":"Server.emit","line":527,"method":"emit","native":false},{"column":12,"file":"node:domain","function":"Server.emit","line":475,"method":"emit","native":false},{"column":8,"file":"node:net","function":"emitCloseNT","line":1728,"method":null,"native":false},{"column":21,"file":"node:internal/process/task_queues","function":"processTicksAndRejections","line":82,"method":null,"native":false}]}
error: uncaughtException: expected 500 to equal 200
AssertionError: expected 500 to equal 200
    at Test.<anonymous> (tests\integration\cart.test.ts:95:35)
    at Test.assert (node_modules\supertest\lib\test.js:181:6)
    at Server.localAssert (node_modules\supertest\lib\test.js:131:12)
    at Object.onceWrapper (node:events:641:28)
    at Server.emit (node:events:527:28)
    at Server.emit (node:domain:475:12)
    at emitCloseNT (node:net:1728:8)
    at processTicksAndRejections (node:internal/process/task_queues:82:21) {"date":"Wed Aug 21 2024 11:27:26 GMT+0530 (India Standard Time)","error":{"actual":"500","expected":"200","message":"expected 500 to equal 200","name":"AssertionError","operator":"strictEqual","showDiff":true,"stack":"AssertionError: expected 500 to equal 200\n    at Test.<anonymous> (tests\\integration\\cart.test.ts:95:35)\n    at Test.assert (node_modules\\supertest\\lib\\test.js:181:6)\n    at Server.localAssert (node_modules\\supertest\\lib\\test.js:131:12)\n    at Object.onceWrapper (node:events:641:28)\n    at Server.emit (node:events:527:28)\n    at Server.emit (node:domain:475:12)\n    at emitCloseNT (node:net:1728:8)\n    at processTicksAndRejections (node:internal/process/task_queues:82:21)","uncaught":true},"exception":true,"os":{"loadavg":[0,0,0],"uptime":411588},"process":{"argv":["C:\\Program Files\\nodejs\\node.exe","D:\\New folder\\bookStore\\node_modules\\mocha\\bin\\mocha","--exit","--recursive","--require","ts-node/register","--timeout=5000","tests/integration/*.ts"],"cwd":"D:\\New folder\\bookStore","execPath":"C:\\Program Files\\nodejs\\node.exe","gid":null,"memoryUsage":{"arrayBuffers":2662613,"external":4350795,"heapTotal":220495872,"heapUsed":187727088,"rss":265981952},"pid":12456,"uid":null,"version":"v16.15.1"},"stack":"AssertionError: expected 500 to equal 200\n    at Test.<anonymous> (tests\\integration\\cart.test.ts:95:35)\n    at Test.assert (node_modules\\supertest\\lib\\test.js:181:6)\n    at Server.localAssert (node_modules\\supertest\\lib\\test.js:131:12)\n    at Object.onceWrapper (node:events:641:28)\n    at Server.emit (node:events:527:28)\n    at Server.emit (node:domain:475:12)\n    at emitCloseNT (node:net:1728:8)\n    at processTicksAndRejections (node:internal/process/task_queues:82:21)","trace":[{"column":35,"file":"tests\\integration\\cart.test.ts","function":null,"line":95,"method":null,"native":false},{"column":6,"file":"node_modules\\supertest\\lib\\test.js","function":"Test.assert","line":181,"method":"assert","native":false},{"column":12,"file":"node_modules\\supertest\\lib\\test.js","function":"Server.localAssert","line":131,"method":"localAssert","native":false},{"column":28,"file":"node:events","function":"Object.onceWrapper","line":641,"method":"onceWrapper","native":false},{"column":28,"file":"node:events","function":"Server.emit","line":527,"method":"emit","native":false},{"column":12,"file":"node:domain","function":"Server.emit","line":475,"method":"emit","native":false},{"column":8,"file":"node:net","function":"emitCloseNT","line":1728,"method":null,"native":false},{"column":21,"file":"node:internal/process/task_queues","function":"processTicksAndRejections","line":82,"method":null,"native":false}]}
error: uncaughtException: expected 500 to equal 200
AssertionError: expected 500 to equal 200
    at Test.<anonymous> (tests\integration\cart.test.ts:95:35)
    at Test.assert (node_modules\supertest\lib\test.js:181:6)
    at Server.localAssert (node_modules\supertest\lib\test.js:131:12)
    at Object.onceWrapper (node:events:641:28)
    at Server.emit (node:events:527:28)
    at Server.emit (node:domain:475:12)
    at emitCloseNT (node:net:1728:8)
    at processTicksAndRejections (node:internal/process/task_queues:82:21) {"date":"Wed Aug 21 2024 11:27:26 GMT+0530 (India Standard Time)","error":{"actual":"500","expected":"200","message":"expected 500 to equal 200","name":"AssertionError","operator":"strictEqual","showDiff":true,"stack":"AssertionError: expected 500 to equal 200\n    at Test.<anonymous> (tests\\integration\\cart.test.ts:95:35)\n    at Test.assert (node_modules\\supertest\\lib\\test.js:181:6)\n    at Server.localAssert (node_modules\\supertest\\lib\\test.js:131:12)\n    at Object.onceWrapper (node:events:641:28)\n    at Server.emit (node:events:527:28)\n    at Server.emit (node:domain:475:12)\n    at emitCloseNT (node:net:1728:8)\n    at processTicksAndRejections (node:internal/process/task_queues:82:21)","uncaught":true},"exception":true,"os":{"loadavg":[0,0,0],"uptime":411588},"process":{"argv":["C:\\Program Files\\nodejs\\node.exe","D:\\New folder\\bookStore\\node_modules\\mocha\\bin\\mocha","--exit","--recursive","--require","ts-node/register","--timeout=5000","tests/integration/*.ts"],"cwd":"D:\\New folder\\bookStore","execPath":"C:\\Program Files\\nodejs\\node.exe","gid":null,"memoryUsage":{"arrayBuffers":2670805,"external":4358987,"heapTotal":220495872,"heapUsed":187774328,"rss":265986048},"pid":12456,"uid":null,"version":"v16.15.1"},"stack":"AssertionError: expected 500 to equal 200\n    at Test.<anonymous> (tests\\integration\\cart.test.ts:95:35)\n    at Test.assert (node_modules\\supertest\\lib\\test.js:181:6)\n    at Server.localAssert (node_modules\\supertest\\lib\\test.js:131:12)\n    at Object.onceWrapper (node:events:641:28)\n    at Server.emit (node:events:527:28)\n    at Server.emit (node:domain:475:12)\n    at emitCloseNT (node:net:1728:8)\n    at processTicksAndRejections (node:internal/process/task_queues:82:21)","trace":[{"column":35,"file":"tests\\integration\\cart.test.ts","function":null,"line":95,"method":null,"native":false},{"column":6,"file":"node_modules\\supertest\\lib\\test.js","function":"Test.assert","line":181,"method":"assert","native":false},{"column":12,"file":"node_modules\\supertest\\lib\\test.js","function":"Server.localAssert","line":131,"method":"localAssert","native":false},{"column":28,"file":"node:events","function":"Object.onceWrapper","line":641,"method":"onceWrapper","native":false},{"column":28,"file":"node:events","function":"Server.emit","line":527,"method":"emit","native":false},{"column":12,"file":"node:domain","function":"Server.emit","line":475,"method":"emit","native":false},{"column":8,"file":"node:net","function":"emitCloseNT","line":1728,"method":null,"native":false},{"column":21,"file":"node:internal/process/task_queues","function":"processTicksAndRejections","line":82,"method":null,"native":false}]}
error: uncaughtException: expected 500 to equal 200
AssertionError: expected 500 to equal 200
    at Test.<anonymous> (tests\integration\cart.test.ts:95:35)
    at Test.assert (node_modules\supertest\lib\test.js:181:6)
    at Server.localAssert (node_modules\supertest\lib\test.js:131:12)
    at Object.onceWrapper (node:events:641:28)
    at Server.emit (node:events:527:28)
    at Server.emit (node:domain:475:12)
    at emitCloseNT (node:net:1728:8)
    at processTicksAndRejections (node:internal/process/task_queues:82:21) {"date":"Wed Aug 21 2024 11:27:26 GMT+0530 (India Standard Time)","error":{"actual":"500","expected":"200","message":"expected 500 to equal 200","name":"AssertionError","operator":"strictEqual","showDiff":true,"stack":"AssertionError: expected 500 to equal 200\n    at Test.<anonymous> (tests\\integration\\cart.test.ts:95:35)\n    at Test.assert (node_modules\\supertest\\lib\\test.js:181:6)\n    at Server.localAssert (node_modules\\supertest\\lib\\test.js:131:12)\n    at Object.onceWrapper (node:events:641:28)\n    at Server.emit (node:events:527:28)\n    at Server.emit (node:domain:475:12)\n    at emitCloseNT (node:net:1728:8)\n    at processTicksAndRejections (node:internal/process/task_queues:82:21)","uncaught":true},"exception":true,"os":{"loadavg":[0,0,0],"uptime":411588},"process":{"argv":["C:\\Program Files\\nodejs\\node.exe","D:\\New folder\\bookStore\\node_modules\\mocha\\bin\\mocha","--exit","--recursive","--require","ts-node/register","--timeout=5000","tests/integration/*.ts"],"cwd":"D:\\New folder\\bookStore","execPath":"C:\\Program Files\\nodejs\\node.exe","gid":null,"memoryUsage":{"arrayBuffers":2670805,"external":4358987,"heapTotal":220495872,"heapUsed":187821432,"rss":265986048},"pid":12456,"uid":null,"version":"v16.15.1"},"stack":"AssertionError: expected 500 to equal 200\n    at Test.<anonymous> (tests\\integration\\cart.test.ts:95:35)\n    at Test.assert (node_modules\\supertest\\lib\\test.js:181:6)\n    at Server.localAssert (node_modules\\supertest\\lib\\test.js:131:12)\n    at Object.onceWrapper (node:events:641:28)\n    at Server.emit (node:events:527:28)\n    at Server.emit (node:domain:475:12)\n    at emitCloseNT (node:net:1728:8)\n    at processTicksAndRejections (node:internal/process/task_queues:82:21)","trace":[{"column":35,"file":"tests\\integration\\cart.test.ts","function":null,"line":95,"method":null,"native":false},{"column":6,"file":"node_modules\\supertest\\lib\\test.js","function":"Test.assert","line":181,"method":"assert","native":false},{"column":12,"file":"node_modules\\supertest\\lib\\test.js","function":"Server.localAssert","line":131,"method":"localAssert","native":false},{"column":28,"file":"node:events","function":"Object.onceWrapper","line":641,"method":"onceWrapper","native":false},{"column":28,"file":"node:events","function":"Server.emit","line":527,"method":"emit","native":false},{"column":12,"file":"node:domain","function":"Server.emit","line":475,"method":"emit","native":false},{"column":8,"file":"node:net","function":"emitCloseNT","line":1728,"method":null,"native":false},{"column":21,"file":"node:internal/process/task_queues","function":"processTicksAndRejections","line":82,"method":null,"native":false}]}
error: uncaughtException: expected 500 to equal 200
AssertionError: expected 500 to equal 200
    at Test.<anonymous> (tests\integration\cart.test.ts:95:35)
    at Test.assert (node_modules\supertest\lib\test.js:181:6)
    at Server.localAssert (node_modules\supertest\lib\test.js:131:12)
    at Object.onceWrapper (node:events:641:28)
    at Server.emit (node:events:527:28)
    at Server.emit (node:domain:475:12)
    at emitCloseNT (node:net:1728:8)
    at processTicksAndRejections (node:internal/process/task_queues:82:21) {"date":"Wed Aug 21 2024 11:27:26 GMT+0530 (India Standard Time)","error":{"actual":"500","expected":"200","message":"expected 500 to equal 200","name":"AssertionError","operator":"strictEqual","showDiff":true,"stack":"AssertionError: expected 500 to equal 200\n    at Test.<anonymous> (tests\\integration\\cart.test.ts:95:35)\n    at Test.assert (node_modules\\supertest\\lib\\test.js:181:6)\n    at Server.localAssert (node_modules\\supertest\\lib\\test.js:131:12)\n    at Object.onceWrapper (node:events:641:28)\n    at Server.emit (node:events:527:28)\n    at Server.emit (node:domain:475:12)\n    at emitCloseNT (node:net:1728:8)\n    at processTicksAndRejections (node:internal/process/task_queues:82:21)","uncaught":true},"exception":true,"os":{"loadavg":[0,0,0],"uptime":411588},"process":{"argv":["C:\\Program Files\\nodejs\\node.exe","D:\\New folder\\bookStore\\node_modules\\mocha\\bin\\mocha","--exit","--recursive","--require","ts-node/register","--timeout=5000","tests/integration/*.ts"],"cwd":"D:\\New folder\\bookStore","execPath":"C:\\Program Files\\nodejs\\node.exe","gid":null,"memoryUsage":{"arrayBuffers":2678997,"external":4367179,"heapTotal":220495872,"heapUsed":187868672,"rss":265986048},"pid":12456,"uid":null,"version":"v16.15.1"},"stack":"AssertionError: expected 500 to equal 200\n    at Test.<anonymous> (tests\\integration\\cart.test.ts:95:35)\n    at Test.assert (node_modules\\supertest\\lib\\test.js:181:6)\n    at Server.localAssert (node_modules\\supertest\\lib\\test.js:131:12)\n    at Object.onceWrapper (node:events:641:28)\n    at Server.emit (node:events:527:28)\n    at Server.emit (node:domain:475:12)\n    at emitCloseNT (node:net:1728:8)\n    at processTicksAndRejections (node:internal/process/task_queues:82:21)","trace":[{"column":35,"file":"tests\\integration\\cart.test.ts","function":null,"line":95,"method":null,"native":false},{"column":6,"file":"node_modules\\supertest\\lib\\test.js","function":"Test.assert","line":181,"method":"assert","native":false},{"column":12,"file":"node_modules\\supertest\\lib\\test.js","function":"Server.localAssert","line":131,"method":"localAssert","native":false},{"column":28,"file":"node:events","function":"Object.onceWrapper","line":641,"method":"onceWrapper","native":false},{"column":28,"file":"node:events","function":"Server.emit","line":527,"method":"emit","native":false},{"column":12,"file":"node:domain","function":"Server.emit","line":475,"method":"emit","native":false},{"column":8,"file":"node:net","function":"emitCloseNT","line":1728,"method":null,"native":false},{"column":21,"file":"node:internal/process/task_queues","function":"processTicksAndRejections","line":82,"method":null,"native":false}]}
info: ::ffff:127.0.0.1 - - [21/Aug/2024:05:57:26 +0000] "POST /api/v1/cart/ HTTP/1.1" 500 48 "-" "node-superagent/3.8.3"

error: uncaughtException: expected 500 to equal 200
AssertionError: expected 500 to equal 200
    at Test.<anonymous> (tests\integration\cart.test.ts:95:35)
    at Test.assert (node_modules\supertest\lib\test.js:181:6)
    at Server.localAssert (node_modules\supertest\lib\test.js:131:12)
    at Object.onceWrapper (node:events:641:28)
    at Server.emit (node:events:527:28)
    at Server.emit (node:domain:475:12)
    at emitCloseNT (node:net:1728:8)
    at processTicksAndRejections (node:internal/process/task_queues:82:21) {"date":"Wed Aug 21 2024 11:27:26 GMT+0530 (India Standard Time)","error":{"actual":"500","expected":"200","message":"expected 500 to equal 200","name":"AssertionError","operator":"strictEqual","showDiff":true,"stack":"AssertionError: expected 500 to equal 200\n    at Test.<anonymous> (tests\\integration\\cart.test.ts:95:35)\n    at Test.assert (node_modules\\supertest\\lib\\test.js:181:6)\n    at Server.localAssert (node_modules\\supertest\\lib\\test.js:131:12)\n    at Object.onceWrapper (node:events:641:28)\n    at Server.emit (node:events:527:28)\n    at Server.emit (node:domain:475:12)\n    at emitCloseNT (node:net:1728:8)\n    at processTicksAndRejections (node:internal/process/task_queues:82:21)","uncaught":true},"exception":true,"os":{"loadavg":[0,0,0],"uptime":411588},"process":{"argv":["C:\\Program Files\\nodejs\\node.exe","D:\\New folder\\bookStore\\node_modules\\mocha\\bin\\mocha","--exit","--recursive","--require","ts-node/register","--timeout=5000","tests/integration/*.ts"],"cwd":"D:\\New folder\\bookStore","execPath":"C:\\Program Files\\nodejs\\node.exe","gid":null,"memoryUsage":{"arrayBuffers":2678997,"external":4367179,"heapTotal":220495872,"heapUsed":187919848,"rss":265990144},"pid":12456,"uid":null,"version":"v16.15.1"},"stack":"AssertionError: expected 500 to equal 200\n    at Test.<anonymous> (tests\\integration\\cart.test.ts:95:35)\n    at Test.assert (node_modules\\supertest\\lib\\test.js:181:6)\n    at Server.localAssert (node_modules\\supertest\\lib\\test.js:131:12)\n    at Object.onceWrapper (node:events:641:28)\n    at Server.emit (node:events:527:28)\n    at Server.emit (node:domain:475:12)\n    at emitCloseNT (node:net:1728:8)\n    at processTicksAndRejections (node:internal/process/task_queues:82:21)","trace":[{"column":35,"file":"tests\\integration\\cart.test.ts","function":null,"line":95,"method":null,"native":false},{"column":6,"file":"node_modules\\supertest\\lib\\test.js","function":"Test.assert","line":181,"method":"assert","native":false},{"column":12,"file":"node_modules\\supertest\\lib\\test.js","function":"Server.localAssert","line":131,"method":"localAssert","native":false},{"column":28,"file":"node:events","function":"Object.onceWrapper","line":641,"method":"onceWrapper","native":false},{"column":28,"file":"node:events","function":"Server.emit","line":527,"method":"emit","native":false},{"column":12,"file":"node:domain","function":"Server.emit","line":475,"method":"emit","native":false},{"column":8,"file":"node:net","function":"emitCloseNT","line":1728,"method":null,"native":false},{"column":21,"file":"node:internal/process/task_queues","function":"processTicksAndRejections","line":82,"method":null,"native":false}]}
info: ::ffff:127.0.0.1 - - [21/Aug/2024:05:57:26 +0000] "GET /api/v1/cart/ HTTP/1.1" 500 48 "-" "node-superagent/3.8.3"

error: uncaughtException: expected 500 to equal 200
AssertionError: expected 500 to equal 200
    at Test.<anonymous> (tests\integration\cart.test.ts:107:35)
    at Test.assert (node_modules\supertest\lib\test.js:181:6)
    at Server.localAssert (node_modules\supertest\lib\test.js:131:12)
    at Object.onceWrapper (node:events:641:28)
    at Server.emit (node:events:527:28)
    at Server.emit (node:domain:475:12)
    at emitCloseNT (node:net:1728:8)
    at processTicksAndRejections (node:internal/process/task_queues:82:21) {"date":"Wed Aug 21 2024 11:27:26 GMT+0530 (India Standard Time)","error":{"actual":"500","expected":"200","message":"expected 500 to equal 200","name":"AssertionError","operator":"strictEqual","showDiff":true,"stack":"AssertionError: expected 500 to equal 200\n    at Test.<anonymous> (tests\\integration\\cart.test.ts:107:35)\n    at Test.assert (node_modules\\supertest\\lib\\test.js:181:6)\n    at Server.localAssert (node_modules\\supertest\\lib\\test.js:131:12)\n    at Object.onceWrapper (node:events:641:28)\n    at Server.emit (node:events:527:28)\n    at Server.emit (node:domain:475:12)\n    at emitCloseNT (node:net:1728:8)\n    at processTicksAndRejections (node:internal/process/task_queues:82:21)","uncaught":true},"exception":true,"os":{"loadavg":[0,0,0],"uptime":411588},"process":{"argv":["C:\\Program Files\\nodejs\\node.exe","D:\\New folder\\bookStore\\node_modules\\mocha\\bin\\mocha","--exit","--recursive","--require","ts-node/register","--timeout=5000","tests/integration/*.ts"],"cwd":"D:\\New folder\\bookStore","execPath":"C:\\Program Files\\nodejs\\node.exe","gid":null,"memoryUsage":{"arrayBuffers":2741918,"external":4430100,"heapTotal":220495872,"heapUsed":190316456,"rss":266031104},"pid":12456,"uid":null,"version":"v16.15.1"},"stack":"AssertionError: expected 500 to equal 200\n    at Test.<anonymous> (tests\\integration\\cart.test.ts:107:35)\n    at Test.assert (node_modules\\supertest\\lib\\test.js:181:6)\n    at Server.localAssert (node_modules\\supertest\\lib\\test.js:131:12)\n    at Object.onceWrapper (node:events:641:28)\n    at Server.emit (node:events:527:28)\n    at Server.emit (node:domain:475:12)\n    at emitCloseNT (node:net:1728:8)\n    at processTicksAndRejections (node:internal/process/task_queues:82:21)","trace":[{"column":35,"file":"tests\\integration\\cart.test.ts","function":null,"line":107,"method":null,"native":false},{"column":6,"file":"node_modules\\supertest\\lib\\test.js","function":"Test.assert","line":181,"method":"assert","native":false},{"column":12,"file":"node_modules\\supertest\\lib\\test.js","function":"Server.localAssert","line":131,"method":"localAssert","native":false},{"column":28,"file":"node:events","function":"Object.onceWrapper","line":641,"method":"onceWrapper","native":false},{"column":28,"file":"node:events","function":"Server.emit","line":527,"method":"emit","native":false},{"column":12,"file":"node:domain","function":"Server.emit","line":475,"method":"emit","native":false},{"column":8,"file":"node:net","function":"emitCloseNT","line":1728,"method":null,"native":false},{"column":21,"file":"node:internal/process/task_queues","function":"processTicksAndRejections","line":82,"method":null,"native":false}]}
info: ::ffff:127.0.0.1 - - [21/Aug/2024:05:57:26 +0000] "GET /api/v1/cart/delete/1 HTTP/1.1" 404 47 "-" "node-superagent/3.8.3"

error: uncaughtException: expected 404 to equal 200
AssertionError: expected 404 to equal 200
    at Test.<anonymous> (tests\integration\cart.test.ts:119:35)
    at Test.assert (node_modules\supertest\lib\test.js:181:6)
    at Server.localAssert (node_modules\supertest\lib\test.js:131:12)
    at Object.onceWrapper (node:events:641:28)
    at Server.emit (node:events:527:28)
    at Server.emit (node:domain:475:12)
    at emitCloseNT (node:net:1728:8)
    at processTicksAndRejections (node:internal/process/task_queues:82:21) {"date":"Wed Aug 21 2024 11:27:26 GMT+0530 (India Standard Time)","error":{"actual":"404","expected":"200","message":"expected 404 to equal 200","name":"AssertionError","operator":"strictEqual","showDiff":true,"stack":"AssertionError: expected 404 to equal 200\n    at Test.<anonymous> (tests\\integration\\cart.test.ts:119:35)\n    at Test.assert (node_modules\\supertest\\lib\\test.js:181:6)\n    at Server.localAssert (node_modules\\supertest\\lib\\test.js:131:12)\n    at Object.onceWrapper (node:events:641:28)\n    at Server.emit (node:events:527:28)\n    at Server.emit (node:domain:475:12)\n    at emitCloseNT (node:net:1728:8)\n    at processTicksAndRejections (node:internal/process/task_queues:82:21)","uncaught":true},"exception":true,"os":{"loadavg":[0,0,0],"uptime":411588},"process":{"argv":["C:\\Program Files\\nodejs\\node.exe","D:\\New folder\\bookStore\\node_modules\\mocha\\bin\\mocha","--exit","--recursive","--require","ts-node/register","--timeout=5000","tests/integration/*.ts"],"cwd":"D:\\New folder\\bookStore","execPath":"C:\\Program Files\\nodejs\\node.exe","gid":null,"memoryUsage":{"arrayBuffers":2750967,"external":4439149,"heapTotal":220758016,"heapUsed":191465360,"rss":266047488},"pid":12456,"uid":null,"version":"v16.15.1"},"stack":"AssertionError: expected 404 to equal 200\n    at Test.<anonymous> (tests\\integration\\cart.test.ts:119:35)\n    at Test.assert (node_modules\\supertest\\lib\\test.js:181:6)\n    at Server.localAssert (node_modules\\supertest\\lib\\test.js:131:12)\n    at Object.onceWrapper (node:events:641:28)\n    at Server.emit (node:events:527:28)\n    at Server.emit (node:domain:475:12)\n    at emitCloseNT (node:net:1728:8)\n    at processTicksAndRejections (node:internal/process/task_queues:82:21)","trace":[{"column":35,"file":"tests\\integration\\cart.test.ts","function":null,"line":119,"method":null,"native":false},{"column":6,"file":"node_modules\\supertest\\lib\\test.js","function":"Test.assert","line":181,"method":"assert","native":false},{"column":12,"file":"node_modules\\supertest\\lib\\test.js","function":"Server.localAssert","line":131,"method":"localAssert","native":false},{"column":28,"file":"node:events","function":"Object.onceWrapper","line":641,"method":"onceWrapper","native":false},{"column":28,"file":"node:events","function":"Server.emit","line":527,"method":"emit","native":false},{"column":12,"file":"node:domain","function":"Server.emit","line":475,"method":"emit","native":false},{"column":8,"file":"node:net","function":"emitCloseNT","line":1728,"method":null,"native":false},{"column":21,"file":"node:internal/process/task_queues","function":"processTicksAndRejections","line":82,"method":null,"native":false}]}
info: ::ffff:127.0.0.1 - - [21/Aug/2024:05:57:26 +0000] "POST /api/v1/users/admin/delete HTTP/1.1" 500 48 "-" "node-superagent/3.8.3"

error: uncaughtException: expected 500 to equal 200
AssertionError: expected 500 to equal 200
    at Test.<anonymous> (tests\integration\cart.test.ts:134:37)
    at Test.assert (node_modules\supertest\lib\test.js:181:6)
    at Server.localAssert (node_modules\supertest\lib\test.js:131:12)
    at Object.onceWrapper (node:events:641:28)
    at Server.emit (node:events:527:28)
    at Server.emit (node:domain:475:12)
    at emitCloseNT (node:net:1728:8)
    at processTicksAndRejections (node:internal/process/task_queues:82:21) {"date":"Wed Aug 21 2024 11:27:26 GMT+0530 (India Standard Time)","error":{"actual":"500","expected":"200","message":"expected 500 to equal 200","name":"AssertionError","operator":"strictEqual","showDiff":true,"stack":"AssertionError: expected 500 to equal 200\n    at Test.<anonymous> (tests\\integration\\cart.test.ts:134:37)\n    at Test.assert (node_modules\\supertest\\lib\\test.js:181:6)\n    at Server.localAssert (node_modules\\supertest\\lib\\test.js:131:12)\n    at Object.onceWrapper (node:events:641:28)\n    at Server.emit (node:events:527:28)\n    at Server.emit (node:domain:475:12)\n    at emitCloseNT (node:net:1728:8)\n    at processTicksAndRejections (node:internal/process/task_queues:82:21)","uncaught":true},"exception":true,"os":{"loadavg":[0,0,0],"uptime":411589},"process":{"argv":["C:\\Program Files\\nodejs\\node.exe","D:\\New folder\\bookStore\\node_modules\\mocha\\bin\\mocha","--exit","--recursive","--require","ts-node/register","--timeout=5000","tests/integration/*.ts"],"cwd":"D:\\New folder\\bookStore","execPath":"C:\\Program Files\\nodejs\\node.exe","gid":null,"memoryUsage":{"arrayBuffers":1883376,"external":4448495,"heapTotal":220758016,"heapUsed":184511192,"rss":266088448},"pid":12456,"uid":null,"version":"v16.15.1"},"stack":"AssertionError: expected 500 to equal 200\n    at Test.<anonymous> (tests\\integration\\cart.test.ts:134:37)\n    at Test.assert (node_modules\\supertest\\lib\\test.js:181:6)\n    at Server.localAssert (node_modules\\supertest\\lib\\test.js:131:12)\n    at Object.onceWrapper (node:events:641:28)\n    at Server.emit (node:events:527:28)\n    at Server.emit (node:domain:475:12)\n    at emitCloseNT (node:net:1728:8)\n    at processTicksAndRejections (node:internal/process/task_queues:82:21)","trace":[{"column":37,"file":"tests\\integration\\cart.test.ts","function":null,"line":134,"method":null,"native":false},{"column":6,"file":"node_modules\\supertest\\lib\\test.js","function":"Test.assert","line":181,"method":"assert","native":false},{"column":12,"file":"node_modules\\supertest\\lib\\test.js","function":"Server.localAssert","line":131,"method":"localAssert","native":false},{"column":28,"file":"node:events","function":"Object.onceWrapper","line":641,"method":"onceWrapper","native":false},{"column":28,"file":"node:events","function":"Server.emit","line":527,"method":"emit","native":false},{"column":12,"file":"node:domain","function":"Server.emit","line":475,"method":"emit","native":false},{"column":8,"file":"node:net","function":"emitCloseNT","line":1728,"method":null,"native":false},{"column":21,"file":"node:internal/process/task_queues","function":"processTicksAndRejections","line":82,"method":null,"native":false}]}
info: ::ffff:127.0.0.1 - - [21/Aug/2024:05:57:26 +0000] "POST /api/v1/users/login/delete HTTP/1.1" 500 48 "-" "node-superagent/3.8.3"

error: uncaughtException: expected 500 to equal 200
AssertionError: expected 500 to equal 200
    at Test.<anonymous> (tests\integration\cart.test.ts:147:37)
    at Test.assert (node_modules\supertest\lib\test.js:181:6)
    at Server.localAssert (node_modules\supertest\lib\test.js:131:12)
    at Object.onceWrapper (node:events:641:28)
    at Server.emit (node:events:527:28)
    at Server.emit (node:domain:475:12)
    at emitCloseNT (node:net:1728:8)
    at processTicksAndRejections (node:internal/process/task_queues:82:21) {"date":"Wed Aug 21 2024 11:27:26 GMT+0530 (India Standard Time)","error":{"actual":"500","expected":"200","message":"expected 500 to equal 200","name":"AssertionError","operator":"strictEqual","showDiff":true,"stack":"AssertionError: expected 500 to equal 200\n    at Test.<anonymous> (tests\\integration\\cart.test.ts:147:37)\n    at Test.assert (node_modules\\supertest\\lib\\test.js:181:6)\n    at Server.localAssert (node_modules\\supertest\\lib\\test.js:131:12)\n    at Object.onceWrapper (node:events:641:28)\n    at Server.emit (node:events:527:28)\n    at Server.emit (node:domain:475:12)\n    at emitCloseNT (node:net:1728:8)\n    at processTicksAndRejections (node:internal/process/task_queues:82:21)","uncaught":true},"exception":true,"os":{"loadavg":[0,0,0],"uptime":411589},"process":{"argv":["C:\\Program Files\\nodejs\\node.exe","D:\\New folder\\bookStore\\node_modules\\mocha\\bin\\mocha","--exit","--recursive","--require","ts-node/register","--timeout=5000","tests/integration/*.ts"],"cwd":"D:\\New folder\\bookStore","execPath":"C:\\Program Files\\nodejs\\node.exe","gid":null,"memoryUsage":{"arrayBuffers":1884529,"external":4449648,"heapTotal":220758016,"heapUsed":185947640,"rss":266129408},"pid":12456,"uid":null,"version":"v16.15.1"},"stack":"AssertionError: expected 500 to equal 200\n    at Test.<anonymous> (tests\\integration\\cart.test.ts:147:37)\n    at Test.assert (node_modules\\supertest\\lib\\test.js:181:6)\n    at Server.localAssert (node_modules\\supertest\\lib\\test.js:131:12)\n    at Object.onceWrapper (node:events:641:28)\n    at Server.emit (node:events:527:28)\n    at Server.emit (node:domain:475:12)\n    at emitCloseNT (node:net:1728:8)\n    at processTicksAndRejections (node:internal/process/task_queues:82:21)","trace":[{"column":37,"file":"tests\\integration\\cart.test.ts","function":null,"line":147,"method":null,"native":false},{"column":6,"file":"node_modules\\supertest\\lib\\test.js","function":"Test.assert","line":181,"method":"assert","native":false},{"column":12,"file":"node_modules\\supertest\\lib\\test.js","function":"Server.localAssert","line":131,"method":"localAssert","native":false},{"column":28,"file":"node:events","function":"Object.onceWrapper","line":641,"method":"onceWrapper","native":false},{"column":28,"file":"node:events","function":"Server.emit","line":527,"method":"emit","native":false},{"column":12,"file":"node:domain","function":"Server.emit","line":475,"method":"emit","native":false},{"column":8,"file":"node:net","function":"emitCloseNT","line":1728,"method":null,"native":false},{"column":21,"file":"node:internal/process/task_queues","function":"processTicksAndRejections","line":82,"method":null,"native":false}]}
info: ::ffff:127.0.0.1 - - [21/Aug/2024:05:57:26 +0000] "POST /api/v1/users/ HTTP/1.1" 201 50 "-" "node-superagent/3.8.3"

info: ::ffff:127.0.0.1 - - [21/Aug/2024:05:57:27 +0000] "POST /api/v1/users/admin HTTP/1.1" 201 50 "-" "node-superagent/3.8.3"

info: ::ffff:127.0.0.1 - - [21/Aug/2024:05:57:27 +0000] "POST /api/v1/users/login/ HTTP/1.1" 200 79 "-" "node-superagent/3.8.3"

info: ::ffff:127.0.0.1 - - [21/Aug/2024:05:57:27 +0000] "POST /api/v1/users/login/ HTTP/1.1" 200 79 "-" "node-superagent/3.8.3"

error: uncaughtException: expected 500 to equal 200
AssertionError: expected 500 to equal 200
    at Test.<anonymous> (tests\integration\order.test.ts:95:37)
    at Test.assert (node_modules\supertest\lib\test.js:181:6)
    at Server.localAssert (node_modules\supertest\lib\test.js:131:12)
    at Object.onceWrapper (node:events:641:28)
    at Server.emit (node:events:527:28)
    at Server.emit (node:domain:475:12)
    at emitCloseNT (node:net:1728:8)
    at processTicksAndRejections (node:internal/process/task_queues:82:21) {"date":"Wed Aug 21 2024 11:27:27 GMT+0530 (India Standard Time)","error":{"actual":"500","expected":"200","message":"expected 500 to equal 200","name":"AssertionError","operator":"strictEqual","showDiff":true,"stack":"AssertionError: expected 500 to equal 200\n    at Test.<anonymous> (tests\\integration\\order.test.ts:95:37)\n    at Test.assert (node_modules\\supertest\\lib\\test.js:181:6)\n    at Server.localAssert (node_modules\\supertest\\lib\\test.js:131:12)\n    at Object.onceWrapper (node:events:641:28)\n    at Server.emit (node:events:527:28)\n    at Server.emit (node:domain:475:12)\n    at emitCloseNT (node:net:1728:8)\n    at processTicksAndRejections (node:internal/process/task_queues:82:21)","uncaught":true},"exception":true,"os":{"loadavg":[0,0,0],"uptime":411589},"process":{"argv":["C:\\Program Files\\nodejs\\node.exe","D:\\New folder\\bookStore\\node_modules\\mocha\\bin\\mocha","--exit","--recursive","--require","ts-node/register","--timeout=5000","tests/integration/*.ts"],"cwd":"D:\\New folder\\bookStore","execPath":"C:\\Program Files\\nodejs\\node.exe","gid":null,"memoryUsage":{"arrayBuffers":1908674,"external":4473793,"heapTotal":221020160,"heapUsed":189687696,"rss":266346496},"pid":12456,"uid":null,"version":"v16.15.1"},"stack":"AssertionError: expected 500 to equal 200\n    at Test.<anonymous> (tests\\integration\\order.test.ts:95:37)\n    at Test.assert (node_modules\\supertest\\lib\\test.js:181:6)\n    at Server.localAssert (node_modules\\supertest\\lib\\test.js:131:12)\n    at Object.onceWrapper (node:events:641:28)\n    at Server.emit (node:events:527:28)\n    at Server.emit (node:domain:475:12)\n    at emitCloseNT (node:net:1728:8)\n    at processTicksAndRejections (node:internal/process/task_queues:82:21)","trace":[{"column":37,"file":"tests\\integration\\order.test.ts","function":null,"line":95,"method":null,"native":false},{"column":6,"file":"node_modules\\supertest\\lib\\test.js","function":"Test.assert","line":181,"method":"assert","native":false},{"column":12,"file":"node_modules\\supertest\\lib\\test.js","function":"Server.localAssert","line":131,"method":"localAssert","native":false},{"column":28,"file":"node:events","function":"Object.onceWrapper","line":641,"method":"onceWrapper","native":false},{"column":28,"file":"node:events","function":"Server.emit","line":527,"method":"emit","native":false},{"column":12,"file":"node:domain","function":"Server.emit","line":475,"method":"emit","native":false},{"column":8,"file":"node:net","function":"emitCloseNT","line":1728,"method":null,"native":false},{"column":21,"file":"node:internal/process/task_queues","function":"processTicksAndRejections","line":82,"method":null,"native":false}]}
error: uncaughtException: expected 500 to equal 200
AssertionError: expected 500 to equal 200
    at Test.<anonymous> (tests\integration\order.test.ts:95:37)
    at Test.assert (node_modules\supertest\lib\test.js:181:6)
    at Server.localAssert (node_modules\supertest\lib\test.js:131:12)
    at Object.onceWrapper (node:events:641:28)
    at Server.emit (node:events:527:28)
    at Server.emit (node:domain:475:12)
    at emitCloseNT (node:net:1728:8)
    at processTicksAndRejections (node:internal/process/task_queues:82:21) {"date":"Wed Aug 21 2024 11:27:27 GMT+0530 (India Standard Time)","error":{"actual":"500","expected":"200","message":"expected 500 to equal 200","name":"AssertionError","operator":"strictEqual","showDiff":true,"stack":"AssertionError: expected 500 to equal 200\n    at Test.<anonymous> (tests\\integration\\order.test.ts:95:37)\n    at Test.assert (node_modules\\supertest\\lib\\test.js:181:6)\n    at Server.localAssert (node_modules\\supertest\\lib\\test.js:131:12)\n    at Object.onceWrapper (node:events:641:28)\n    at Server.emit (node:events:527:28)\n    at Server.emit (node:domain:475:12)\n    at emitCloseNT (node:net:1728:8)\n    at processTicksAndRejections (node:internal/process/task_queues:82:21)","uncaught":true},"exception":true,"os":{"loadavg":[0,0,0],"uptime":411589},"process":{"argv":["C:\\Program Files\\nodejs\\node.exe","D:\\New folder\\bookStore\\node_modules\\mocha\\bin\\mocha","--exit","--recursive","--require","ts-node/register","--timeout=5000","tests/integration/*.ts"],"cwd":"D:\\New folder\\bookStore","execPath":"C:\\Program Files\\nodejs\\node.exe","gid":null,"memoryUsage":{"arrayBuffers":1916866,"external":4481985,"heapTotal":221020160,"heapUsed":189735040,"rss":266346496},"pid":12456,"uid":null,"version":"v16.15.1"},"stack":"AssertionError: expected 500 to equal 200\n    at Test.<anonymous> (tests\\integration\\order.test.ts:95:37)\n    at Test.assert (node_modules\\supertest\\lib\\test.js:181:6)\n    at Server.localAssert (node_modules\\supertest\\lib\\test.js:131:12)\n    at Object.onceWrapper (node:events:641:28)\n    at Server.emit (node:events:527:28)\n    at Server.emit (node:domain:475:12)\n    at emitCloseNT (node:net:1728:8)\n    at processTicksAndRejections (node:internal/process/task_queues:82:21)","trace":[{"column":37,"file":"tests\\integration\\order.test.ts","function":null,"line":95,"method":null,"native":false},{"column":6,"file":"node_modules\\supertest\\lib\\test.js","function":"Test.assert","line":181,"method":"assert","native":false},{"column":12,"file":"node_modules\\supertest\\lib\\test.js","function":"Server.localAssert","line":131,"method":"localAssert","native":false},{"column":28,"file":"node:events","function":"Object.onceWrapper","line":641,"method":"onceWrapper","native":false},{"column":28,"file":"node:events","function":"Server.emit","line":527,"method":"emit","native":false},{"column":12,"file":"node:domain","function":"Server.emit","line":475,"method":"emit","native":false},{"column":8,"file":"node:net","function":"emitCloseNT","line":1728,"method":null,"native":false},{"column":21,"file":"node:internal/process/task_queues","function":"processTicksAndRejections","line":82,"method":null,"native":false}]}
error: uncaughtException: expected 500 to equal 200
AssertionError: expected 500 to equal 200
    at Test.<anonymous> (tests\integration\order.test.ts:95:37)
    at Test.assert (node_modules\supertest\lib\test.js:181:6)
    at Server.localAssert (node_modules\supertest\lib\test.js:131:12)
    at Object.onceWrapper (node:events:641:28)
    at Server.emit (node:events:527:28)
    at Server.emit (node:domain:475:12)
    at emitCloseNT (node:net:1728:8)
    at processTicksAndRejections (node:internal/process/task_queues:82:21) {"date":"Wed Aug 21 2024 11:27:27 GMT+0530 (India Standard Time)","error":{"actual":"500","expected":"200","message":"expected 500 to equal 200","name":"AssertionError","operator":"strictEqual","showDiff":true,"stack":"AssertionError: expected 500 to equal 200\n    at Test.<anonymous> (tests\\integration\\order.test.ts:95:37)\n    at Test.assert (node_modules\\supertest\\lib\\test.js:181:6)\n    at Server.localAssert (node_modules\\supertest\\lib\\test.js:131:12)\n    at Object.onceWrapper (node:events:641:28)\n    at Server.emit (node:events:527:28)\n    at Server.emit (node:domain:475:12)\n    at emitCloseNT (node:net:1728:8)\n    at processTicksAndRejections (node:internal/process/task_queues:82:21)","uncaught":true},"exception":true,"os":{"loadavg":[0,0,0],"uptime":411589},"process":{"argv":["C:\\Program Files\\nodejs\\node.exe","D:\\New folder\\bookStore\\node_modules\\mocha\\bin\\mocha","--exit","--recursive","--require","ts-node/register","--timeout=5000","tests/integration/*.ts"],"cwd":"D:\\New folder\\bookStore","execPath":"C:\\Program Files\\nodejs\\node.exe","gid":null,"memoryUsage":{"arrayBuffers":1916866,"external":4481985,"heapTotal":221020160,"heapUsed":189782216,"rss":266346496},"pid":12456,"uid":null,"version":"v16.15.1"},"stack":"AssertionError: expected 500 to equal 200\n    at Test.<anonymous> (tests\\integration\\order.test.ts:95:37)\n    at Test.assert (node_modules\\supertest\\lib\\test.js:181:6)\n    at Server.localAssert (node_modules\\supertest\\lib\\test.js:131:12)\n    at Object.onceWrapper (node:events:641:28)\n    at Server.emit (node:events:527:28)\n    at Server.emit (node:domain:475:12)\n    at emitCloseNT (node:net:1728:8)\n    at processTicksAndRejections (node:internal/process/task_queues:82:21)","trace":[{"column":37,"file":"tests\\integration\\order.test.ts","function":null,"line":95,"method":null,"native":false},{"column":6,"file":"node_modules\\supertest\\lib\\test.js","function":"Test.assert","line":181,"method":"assert","native":false},{"column":12,"file":"node_modules\\supertest\\lib\\test.js","function":"Server.localAssert","line":131,"method":"localAssert","native":false},{"column":28,"file":"node:events","function":"Object.onceWrapper","line":641,"method":"onceWrapper","native":false},{"column":28,"file":"node:events","function":"Server.emit","line":527,"method":"emit","native":false},{"column":12,"file":"node:domain","function":"Server.emit","line":475,"method":"emit","native":false},{"column":8,"file":"node:net","function":"emitCloseNT","line":1728,"method":null,"native":false},{"column":21,"file":"node:internal/process/task_queues","function":"processTicksAndRejections","line":82,"method":null,"native":false}]}
error: uncaughtException: expected 500 to equal 200
AssertionError: expected 500 to equal 200
    at Test.<anonymous> (tests\integration\order.test.ts:95:37)
    at Test.assert (node_modules\supertest\lib\test.js:181:6)
    at Server.localAssert (node_modules\supertest\lib\test.js:131:12)
    at Object.onceWrapper (node:events:641:28)
    at Server.emit (node:events:527:28)
    at Server.emit (node:domain:475:12)
    at emitCloseNT (node:net:1728:8)
    at processTicksAndRejections (node:internal/process/task_queues:82:21) {"date":"Wed Aug 21 2024 11:27:27 GMT+0530 (India Standard Time)","error":{"actual":"500","expected":"200","message":"expected 500 to equal 200","name":"AssertionError","operator":"strictEqual","showDiff":true,"stack":"AssertionError: expected 500 to equal 200\n    at Test.<anonymous> (tests\\integration\\order.test.ts:95:37)\n    at Test.assert (node_modules\\supertest\\lib\\test.js:181:6)\n    at Server.localAssert (node_modules\\supertest\\lib\\test.js:131:12)\n    at Object.onceWrapper (node:events:641:28)\n    at Server.emit (node:events:527:28)\n    at Server.emit (node:domain:475:12)\n    at emitCloseNT (node:net:1728:8)\n    at processTicksAndRejections (node:internal/process/task_queues:82:21)","uncaught":true},"exception":true,"os":{"loadavg":[0,0,0],"uptime":411589},"process":{"argv":["C:\\Program Files\\nodejs\\node.exe","D:\\New folder\\bookStore\\node_modules\\mocha\\bin\\mocha","--exit","--recursive","--require","ts-node/register","--timeout=5000","tests/integration/*.ts"],"cwd":"D:\\New folder\\bookStore","execPath":"C:\\Program Files\\nodejs\\node.exe","gid":null,"memoryUsage":{"arrayBuffers":1925058,"external":4490177,"heapTotal":221020160,"heapUsed":189829560,"rss":266350592},"pid":12456,"uid":null,"version":"v16.15.1"},"stack":"AssertionError: expected 500 to equal 200\n    at Test.<anonymous> (tests\\integration\\order.test.ts:95:37)\n    at Test.assert (node_modules\\supertest\\lib\\test.js:181:6)\n    at Server.localAssert (node_modules\\supertest\\lib\\test.js:131:12)\n    at Object.onceWrapper (node:events:641:28)\n    at Server.emit (node:events:527:28)\n    at Server.emit (node:domain:475:12)\n    at emitCloseNT (node:net:1728:8)\n    at processTicksAndRejections (node:internal/process/task_queues:82:21)","trace":[{"column":37,"file":"tests\\integration\\order.test.ts","function":null,"line":95,"method":null,"native":false},{"column":6,"file":"node_modules\\supertest\\lib\\test.js","function":"Test.assert","line":181,"method":"assert","native":false},{"column":12,"file":"node_modules\\supertest\\lib\\test.js","function":"Server.localAssert","line":131,"method":"localAssert","native":false},{"column":28,"file":"node:events","function":"Object.onceWrapper","line":641,"method":"onceWrapper","native":false},{"column":28,"file":"node:events","function":"Server.emit","line":527,"method":"emit","native":false},{"column":12,"file":"node:domain","function":"Server.emit","line":475,"method":"emit","native":false},{"column":8,"file":"node:net","function":"emitCloseNT","line":1728,"method":null,"native":false},{"column":21,"file":"node:internal/process/task_queues","function":"processTicksAndRejections","line":82,"method":null,"native":false}]}
info: ::ffff:127.0.0.1 - - [21/Aug/2024:05:57:27 +0000] "POST /api/v1/order/ HTTP/1.1" 500 48 "-" "node-superagent/3.8.3"

error: uncaughtException: expected 500 to equal 200
AssertionError: expected 500 to equal 200
    at Test.<anonymous> (tests\integration\order.test.ts:95:37)
    at Test.assert (node_modules\supertest\lib\test.js:181:6)
    at Server.localAssert (node_modules\supertest\lib\test.js:131:12)
    at Object.onceWrapper (node:events:641:28)
    at Server.emit (node:events:527:28)
    at Server.emit (node:domain:475:12)
    at emitCloseNT (node:net:1728:8)
    at processTicksAndRejections (node:internal/process/task_queues:82:21) {"date":"Wed Aug 21 2024 11:27:27 GMT+0530 (India Standard Time)","error":{"actual":"500","expected":"200","message":"expected 500 to equal 200","name":"AssertionError","operator":"strictEqual","showDiff":true,"stack":"AssertionError: expected 500 to equal 200\n    at Test.<anonymous> (tests\\integration\\order.test.ts:95:37)\n    at Test.assert (node_modules\\supertest\\lib\\test.js:181:6)\n    at Server.localAssert (node_modules\\supertest\\lib\\test.js:131:12)\n    at Object.onceWrapper (node:events:641:28)\n    at Server.emit (node:events:527:28)\n    at Server.emit (node:domain:475:12)\n    at emitCloseNT (node:net:1728:8)\n    at processTicksAndRejections (node:internal/process/task_queues:82:21)","uncaught":true},"exception":true,"os":{"loadavg":[0,0,0],"uptime":411589},"process":{"argv":["C:\\Program Files\\nodejs\\node.exe","D:\\New folder\\bookStore\\node_modules\\mocha\\bin\\mocha","--exit","--recursive","--require","ts-node/register","--timeout=5000","tests/integration/*.ts"],"cwd":"D:\\New folder\\bookStore","execPath":"C:\\Program Files\\nodejs\\node.exe","gid":null,"memoryUsage":{"arrayBuffers":1925058,"external":4490177,"heapTotal":221020160,"heapUsed":189876768,"rss":266354688},"pid":12456,"uid":null,"version":"v16.15.1"},"stack":"AssertionError: expected 500 to equal 200\n    at Test.<anonymous> (tests\\integration\\order.test.ts:95:37)\n    at Test.assert (node_modules\\supertest\\lib\\test.js:181:6)\n    at Server.localAssert (node_modules\\supertest\\lib\\test.js:131:12)\n    at Object.onceWrapper (node:events:641:28)\n    at Server.emit (node:events:527:28)\n    at Server.emit (node:domain:475:12)\n    at emitCloseNT (node:net:1728:8)\n    at processTicksAndRejections (node:internal/process/task_queues:82:21)","trace":[{"column":37,"file":"tests\\integration\\order.test.ts","function":null,"line":95,"method":null,"native":false},{"column":6,"file":"node_modules\\supertest\\lib\\test.js","function":"Test.assert","line":181,"method":"assert","native":false},{"column":12,"file":"node_modules\\supertest\\lib\\test.js","function":"Server.localAssert","line":131,"method":"localAssert","native":false},{"column":28,"file":"node:events","function":"Object.onceWrapper","line":641,"method":"onceWrapper","native":false},{"column":28,"file":"node:events","function":"Server.emit","line":527,"method":"emit","native":false},{"column":12,"file":"node:domain","function":"Server.emit","line":475,"method":"emit","native":false},{"column":8,"file":"node:net","function":"emitCloseNT","line":1728,"method":null,"native":false},{"column":21,"file":"node:internal/process/task_queues","function":"processTicksAndRejections","line":82,"method":null,"native":false}]}
info: ::ffff:127.0.0.1 - - [21/Aug/2024:05:57:27 +0000] "GET /api/v1/order/ HTTP/1.1" 500 48 "-" "node-superagent/3.8.3"

error: uncaughtException: expected 500 to equal 200
AssertionError: expected 500 to equal 200
    at Test.<anonymous> (tests\integration\order.test.ts:107:37)
    at Test.assert (node_modules\supertest\lib\test.js:181:6)
    at Server.localAssert (node_modules\supertest\lib\test.js:131:12)
    at Object.onceWrapper (node:events:641:28)
    at Server.emit (node:events:527:28)
    at Server.emit (node:domain:475:12)
    at emitCloseNT (node:net:1728:8)
    at processTicksAndRejections (node:internal/process/task_queues:82:21) {"date":"Wed Aug 21 2024 11:27:27 GMT+0530 (India Standard Time)","error":{"actual":"500","expected":"200","message":"expected 500 to equal 200","name":"AssertionError","operator":"strictEqual","showDiff":true,"stack":"AssertionError: expected 500 to equal 200\n    at Test.<anonymous> (tests\\integration\\order.test.ts:107:37)\n    at Test.assert (node_modules\\supertest\\lib\\test.js:181:6)\n    at Server.localAssert (node_modules\\supertest\\lib\\test.js:131:12)\n    at Object.onceWrapper (node:events:641:28)\n    at Server.emit (node:events:527:28)\n    at Server.emit (node:domain:475:12)\n    at emitCloseNT (node:net:1728:8)\n    at processTicksAndRejections (node:internal/process/task_queues:82:21)","uncaught":true},"exception":true,"os":{"loadavg":[0,0,0],"uptime":411589},"process":{"argv":["C:\\Program Files\\nodejs\\node.exe","D:\\New folder\\bookStore\\node_modules\\mocha\\bin\\mocha","--exit","--recursive","--require","ts-node/register","--timeout=5000","tests/integration/*.ts"],"cwd":"D:\\New folder\\bookStore","execPath":"C:\\Program Files\\nodejs\\node.exe","gid":null,"memoryUsage":{"arrayBuffers":1934120,"external":4499239,"heapTotal":221020160,"heapUsed":192243072,"rss":266383360},"pid":12456,"uid":null,"version":"v16.15.1"},"stack":"AssertionError: expected 500 to equal 200\n    at Test.<anonymous> (tests\\integration\\order.test.ts:107:37)\n    at Test.assert (node_modules\\supertest\\lib\\test.js:181:6)\n    at Server.localAssert (node_modules\\supertest\\lib\\test.js:131:12)\n    at Object.onceWrapper (node:events:641:28)\n    at Server.emit (node:events:527:28)\n    at Server.emit (node:domain:475:12)\n    at emitCloseNT (node:net:1728:8)\n    at processTicksAndRejections (node:internal/process/task_queues:82:21)","trace":[{"column":37,"file":"tests\\integration\\order.test.ts","function":null,"line":107,"method":null,"native":false},{"column":6,"file":"node_modules\\supertest\\lib\\test.js","function":"Test.assert","line":181,"method":"assert","native":false},{"column":12,"file":"node_modules\\supertest\\lib\\test.js","function":"Server.localAssert","line":131,"method":"localAssert","native":false},{"column":28,"file":"node:events","function":"Object.onceWrapper","line":641,"method":"onceWrapper","native":false},{"column":28,"file":"node:events","function":"Server.emit","line":527,"method":"emit","native":false},{"column":12,"file":"node:domain","function":"Server.emit","line":475,"method":"emit","native":false},{"column":8,"file":"node:net","function":"emitCloseNT","line":1728,"method":null,"native":false},{"column":21,"file":"node:internal/process/task_queues","function":"processTicksAndRejections","line":82,"method":null,"native":false}]}
info: ::ffff:127.0.0.1 - - [21/Aug/2024:05:57:27 +0000] "POST /api/v1/users/admin/delete HTTP/1.1" 500 48 "-" "node-superagent/3.8.3"

error: uncaughtException: expected 500 to equal 200
AssertionError: expected 500 to equal 200
    at Test.<anonymous> (tests\integration\order.test.ts:122:37)
    at Test.assert (node_modules\supertest\lib\test.js:181:6)
    at Server.localAssert (node_modules\supertest\lib\test.js:131:12)
    at Object.onceWrapper (node:events:641:28)
    at Server.emit (node:events:527:28)
    at Server.emit (node:domain:475:12)
    at emitCloseNT (node:net:1728:8)
    at processTicksAndRejections (node:internal/process/task_queues:82:21) {"date":"Wed Aug 21 2024 11:27:27 GMT+0530 (India Standard Time)","error":{"actual":"500","expected":"200","message":"expected 500 to equal 200","name":"AssertionError","operator":"strictEqual","showDiff":true,"stack":"AssertionError: expected 500 to equal 200\n    at Test.<anonymous> (tests\\integration\\order.test.ts:122:37)\n    at Test.assert (node_modules\\supertest\\lib\\test.js:181:6)\n    at Server.localAssert (node_modules\\supertest\\lib\\test.js:131:12)\n    at Object.onceWrapper (node:events:641:28)\n    at Server.emit (node:events:527:28)\n    at Server.emit (node:domain:475:12)\n    at emitCloseNT (node:net:1728:8)\n    at processTicksAndRejections (node:internal/process/task_queues:82:21)","uncaught":true},"exception":true,"os":{"loadavg":[0,0,0],"uptime":411589},"process":{"argv":["C:\\Program Files\\nodejs\\node.exe","D:\\New folder\\bookStore\\node_modules\\mocha\\bin\\mocha","--exit","--recursive","--require","ts-node/register","--timeout=5000","tests/integration/*.ts"],"cwd":"D:\\New folder\\bookStore","execPath":"C:\\Program Files\\nodejs\\node.exe","gid":null,"memoryUsage":{"arrayBuffers":1943466,"external":4508585,"heapTotal":221020160,"heapUsed":193950160,"rss":266391552},"pid":12456,"uid":null,"version":"v16.15.1"},"stack":"AssertionError: expected 500 to equal 200\n    at Test.<anonymous> (tests\\integration\\order.test.ts:122:37)\n    at Test.assert (node_modules\\supertest\\lib\\test.js:181:6)\n    at Server.localAssert (node_modules\\supertest\\lib\\test.js:131:12)\n    at Object.onceWrapper (node:events:641:28)\n    at Server.emit (node:events:527:28)\n    at Server.emit (node:domain:475:12)\n    at emitCloseNT (node:net:1728:8)\n    at processTicksAndRejections (node:internal/process/task_queues:82:21)","trace":[{"column":37,"file":"tests\\integration\\order.test.ts","function":null,"line":122,"method":null,"native":false},{"column":6,"file":"node_modules\\supertest\\lib\\test.js","function":"Test.assert","line":181,"method":"assert","native":false},{"column":12,"file":"node_modules\\supertest\\lib\\test.js","function":"Server.localAssert","line":131,"method":"localAssert","native":false},{"column":28,"file":"node:events","function":"Object.onceWrapper","line":641,"method":"onceWrapper","native":false},{"column":28,"file":"node:events","function":"Server.emit","line":527,"method":"emit","native":false},{"column":12,"file":"node:domain","function":"Server.emit","line":475,"method":"emit","native":false},{"column":8,"file":"node:net","function":"emitCloseNT","line":1728,"method":null,"native":false},{"column":21,"file":"node:internal/process/task_queues","function":"processTicksAndRejections","line":82,"method":null,"native":false}]}
info: ::ffff:127.0.0.1 - - [21/Aug/2024:05:57:27 +0000] "POST /api/v1/users/login/delete HTTP/1.1" 500 48 "-" "node-superagent/3.8.3"

error: uncaughtException: expected 500 to equal 200
AssertionError: expected 500 to equal 200
    at Test.<anonymous> (tests\integration\order.test.ts:135:37)
    at Test.assert (node_modules\supertest\lib\test.js:181:6)
    at Server.localAssert (node_modules\supertest\lib\test.js:131:12)
    at Object.onceWrapper (node:events:641:28)
    at Server.emit (node:events:527:28)
    at Server.emit (node:domain:475:12)
    at emitCloseNT (node:net:1728:8)
    at processTicksAndRejections (node:internal/process/task_queues:82:21) {"date":"Wed Aug 21 2024 11:27:27 GMT+0530 (India Standard Time)","error":{"actual":"500","expected":"200","message":"expected 500 to equal 200","name":"AssertionError","operator":"strictEqual","showDiff":true,"stack":"AssertionError: expected 500 to equal 200\n    at Test.<anonymous> (tests\\integration\\order.test.ts:135:37)\n    at Test.assert (node_modules\\supertest\\lib\\test.js:181:6)\n    at Server.localAssert (node_modules\\supertest\\lib\\test.js:131:12)\n    at Object.onceWrapper (node:events:641:28)\n    at Server.emit (node:events:527:28)\n    at Server.emit (node:domain:475:12)\n    at emitCloseNT (node:net:1728:8)\n    at processTicksAndRejections (node:internal/process/task_queues:82:21)","uncaught":true},"exception":true,"os":{"loadavg":[0,0,0],"uptime":411590},"process":{"argv":["C:\\Program Files\\nodejs\\node.exe","D:\\New folder\\bookStore\\node_modules\\mocha\\bin\\mocha","--exit","--recursive","--require","ts-node/register","--timeout=5000","tests/integration/*.ts"],"cwd":"D:\\New folder\\bookStore","execPath":"C:\\Program Files\\nodejs\\node.exe","gid":null,"memoryUsage":{"arrayBuffers":1875523,"external":4509738,"heapTotal":222593024,"heapUsed":188015328,"rss":267620352},"pid":12456,"uid":null,"version":"v16.15.1"},"stack":"AssertionError: expected 500 to equal 200\n    at Test.<anonymous> (tests\\integration\\order.test.ts:135:37)\n    at Test.assert (node_modules\\supertest\\lib\\test.js:181:6)\n    at Server.localAssert (node_modules\\supertest\\lib\\test.js:131:12)\n    at Object.onceWrapper (node:events:641:28)\n    at Server.emit (node:events:527:28)\n    at Server.emit (node:domain:475:12)\n    at emitCloseNT (node:net:1728:8)\n    at processTicksAndRejections (node:internal/process/task_queues:82:21)","trace":[{"column":37,"file":"tests\\integration\\order.test.ts","function":null,"line":135,"method":null,"native":false},{"column":6,"file":"node_modules\\supertest\\lib\\test.js","function":"Test.assert","line":181,"method":"assert","native":false},{"column":12,"file":"node_modules\\supertest\\lib\\test.js","function":"Server.localAssert","line":131,"method":"localAssert","native":false},{"column":28,"file":"node:events","function":"Object.onceWrapper","line":641,"method":"onceWrapper","native":false},{"column":28,"file":"node:events","function":"Server.emit","line":527,"method":"emit","native":false},{"column":12,"file":"node:domain","function":"Server.emit","line":475,"method":"emit","native":false},{"column":8,"file":"node:net","function":"emitCloseNT","line":1728,"method":null,"native":false},{"column":21,"file":"node:internal/process/task_queues","function":"processTicksAndRejections","line":82,"method":null,"native":false}]}
info: ::ffff:127.0.0.1 - - [21/Aug/2024:05:57:27 +0000] "POST /api/v1/users/ HTTP/1.1" 201 50 "-" "node-superagent/3.8.3"

info: ::ffff:127.0.0.1 - - [21/Aug/2024:05:57:27 +0000] "POST /api/v1/users/admin HTTP/1.1" 201 50 "-" "node-superagent/3.8.3"

info: ::ffff:127.0.0.1 - - [21/Aug/2024:05:57:28 +0000] "POST /api/v1/users/login/ HTTP/1.1" 200 79 "-" "node-superagent/3.8.3"

info: ::ffff:127.0.0.1 - - [21/Aug/2024:05:57:28 +0000] "POST /api/v1/users/login/ HTTP/1.1" 200 79 "-" "node-superagent/3.8.3"

error: uncaughtException: expected 500 to equal 200
AssertionError: expected 500 to equal 200
    at Test.<anonymous> (tests\integration\user.test.ts:87:37)
    at Test.assert (node_modules\supertest\lib\test.js:181:6)
    at Server.localAssert (node_modules\supertest\lib\test.js:131:12)
    at Object.onceWrapper (node:events:641:28)
    at Server.emit (node:events:527:28)
    at Server.emit (node:domain:475:12)
    at emitCloseNT (node:net:1728:8)
    at processTicksAndRejections (node:internal/process/task_queues:82:21) {"date":"Wed Aug 21 2024 11:27:28 GMT+0530 (India Standard Time)","error":{"actual":"500","expected":"200","message":"expected 500 to equal 200","name":"AssertionError","operator":"strictEqual","showDiff":true,"stack":"AssertionError: expected 500 to equal 200\n    at Test.<anonymous> (tests\\integration\\user.test.ts:87:37)\n    at Test.assert (node_modules\\supertest\\lib\\test.js:181:6)\n    at Server.localAssert (node_modules\\supertest\\lib\\test.js:131:12)\n    at Object.onceWrapper (node:events:641:28)\n    at Server.emit (node:events:527:28)\n    at Server.emit (node:domain:475:12)\n    at emitCloseNT (node:net:1728:8)\n    at processTicksAndRejections (node:internal/process/task_queues:82:21)","uncaught":true},"exception":true,"os":{"loadavg":[0,0,0],"uptime":411590},"process":{"argv":["C:\\Program Files\\nodejs\\node.exe","D:\\New folder\\bookStore\\node_modules\\mocha\\bin\\mocha","--exit","--recursive","--require","ts-node/register","--timeout=5000","tests/integration/*.ts"],"cwd":"D:\\New folder\\bookStore","execPath":"C:\\Program Files\\nodejs\\node.exe","gid":null,"memoryUsage":{"arrayBuffers":1897575,"external":4531790,"heapTotal":222593024,"heapUsed":191747096,"rss":267788288},"pid":12456,"uid":null,"version":"v16.15.1"},"stack":"AssertionError: expected 500 to equal 200\n    at Test.<anonymous> (tests\\integration\\user.test.ts:87:37)\n    at Test.assert (node_modules\\supertest\\lib\\test.js:181:6)\n    at Server.localAssert (node_modules\\supertest\\lib\\test.js:131:12)\n    at Object.onceWrapper (node:events:641:28)\n    at Server.emit (node:events:527:28)\n    at Server.emit (node:domain:475:12)\n    at emitCloseNT (node:net:1728:8)\n    at processTicksAndRejections (node:internal/process/task_queues:82:21)","trace":[{"column":37,"file":"tests\\integration\\user.test.ts","function":null,"line":87,"method":null,"native":false},{"column":6,"file":"node_modules\\supertest\\lib\\test.js","function":"Test.assert","line":181,"method":"assert","native":false},{"column":12,"file":"node_modules\\supertest\\lib\\test.js","function":"Server.localAssert","line":131,"method":"localAssert","native":false},{"column":28,"file":"node:events","function":"Object.onceWrapper","line":641,"method":"onceWrapper","native":false},{"column":28,"file":"node:events","function":"Server.emit","line":527,"method":"emit","native":false},{"column":12,"file":"node:domain","function":"Server.emit","line":475,"method":"emit","native":false},{"column":8,"file":"node:net","function":"emitCloseNT","line":1728,"method":null,"native":false},{"column":21,"file":"node:internal/process/task_queues","function":"processTicksAndRejections","line":82,"method":null,"native":false}]}
error: uncaughtException: expected 500 to equal 200
AssertionError: expected 500 to equal 200
    at Test.<anonymous> (tests\integration\user.test.ts:87:37)
    at Test.assert (node_modules\supertest\lib\test.js:181:6)
    at Server.localAssert (node_modules\supertest\lib\test.js:131:12)
    at Object.onceWrapper (node:events:641:28)
    at Server.emit (node:events:527:28)
    at Server.emit (node:domain:475:12)
    at emitCloseNT (node:net:1728:8)
    at processTicksAndRejections (node:internal/process/task_queues:82:21) {"date":"Wed Aug 21 2024 11:27:28 GMT+0530 (India Standard Time)","error":{"actual":"500","expected":"200","message":"expected 500 to equal 200","name":"AssertionError","operator":"strictEqual","showDiff":true,"stack":"AssertionError: expected 500 to equal 200\n    at Test.<anonymous> (tests\\integration\\user.test.ts:87:37)\n    at Test.assert (node_modules\\supertest\\lib\\test.js:181:6)\n    at Server.localAssert (node_modules\\supertest\\lib\\test.js:131:12)\n    at Object.onceWrapper (node:events:641:28)\n    at Server.emit (node:events:527:28)\n    at Server.emit (node:domain:475:12)\n    at emitCloseNT (node:net:1728:8)\n    at processTicksAndRejections (node:internal/process/task_queues:82:21)","uncaught":true},"exception":true,"os":{"loadavg":[0,0,0],"uptime":411590},"process":{"argv":["C:\\Program Files\\nodejs\\node.exe","D:\\New folder\\bookStore\\node_modules\\mocha\\bin\\mocha","--exit","--recursive","--require","ts-node/register","--timeout=5000","tests/integration/*.ts"],"cwd":"D:\\New folder\\bookStore","execPath":"C:\\Program Files\\nodejs\\node.exe","gid":null,"memoryUsage":{"arrayBuffers":1905767,"external":4539982,"heapTotal":222593024,"heapUsed":191793440,"rss":267788288},"pid":12456,"uid":null,"version":"v16.15.1"},"stack":"AssertionError: expected 500 to equal 200\n    at Test.<anonymous> (tests\\integration\\user.test.ts:87:37)\n    at Test.assert (node_modules\\supertest\\lib\\test.js:181:6)\n    at Server.localAssert (node_modules\\supertest\\lib\\test.js:131:12)\n    at Object.onceWrapper (node:events:641:28)\n    at Server.emit (node:events:527:28)\n    at Server.emit (node:domain:475:12)\n    at emitCloseNT (node:net:1728:8)\n    at processTicksAndRejections (node:internal/process/task_queues:82:21)","trace":[{"column":37,"file":"tests\\integration\\user.test.ts","function":null,"line":87,"method":null,"native":false},{"column":6,"file":"node_modules\\supertest\\lib\\test.js","function":"Test.assert","line":181,"method":"assert","native":false},{"column":12,"file":"node_modules\\supertest\\lib\\test.js","function":"Server.localAssert","line":131,"method":"localAssert","native":false},{"column":28,"file":"node:events","function":"Object.onceWrapper","line":641,"method":"onceWrapper","native":false},{"column":28,"file":"node:events","function":"Server.emit","line":527,"method":"emit","native":false},{"column":12,"file":"node:domain","function":"Server.emit","line":475,"method":"emit","native":false},{"column":8,"file":"node:net","function":"emitCloseNT","line":1728,"method":null,"native":false},{"column":21,"file":"node:internal/process/task_queues","function":"processTicksAndRejections","line":82,"method":null,"native":false}]}
error: uncaughtException: expected 500 to equal 200
AssertionError: expected 500 to equal 200
    at Test.<anonymous> (tests\integration\user.test.ts:87:37)
    at Test.assert (node_modules\supertest\lib\test.js:181:6)
    at Server.localAssert (node_modules\supertest\lib\test.js:131:12)
    at Object.onceWrapper (node:events:641:28)
    at Server.emit (node:events:527:28)
    at Server.emit (node:domain:475:12)
    at emitCloseNT (node:net:1728:8)
    at processTicksAndRejections (node:internal/process/task_queues:82:21) {"date":"Wed Aug 21 2024 11:27:28 GMT+0530 (India Standard Time)","error":{"actual":"500","expected":"200","message":"expected 500 to equal 200","name":"AssertionError","operator":"strictEqual","showDiff":true,"stack":"AssertionError: expected 500 to equal 200\n    at Test.<anonymous> (tests\\integration\\user.test.ts:87:37)\n    at Test.assert (node_modules\\supertest\\lib\\test.js:181:6)\n    at Server.localAssert (node_modules\\supertest\\lib\\test.js:131:12)\n    at Object.onceWrapper (node:events:641:28)\n    at Server.emit (node:events:527:28)\n    at Server.emit (node:domain:475:12)\n    at emitCloseNT (node:net:1728:8)\n    at processTicksAndRejections (node:internal/process/task_queues:82:21)","uncaught":true},"exception":true,"os":{"loadavg":[0,0,0],"uptime":411590},"process":{"argv":["C:\\Program Files\\nodejs\\node.exe","D:\\New folder\\bookStore\\node_modules\\mocha\\bin\\mocha","--exit","--recursive","--require","ts-node/register","--timeout=5000","tests/integration/*.ts"],"cwd":"D:\\New folder\\bookStore","execPath":"C:\\Program Files\\nodejs\\node.exe","gid":null,"memoryUsage":{"arrayBuffers":1905767,"external":4539982,"heapTotal":222593024,"heapUsed":191839704,"rss":267788288},"pid":12456,"uid":null,"version":"v16.15.1"},"stack":"AssertionError: expected 500 to equal 200\n    at Test.<anonymous> (tests\\integration\\user.test.ts:87:37)\n    at Test.assert (node_modules\\supertest\\lib\\test.js:181:6)\n    at Server.localAssert (node_modules\\supertest\\lib\\test.js:131:12)\n    at Object.onceWrapper (node:events:641:28)\n    at Server.emit (node:events:527:28)\n    at Server.emit (node:domain:475:12)\n    at emitCloseNT (node:net:1728:8)\n    at processTicksAndRejections (node:internal/process/task_queues:82:21)","trace":[{"column":37,"file":"tests\\integration\\user.test.ts","function":null,"line":87,"method":null,"native":false},{"column":6,"file":"node_modules\\supertest\\lib\\test.js","function":"Test.assert","line":181,"method":"assert","native":false},{"column":12,"file":"node_modules\\supertest\\lib\\test.js","function":"Server.localAssert","line":131,"method":"localAssert","native":false},{"column":28,"file":"node:events","function":"Object.onceWrapper","line":641,"method":"onceWrapper","native":false},{"column":28,"file":"node:events","function":"Server.emit","line":527,"method":"emit","native":false},{"column":12,"file":"node:domain","function":"Server.emit","line":475,"method":"emit","native":false},{"column":8,"file":"node:net","function":"emitCloseNT","line":1728,"method":null,"native":false},{"column":21,"file":"node:internal/process/task_queues","function":"processTicksAndRejections","line":82,"method":null,"native":false}]}
error: uncaughtException: expected 500 to equal 200
AssertionError: expected 500 to equal 200
    at Test.<anonymous> (tests\integration\user.test.ts:87:37)
    at Test.assert (node_modules\supertest\lib\test.js:181:6)
    at Server.localAssert (node_modules\supertest\lib\test.js:131:12)
    at Object.onceWrapper (node:events:641:28)
    at Server.emit (node:events:527:28)
    at Server.emit (node:domain:475:12)
    at emitCloseNT (node:net:1728:8)
    at processTicksAndRejections (node:internal/process/task_queues:82:21) {"date":"Wed Aug 21 2024 11:27:28 GMT+0530 (India Standard Time)","error":{"actual":"500","expected":"200","message":"expected 500 to equal 200","name":"AssertionError","operator":"strictEqual","showDiff":true,"stack":"AssertionError: expected 500 to equal 200\n    at Test.<anonymous> (tests\\integration\\user.test.ts:87:37)\n    at Test.assert (node_modules\\supertest\\lib\\test.js:181:6)\n    at Server.localAssert (node_modules\\supertest\\lib\\test.js:131:12)\n    at Object.onceWrapper (node:events:641:28)\n    at Server.emit (node:events:527:28)\n    at Server.emit (node:domain:475:12)\n    at emitCloseNT (node:net:1728:8)\n    at processTicksAndRejections (node:internal/process/task_queues:82:21)","uncaught":true},"exception":true,"os":{"loadavg":[0,0,0],"uptime":411590},"process":{"argv":["C:\\Program Files\\nodejs\\node.exe","D:\\New folder\\bookStore\\node_modules\\mocha\\bin\\mocha","--exit","--recursive","--require","ts-node/register","--timeout=5000","tests/integration/*.ts"],"cwd":"D:\\New folder\\bookStore","execPath":"C:\\Program Files\\nodejs\\node.exe","gid":null,"memoryUsage":{"arrayBuffers":1913959,"external":4548174,"heapTotal":222593024,"heapUsed":191886032,"rss":267788288},"pid":12456,"uid":null,"version":"v16.15.1"},"stack":"AssertionError: expected 500 to equal 200\n    at Test.<anonymous> (tests\\integration\\user.test.ts:87:37)\n    at Test.assert (node_modules\\supertest\\lib\\test.js:181:6)\n    at Server.localAssert (node_modules\\supertest\\lib\\test.js:131:12)\n    at Object.onceWrapper (node:events:641:28)\n    at Server.emit (node:events:527:28)\n    at Server.emit (node:domain:475:12)\n    at emitCloseNT (node:net:1728:8)\n    at processTicksAndRejections (node:internal/process/task_queues:82:21)","trace":[{"column":37,"file":"tests\\integration\\user.test.ts","function":null,"line":87,"method":null,"native":false},{"column":6,"file":"node_modules\\supertest\\lib\\test.js","function":"Test.assert","line":181,"method":"assert","native":false},{"column":12,"file":"node_modules\\supertest\\lib\\test.js","function":"Server.localAssert","line":131,"method":"localAssert","native":false},{"column":28,"file":"node:events","function":"Object.onceWrapper","line":641,"method":"onceWrapper","native":false},{"column":28,"file":"node:events","function":"Server.emit","line":527,"method":"emit","native":false},{"column":12,"file":"node:domain","function":"Server.emit","line":475,"method":"emit","native":false},{"column":8,"file":"node:net","function":"emitCloseNT","line":1728,"method":null,"native":false},{"column":21,"file":"node:internal/process/task_queues","function":"processTicksAndRejections","line":82,"method":null,"native":false}]}
info: ::ffff:127.0.0.1 - - [21/Aug/2024:05:57:28 +0000] "POST /api/v1/users/admin/delete HTTP/1.1" 500 48 "-" "node-superagent/3.8.3"

error: uncaughtException: expected 500 to equal 200
AssertionError: expected 500 to equal 200
    at Test.<anonymous> (tests\integration\user.test.ts:87:37)
    at Test.assert (node_modules\supertest\lib\test.js:181:6)
    at Server.localAssert (node_modules\supertest\lib\test.js:131:12)
    at Object.onceWrapper (node:events:641:28)
    at Server.emit (node:events:527:28)
    at Server.emit (node:domain:475:12)
    at emitCloseNT (node:net:1728:8)
    at processTicksAndRejections (node:internal/process/task_queues:82:21) {"date":"Wed Aug 21 2024 11:27:28 GMT+0530 (India Standard Time)","error":{"actual":"500","expected":"200","message":"expected 500 to equal 200","name":"AssertionError","operator":"strictEqual","showDiff":true,"stack":"AssertionError: expected 500 to equal 200\n    at Test.<anonymous> (tests\\integration\\user.test.ts:87:37)\n    at Test.assert (node_modules\\supertest\\lib\\test.js:181:6)\n    at Server.localAssert (node_modules\\supertest\\lib\\test.js:131:12)\n    at Object.onceWrapper (node:events:641:28)\n    at Server.emit (node:events:527:28)\n    at Server.emit (node:domain:475:12)\n    at emitCloseNT (node:net:1728:8)\n    at processTicksAndRejections (node:internal/process/task_queues:82:21)","uncaught":true},"exception":true,"os":{"loadavg":[0,0,0],"uptime":411590},"process":{"argv":["C:\\Program Files\\nodejs\\node.exe","D:\\New folder\\bookStore\\node_modules\\mocha\\bin\\mocha","--exit","--recursive","--require","ts-node/register","--timeout=5000","tests/integration/*.ts"],"cwd":"D:\\New folder\\bookStore","execPath":"C:\\Program Files\\nodejs\\node.exe","gid":null,"memoryUsage":{"arrayBuffers":1913959,"external":4548174,"heapTotal":222593024,"heapUsed":191932192,"rss":267788288},"pid":12456,"uid":null,"version":"v16.15.1"},"stack":"AssertionError: expected 500 to equal 200\n    at Test.<anonymous> (tests\\integration\\user.test.ts:87:37)\n    at Test.assert (node_modules\\supertest\\lib\\test.js:181:6)\n    at Server.localAssert (node_modules\\supertest\\lib\\test.js:131:12)\n    at Object.onceWrapper (node:events:641:28)\n    at Server.emit (node:events:527:28)\n    at Server.emit (node:domain:475:12)\n    at emitCloseNT (node:net:1728:8)\n    at processTicksAndRejections (node:internal/process/task_queues:82:21)","trace":[{"column":37,"file":"tests\\integration\\user.test.ts","function":null,"line":87,"method":null,"native":false},{"column":6,"file":"node_modules\\supertest\\lib\\test.js","function":"Test.assert","line":181,"method":"assert","native":false},{"column":12,"file":"node_modules\\supertest\\lib\\test.js","function":"Server.localAssert","line":131,"method":"localAssert","native":false},{"column":28,"file":"node:events","function":"Object.onceWrapper","line":641,"method":"onceWrapper","native":false},{"column":28,"file":"node:events","function":"Server.emit","line":527,"method":"emit","native":false},{"column":12,"file":"node:domain","function":"Server.emit","line":475,"method":"emit","native":false},{"column":8,"file":"node:net","function":"emitCloseNT","line":1728,"method":null,"native":false},{"column":21,"file":"node:internal/process/task_queues","function":"processTicksAndRejections","line":82,"method":null,"native":false}]}
info: ::ffff:127.0.0.1 - - [21/Aug/2024:05:57:28 +0000] "POST /api/v1/users/login/delete HTTP/1.1" 500 48 "-" "node-superagent/3.8.3"

error: uncaughtException: expected 500 to equal 200
AssertionError: expected 500 to equal 200
    at Test.<anonymous> (tests\integration\user.test.ts:100:37)
    at Test.assert (node_modules\supertest\lib\test.js:181:6)
    at Server.localAssert (node_modules\supertest\lib\test.js:131:12)
    at Object.onceWrapper (node:events:641:28)
    at Server.emit (node:events:527:28)
    at Server.emit (node:domain:475:12)
    at emitCloseNT (node:net:1728:8)
    at processTicksAndRejections (node:internal/process/task_queues:82:21) {"date":"Wed Aug 21 2024 11:27:28 GMT+0530 (India Standard Time)","error":{"actual":"500","expected":"200","message":"expected 500 to equal 200","name":"AssertionError","operator":"strictEqual","showDiff":true,"stack":"AssertionError: expected 500 to equal 200\n    at Test.<anonymous> (tests\\integration\\user.test.ts:100:37)\n    at Test.assert (node_modules\\supertest\\lib\\test.js:181:6)\n    at Server.localAssert (node_modules\\supertest\\lib\\test.js:131:12)\n    at Object.onceWrapper (node:events:641:28)\n    at Server.emit (node:events:527:28)\n    at Server.emit (node:domain:475:12)\n    at emitCloseNT (node:net:1728:8)\n    at processTicksAndRejections (node:internal/process/task_queues:82:21)","uncaught":true},"exception":true,"os":{"loadavg":[0,0,0],"uptime":411590},"process":{"argv":["C:\\Program Files\\nodejs\\node.exe","D:\\New folder\\bookStore\\node_modules\\mocha\\bin\\mocha","--exit","--recursive","--require","ts-node/register","--timeout=5000","tests/integration/*.ts"],"cwd":"D:\\New folder\\bookStore","execPath":"C:\\Program Files\\nodejs\\node.exe","gid":null,"memoryUsage":{"arrayBuffers":1923304,"external":4557519,"heapTotal":222593024,"heapUsed":193959112,"rss":267845632},"pid":12456,"uid":null,"version":"v16.15.1"},"stack":"AssertionError: expected 500 to equal 200\n    at Test.<anonymous> (tests\\integration\\user.test.ts:100:37)\n    at Test.assert (node_modules\\supertest\\lib\\test.js:181:6)\n    at Server.localAssert (node_modules\\supertest\\lib\\test.js:131:12)\n    at Object.onceWrapper (node:events:641:28)\n    at Server.emit (node:events:527:28)\n    at Server.emit (node:domain:475:12)\n    at emitCloseNT (node:net:1728:8)\n    at processTicksAndRejections (node:internal/process/task_queues:82:21)","trace":[{"column":37,"file":"tests\\integration\\user.test.ts","function":null,"line":100,"method":null,"native":false},{"column":6,"file":"node_modules\\supertest\\lib\\test.js","function":"Test.assert","line":181,"method":"assert","native":false},{"column":12,"file":"node_modules\\supertest\\lib\\test.js","function":"Server.localAssert","line":131,"method":"localAssert","native":false},{"column":28,"file":"node:events","function":"Object.onceWrapper","line":641,"method":"onceWrapper","native":false},{"column":28,"file":"node:events","function":"Server.emit","line":527,"method":"emit","native":false},{"column":12,"file":"node:domain","function":"Server.emit","line":475,"method":"emit","native":false},{"column":8,"file":"node:net","function":"emitCloseNT","line":1728,"method":null,"native":false},{"column":21,"file":"node:internal/process/task_queues","function":"processTicksAndRejections","line":82,"method":null,"native":false}]}
info: ::ffff:127.0.0.1 - - [21/Aug/2024:05:57:28 +0000] "POST /api/v1/users/ HTTP/1.1" 201 50 "-" "node-superagent/3.8.3"

info: ::ffff:127.0.0.1 - - [21/Aug/2024:05:57:28 +0000] "POST /api/v1/users/admin HTTP/1.1" 201 50 "-" "node-superagent/3.8.3"

info: ::ffff:127.0.0.1 - - [21/Aug/2024:05:57:28 +0000] "POST /api/v1/users/login/ HTTP/1.1" 200 79 "-" "node-superagent/3.8.3"

info: ::ffff:127.0.0.1 - - [21/Aug/2024:05:57:28 +0000] "POST /api/v1/users/login/ HTTP/1.1" 200 79 "-" "node-superagent/3.8.3"

error: uncaughtException: expected 500 to equal 200
AssertionError: expected 500 to equal 200
    at Test.<anonymous> (tests\integration\wishlist.test.ts:93:37)
    at Test.assert (node_modules\supertest\lib\test.js:181:6)
    at Server.localAssert (node_modules\supertest\lib\test.js:131:12)
    at Object.onceWrapper (node:events:641:28)
    at Server.emit (node:events:527:28)
    at Server.emit (node:domain:475:12)
    at emitCloseNT (node:net:1728:8)
    at processTicksAndRejections (node:internal/process/task_queues:82:21) {"date":"Wed Aug 21 2024 11:27:29 GMT+0530 (India Standard Time)","error":{"actual":"500","expected":"200","message":"expected 500 to equal 200","name":"AssertionError","operator":"strictEqual","showDiff":true,"stack":"AssertionError: expected 500 to equal 200\n    at Test.<anonymous> (tests\\integration\\wishlist.test.ts:93:37)\n    at Test.assert (node_modules\\supertest\\lib\\test.js:181:6)\n    at Server.localAssert (node_modules\\supertest\\lib\\test.js:131:12)\n    at Object.onceWrapper (node:events:641:28)\n    at Server.emit (node:events:527:28)\n    at Server.emit (node:domain:475:12)\n    at emitCloseNT (node:net:1728:8)\n    at processTicksAndRejections (node:internal/process/task_queues:82:21)","uncaught":true},"exception":true,"os":{"loadavg":[0,0,0],"uptime":411591},"process":{"argv":["C:\\Program Files\\nodejs\\node.exe","D:\\New folder\\bookStore\\node_modules\\mocha\\bin\\mocha","--exit","--recursive","--require","ts-node/register","--timeout=5000","tests/integration/*.ts"],"cwd":"D:\\New folder\\bookStore","execPath":"C:\\Program Files\\nodejs\\node.exe","gid":null,"memoryUsage":{"arrayBuffers":1947370,"external":4581585,"heapTotal":222855168,"heapUsed":198170920,"rss":268070912},"pid":12456,"uid":null,"version":"v16.15.1"},"stack":"AssertionError: expected 500 to equal 200\n    at Test.<anonymous> (tests\\integration\\wishlist.test.ts:93:37)\n    at Test.assert (node_modules\\supertest\\lib\\test.js:181:6)\n    at Server.localAssert (node_modules\\supertest\\lib\\test.js:131:12)\n    at Object.onceWrapper (node:events:641:28)\n    at Server.emit (node:events:527:28)\n    at Server.emit (node:domain:475:12)\n    at emitCloseNT (node:net:1728:8)\n    at processTicksAndRejections (node:internal/process/task_queues:82:21)","trace":[{"column":37,"file":"tests\\integration\\wishlist.test.ts","function":null,"line":93,"method":null,"native":false},{"column":6,"file":"node_modules\\supertest\\lib\\test.js","function":"Test.assert","line":181,"method":"assert","native":false},{"column":12,"file":"node_modules\\supertest\\lib\\test.js","function":"Server.localAssert","line":131,"method":"localAssert","native":false},{"column":28,"file":"node:events","function":"Object.onceWrapper","line":641,"method":"onceWrapper","native":false},{"column":28,"file":"node:events","function":"Server.emit","line":527,"method":"emit","native":false},{"column":12,"file":"node:domain","function":"Server.emit","line":475,"method":"emit","native":false},{"column":8,"file":"node:net","function":"emitCloseNT","line":1728,"method":null,"native":false},{"column":21,"file":"node:internal/process/task_queues","function":"processTicksAndRejections","line":82,"method":null,"native":false}]}
error: uncaughtException: expected 500 to equal 200
AssertionError: expected 500 to equal 200
    at Test.<anonymous> (tests\integration\wishlist.test.ts:93:37)
    at Test.assert (node_modules\supertest\lib\test.js:181:6)
    at Server.localAssert (node_modules\supertest\lib\test.js:131:12)
    at Object.onceWrapper (node:events:641:28)
    at Server.emit (node:events:527:28)
    at Server.emit (node:domain:475:12)
    at emitCloseNT (node:net:1728:8)
    at processTicksAndRejections (node:internal/process/task_queues:82:21) {"date":"Wed Aug 21 2024 11:27:29 GMT+0530 (India Standard Time)","error":{"actual":"500","expected":"200","message":"expected 500 to equal 200","name":"AssertionError","operator":"strictEqual","showDiff":true,"stack":"AssertionError: expected 500 to equal 200\n    at Test.<anonymous> (tests\\integration\\wishlist.test.ts:93:37)\n    at Test.assert (node_modules\\supertest\\lib\\test.js:181:6)\n    at Server.localAssert (node_modules\\supertest\\lib\\test.js:131:12)\n    at Object.onceWrapper (node:events:641:28)\n    at Server.emit (node:events:527:28)\n    at Server.emit (node:domain:475:12)\n    at emitCloseNT (node:net:1728:8)\n    at processTicksAndRejections (node:internal/process/task_queues:82:21)","uncaught":true},"exception":true,"os":{"loadavg":[0,0,0],"uptime":411591},"process":{"argv":["C:\\Program Files\\nodejs\\node.exe","D:\\New folder\\bookStore\\node_modules\\mocha\\bin\\mocha","--exit","--recursive","--require","ts-node/register","--timeout=5000","tests/integration/*.ts"],"cwd":"D:\\New folder\\bookStore","execPath":"C:\\Program Files\\nodejs\\node.exe","gid":null,"memoryUsage":{"arrayBuffers":1955562,"external":4589777,"heapTotal":222855168,"heapUsed":198217160,"rss":268070912},"pid":12456,"uid":null,"version":"v16.15.1"},"stack":"AssertionError: expected 500 to equal 200\n    at Test.<anonymous> (tests\\integration\\wishlist.test.ts:93:37)\n    at Test.assert (node_modules\\supertest\\lib\\test.js:181:6)\n    at Server.localAssert (node_modules\\supertest\\lib\\test.js:131:12)\n    at Object.onceWrapper (node:events:641:28)\n    at Server.emit (node:events:527:28)\n    at Server.emit (node:domain:475:12)\n    at emitCloseNT (node:net:1728:8)\n    at processTicksAndRejections (node:internal/process/task_queues:82:21)","trace":[{"column":37,"file":"tests\\integration\\wishlist.test.ts","function":null,"line":93,"method":null,"native":false},{"column":6,"file":"node_modules\\supertest\\lib\\test.js","function":"Test.assert","line":181,"method":"assert","native":false},{"column":12,"file":"node_modules\\supertest\\lib\\test.js","function":"Server.localAssert","line":131,"method":"localAssert","native":false},{"column":28,"file":"node:events","function":"Object.onceWrapper","line":641,"method":"onceWrapper","native":false},{"column":28,"file":"node:events","function":"Server.emit","line":527,"method":"emit","native":false},{"column":12,"file":"node:domain","function":"Server.emit","line":475,"method":"emit","native":false},{"column":8,"file":"node:net","function":"emitCloseNT","line":1728,"method":null,"native":false},{"column":21,"file":"node:internal/process/task_queues","function":"processTicksAndRejections","line":82,"method":null,"native":false}]}
error: uncaughtException: expected 500 to equal 200
AssertionError: expected 500 to equal 200
    at Test.<anonymous> (tests\integration\wishlist.test.ts:93:37)
    at Test.assert (node_modules\supertest\lib\test.js:181:6)
    at Server.localAssert (node_modules\supertest\lib\test.js:131:12)
    at Object.onceWrapper (node:events:641:28)
    at Server.emit (node:events:527:28)
    at Server.emit (node:domain:475:12)
    at emitCloseNT (node:net:1728:8)
    at processTicksAndRejections (node:internal/process/task_queues:82:21) {"date":"Wed Aug 21 2024 11:27:29 GMT+0530 (India Standard Time)","error":{"actual":"500","expected":"200","message":"expected 500 to equal 200","name":"AssertionError","operator":"strictEqual","showDiff":true,"stack":"AssertionError: expected 500 to equal 200\n    at Test.<anonymous> (tests\\integration\\wishlist.test.ts:93:37)\n    at Test.assert (node_modules\\supertest\\lib\\test.js:181:6)\n    at Server.localAssert (node_modules\\supertest\\lib\\test.js:131:12)\n    at Object.onceWrapper (node:events:641:28)\n    at Server.emit (node:events:527:28)\n    at Server.emit (node:domain:475:12)\n    at emitCloseNT (node:net:1728:8)\n    at processTicksAndRejections (node:internal/process/task_queues:82:21)","uncaught":true},"exception":true,"os":{"loadavg":[0,0,0],"uptime":411591},"process":{"argv":["C:\\Program Files\\nodejs\\node.exe","D:\\New folder\\bookStore\\node_modules\\mocha\\bin\\mocha","--exit","--recursive","--require","ts-node/register","--timeout=5000","tests/integration/*.ts"],"cwd":"D:\\New folder\\bookStore","execPath":"C:\\Program Files\\nodejs\\node.exe","gid":null,"memoryUsage":{"arrayBuffers":1955562,"external":4589777,"heapTotal":222855168,"heapUsed":198263232,"rss":268070912},"pid":12456,"uid":null,"version":"v16.15.1"},"stack":"AssertionError: expected 500 to equal 200\n    at Test.<anonymous> (tests\\integration\\wishlist.test.ts:93:37)\n    at Test.assert (node_modules\\supertest\\lib\\test.js:181:6)\n    at Server.localAssert (node_modules\\supertest\\lib\\test.js:131:12)\n    at Object.onceWrapper (node:events:641:28)\n    at Server.emit (node:events:527:28)\n    at Server.emit (node:domain:475:12)\n    at emitCloseNT (node:net:1728:8)\n    at processTicksAndRejections (node:internal/process/task_queues:82:21)","trace":[{"column":37,"file":"tests\\integration\\wishlist.test.ts","function":null,"line":93,"method":null,"native":false},{"column":6,"file":"node_modules\\supertest\\lib\\test.js","function":"Test.assert","line":181,"method":"assert","native":false},{"column":12,"file":"node_modules\\supertest\\lib\\test.js","function":"Server.localAssert","line":131,"method":"localAssert","native":false},{"column":28,"file":"node:events","function":"Object.onceWrapper","line":641,"method":"onceWrapper","native":false},{"column":28,"file":"node:events","function":"Server.emit","line":527,"method":"emit","native":false},{"column":12,"file":"node:domain","function":"Server.emit","line":475,"method":"emit","native":false},{"column":8,"file":"node:net","function":"emitCloseNT","line":1728,"method":null,"native":false},{"column":21,"file":"node:internal/process/task_queues","function":"processTicksAndRejections","line":82,"method":null,"native":false}]}
error: uncaughtException: expected 500 to equal 200
AssertionError: expected 500 to equal 200
    at Test.<anonymous> (tests\integration\wishlist.test.ts:93:37)
    at Test.assert (node_modules\supertest\lib\test.js:181:6)
    at Server.localAssert (node_modules\supertest\lib\test.js:131:12)
    at Object.onceWrapper (node:events:641:28)
    at Server.emit (node:events:527:28)
    at Server.emit (node:domain:475:12)
    at emitCloseNT (node:net:1728:8)
    at processTicksAndRejections (node:internal/process/task_queues:82:21) {"date":"Wed Aug 21 2024 11:27:29 GMT+0530 (India Standard Time)","error":{"actual":"500","expected":"200","message":"expected 500 to equal 200","name":"AssertionError","operator":"strictEqual","showDiff":true,"stack":"AssertionError: expected 500 to equal 200\n    at Test.<anonymous> (tests\\integration\\wishlist.test.ts:93:37)\n    at Test.assert (node_modules\\supertest\\lib\\test.js:181:6)\n    at Server.localAssert (node_modules\\supertest\\lib\\test.js:131:12)\n    at Object.onceWrapper (node:events:641:28)\n    at Server.emit (node:events:527:28)\n    at Server.emit (node:domain:475:12)\n    at emitCloseNT (node:net:1728:8)\n    at processTicksAndRejections (node:internal/process/task_queues:82:21)","uncaught":true},"exception":true,"os":{"loadavg":[0,0,0],"uptime":411591},"process":{"argv":["C:\\Program Files\\nodejs\\node.exe","D:\\New folder\\bookStore\\node_modules\\mocha\\bin\\mocha","--exit","--recursive","--require","ts-node/register","--timeout=5000","tests/integration/*.ts"],"cwd":"D:\\New folder\\bookStore","execPath":"C:\\Program Files\\nodejs\\node.exe","gid":null,"memoryUsage":{"arrayBuffers":1963754,"external":4597969,"heapTotal":222855168,"heapUsed":198309472,"rss":268070912},"pid":12456,"uid":null,"version":"v16.15.1"},"stack":"AssertionError: expected 500 to equal 200\n    at Test.<anonymous> (tests\\integration\\wishlist.test.ts:93:37)\n    at Test.assert (node_modules\\supertest\\lib\\test.js:181:6)\n    at Server.localAssert (node_modules\\supertest\\lib\\test.js:131:12)\n    at Object.onceWrapper (node:events:641:28)\n    at Server.emit (node:events:527:28)\n    at Server.emit (node:domain:475:12)\n    at emitCloseNT (node:net:1728:8)\n    at processTicksAndRejections (node:internal/process/task_queues:82:21)","trace":[{"column":37,"file":"tests\\integration\\wishlist.test.ts","function":null,"line":93,"method":null,"native":false},{"column":6,"file":"node_modules\\supertest\\lib\\test.js","function":"Test.assert","line":181,"method":"assert","native":false},{"column":12,"file":"node_modules\\supertest\\lib\\test.js","function":"Server.localAssert","line":131,"method":"localAssert","native":false},{"column":28,"file":"node:events","function":"Object.onceWrapper","line":641,"method":"onceWrapper","native":false},{"column":28,"file":"node:events","function":"Server.emit","line":527,"method":"emit","native":false},{"column":12,"file":"node:domain","function":"Server.emit","line":475,"method":"emit","native":false},{"column":8,"file":"node:net","function":"emitCloseNT","line":1728,"method":null,"native":false},{"column":21,"file":"node:internal/process/task_queues","function":"processTicksAndRejections","line":82,"method":null,"native":false}]}
info: ::ffff:127.0.0.1 - - [21/Aug/2024:05:57:28 +0000] "POST /api/v1/wishlist/ HTTP/1.1" 500 48 "-" "node-superagent/3.8.3"

error: uncaughtException: expected 500 to equal 200
AssertionError: expected 500 to equal 200
    at Test.<anonymous> (tests\integration\wishlist.test.ts:93:37)
    at Test.assert (node_modules\supertest\lib\test.js:181:6)
    at Server.localAssert (node_modules\supertest\lib\test.js:131:12)
    at Object.onceWrapper (node:events:641:28)
    at Server.emit (node:events:527:28)
    at Server.emit (node:domain:475:12)
    at emitCloseNT (node:net:1728:8)
    at processTicksAndRejections (node:internal/process/task_queues:82:21) {"date":"Wed Aug 21 2024 11:27:29 GMT+0530 (India Standard Time)","error":{"actual":"500","expected":"200","message":"expected 500 to equal 200","name":"AssertionError","operator":"strictEqual","showDiff":true,"stack":"AssertionError: expected 500 to equal 200\n    at Test.<anonymous> (tests\\integration\\wishlist.test.ts:93:37)\n    at Test.assert (node_modules\\supertest\\lib\\test.js:181:6)\n    at Server.localAssert (node_modules\\supertest\\lib\\test.js:131:12)\n    at Object.onceWrapper (node:events:641:28)\n    at Server.emit (node:events:527:28)\n    at Server.emit (node:domain:475:12)\n    at emitCloseNT (node:net:1728:8)\n    at processTicksAndRejections (node:internal/process/task_queues:82:21)","uncaught":true},"exception":true,"os":{"loadavg":[0,0,0],"uptime":411591},"process":{"argv":["C:\\Program Files\\nodejs\\node.exe","D:\\New folder\\bookStore\\node_modules\\mocha\\bin\\mocha","--exit","--recursive","--require","ts-node/register","--timeout=5000","tests/integration/*.ts"],"cwd":"D:\\New folder\\bookStore","execPath":"C:\\Program Files\\nodejs\\node.exe","gid":null,"memoryUsage":{"arrayBuffers":1963754,"external":4597969,"heapTotal":222855168,"heapUsed":198355568,"rss":268070912},"pid":12456,"uid":null,"version":"v16.15.1"},"stack":"AssertionError: expected 500 to equal 200\n    at Test.<anonymous> (tests\\integration\\wishlist.test.ts:93:37)\n    at Test.assert (node_modules\\supertest\\lib\\test.js:181:6)\n    at Server.localAssert (node_modules\\supertest\\lib\\test.js:131:12)\n    at Object.onceWrapper (node:events:641:28)\n    at Server.emit (node:events:527:28)\n    at Server.emit (node:domain:475:12)\n    at emitCloseNT (node:net:1728:8)\n    at processTicksAndRejections (node:internal/process/task_queues:82:21)","trace":[{"column":37,"file":"tests\\integration\\wishlist.test.ts","function":null,"line":93,"method":null,"native":false},{"column":6,"file":"node_modules\\supertest\\lib\\test.js","function":"Test.assert","line":181,"method":"assert","native":false},{"column":12,"file":"node_modules\\supertest\\lib\\test.js","function":"Server.localAssert","line":131,"method":"localAssert","native":false},{"column":28,"file":"node:events","function":"Object.onceWrapper","line":641,"method":"onceWrapper","native":false},{"column":28,"file":"node:events","function":"Server.emit","line":527,"method":"emit","native":false},{"column":12,"file":"node:domain","function":"Server.emit","line":475,"method":"emit","native":false},{"column":8,"file":"node:net","function":"emitCloseNT","line":1728,"method":null,"native":false},{"column":21,"file":"node:internal/process/task_queues","function":"processTicksAndRejections","line":82,"method":null,"native":false}]}
